Wed Apr 10 14:29:55 2024: Running xcd server. This server was built by gradle.
Wed Apr 10 14:29:55 2024: Server was asked to start on port: '32799'
Wed Apr 10 14:29:55 2024: Server is using token UUID: '225815d5-8fab-4e09-a40f-5355ae1a83c2'
Wed Apr 10 14:29:55 2024: SESSION_MGR: creating session with session uuid: '6d04a3e9-ade5-4ab9-8d63-1f78fcd2ec76' and name 'default'
Wed Apr 10 14:29:55 2024: Attempting to start server on port '32799'
Wed Apr 10 14:29:55 2024: XCD main fifo: created main fifo '/tmp/xcdmain225815d5-8fab-4e09-a40f-5355ae1a83c2', fd read = 13
Wed Apr 10 14:29:55 2024: Running Dispatch Server
Wed Apr 10 14:29:55 2024: Version 2.2.0
Wed Apr 10 14:30:04 2024: Dispatch Server: Accepted socket connection from client
Wed Apr 10 14:30:04 2024: Starting Socket connection
Wed Apr 10 14:30:04 2024: EXCHANGE_TOKEN received, server token: 225815d5-8fab-4e09-a40f-5355ae1a83c2, passed token: 225815d5-8fab-4e09-a40f-5355ae1a83c2
Wed Apr 10 14:30:04 2024: SESSION_MGR: creating session with session uuid: '631967c6-1177-4ea3-b1b4-cec7a5c9b08c' and name 'vitis_hls'
Wed Apr 10 14:30:04 2024: KERNEL_SVC: creating session with uuid: '631967c6-1177-4ea3-b1b4-cec7a5c9b08c' and name 'vitis_hls'
Wed Apr 10 14:30:04 2024: GUIDANCE_SMGR: creating guidance session with uuid: '631967c6-1177-4ea3-b1b4-cec7a5c9b08c' and name 'vitis_hls'
Wed Apr 10 14:30:16 2024: STOP_SERVER received, server token: 225815d5-8fab-4e09-a40f-5355ae1a83c2, passed token: 225815d5-8fab-4e09-a40f-5355ae1a83c2
Wed Apr 10 14:30:16 2024: Socket received request to stop server.
Wed Apr 10 14:30:16 2024: Dispatch Server: do_await_stop
Wed Apr 10 14:30:16 2024: Dispatch Server: stopping mainFifo_
Wed Apr 10 14:30:16 2024: XCD main fifo: Stopping
Wed Apr 10 14:30:16 2024: XCD main fifo: do_read error code: Operation canceled
Wed Apr 10 14:30:16 2024: XCD main fifo: bytes_transferred: 0
Wed Apr 10 14:30:16 2024: SERVER: destructor for server bound to port 32799
Wed Apr 10 14:30:16 2024: XCD main fifo: Good unlink of /tmp/xcdmain225815d5-8fab-4e09-a40f-5355ae1a83c2
Wed Apr 10 14:30:16 2024: Server exiting with status 0.
Wed Apr 10 14:30:16 2024: Closing log file.
