22:40:49 **** Build of configuration Emulation-SW for project dummy_system ****
make all 
/mnt/xilinx-dev-env/Vitis/2022.2/bin/v++ --package --config package.cfg ../../dummy_system_hw_link/Emulation-SW/adder.xclbin -o adder.xclbin
Option Map File Used: '/mnt/xilinx-dev-env/Vitis/2022.2/data/vitis/vpp/optMap.xml'

****** v++ v2022.2 (64-bit)
  **** SW Build 3671529 on 2022-10-13-17:52:11
    ** Copyright 1986-2022 Xilinx, Inc. All Rights Reserved.

INFO: [v++ 60-1306] Additional information associated with this v++ package can be found at:
	Reports: /home/Jake/Desktop/cpre563/workspace/dummy_system/Emulation-SW/package.build/reports/package
	Log files: /home/Jake/Desktop/cpre563/workspace/dummy_system/Emulation-SW/package.build/logs/package
Running Dispatch Server on port: 42481
INFO: [v++ 60-1548] Creating build summary session with primary output /home/Jake/Desktop/cpre563/workspace/dummy_system/Emulation-SW/adder.xclbin.package_summary, at Wed Mar 20 22:41:01 2024
INFO: [v++ 60-1315] Creating rulecheck session with output '/home/Jake/Desktop/cpre563/workspace/dummy_system/Emulation-SW/package.build/reports/package/v++_package_adder_guidance.html', at Wed Mar 20 22:41:01 2024
INFO: [v++ 60-895]   Target platform: /opt/xilinx/platforms/xilinx_u2_gen3x4_xdma_gc_2_202110_1/xilinx_u2_gen3x4_xdma_gc_2_202110_1.xpfm
INFO: [v++ 60-1578]   This platform contains Xilinx Shell Archive '/opt/xilinx/platforms/xilinx_u2_gen3x4_xdma_gc_2_202110_1/hw/hw.xsa'
INFO: [v++ 74-78] Compiler Version string: 2022.2
INFO: [v++ 60-2256] Packaging for software emulation
INFO: [v++ 60-2460] Successfully copied a temporary xclbin to the output xclbin: /home/Jake/Desktop/cpre563/workspace/dummy_system/Emulation-SW/adder.xclbin
INFO: [v++ 60-2343] Use the vitis_analyzer tool to visualize and navigate the relevant reports. Run the following command. 
    vitis_analyzer /home/Jake/Desktop/cpre563/workspace/dummy_system/Emulation-SW/adder.xclbin.package_summary 
INFO: [v++ 60-791] Total elapsed time: 0h 0m 13s
INFO: [v++ 60-1653] Closing dispatch client.
cp -f adder.xclbin ../../dummy/Emulation-SW

22:41:05 Build Finished (took 15s.785ms)

