23:06:48 **** Incremental Build of configuration Hardware for project smartssd_system ****
make all 
/mnt/xilinx-dev-env/Vitis/2022.2/bin/v++ --package --config package.cfg ../../smartssd_system_hw_link/Hardware/computePointHLS.xclbin -o computePointHLS.xclbin
Option Map File Used: '/mnt/xilinx-dev-env/Vitis/2022.2/data/vitis/vpp/optMap.xml'

****** v++ v2022.2 (64-bit)
  **** SW Build 3671529 on 2022-10-13-17:52:11
    ** Copyright 1986-2022 Xilinx, Inc. All Rights Reserved.

INFO: [v++ 60-1306] Additional information associated with this v++ package can be found at:
	Reports: /home/Jake/Desktop/cpre563/workspace/smartssd_system/Hardware/package.build/reports/package
	Log files: /home/Jake/Desktop/cpre563/workspace/smartssd_system/Hardware/package.build/logs/package
Running Dispatch Server on port: 44759
INFO: [v++ 60-1548] Creating build summary session with primary output /home/Jake/Desktop/cpre563/workspace/smartssd_system/Hardware/computePointHLS.xclbin.package_summary, at Wed Apr 10 23:07:00 2024
INFO: [v++ 60-1315] Creating rulecheck session with output '/home/Jake/Desktop/cpre563/workspace/smartssd_system/Hardware/package.build/reports/package/v++_package_computePointHLS_guidance.html', at Wed Apr 10 23:07:00 2024
INFO: [v++ 60-895]   Target platform: /opt/xilinx/platforms/xilinx_u2_gen3x4_xdma_gc_2_202110_1/xilinx_u2_gen3x4_xdma_gc_2_202110_1.xpfm
INFO: [v++ 60-1578]   This platform contains Xilinx Shell Archive '/opt/xilinx/platforms/xilinx_u2_gen3x4_xdma_gc_2_202110_1/hw/hw.xsa'
INFO: [v++ 74-78] Compiler Version string: 2022.2
INFO: [v++ 60-2256] Packaging for hardware
INFO: [v++ 60-2460] Successfully copied a temporary xclbin to the output xclbin: /home/Jake/Desktop/cpre563/workspace/smartssd_system/Hardware/computePointHLS.xclbin
INFO: [v++ 60-2343] Use the vitis_analyzer tool to visualize and navigate the relevant reports. Run the following command. 
    vitis_analyzer /home/Jake/Desktop/cpre563/workspace/smartssd_system/Hardware/computePointHLS.xclbin.package_summary 
INFO: [v++ 60-791] Total elapsed time: 0h 0m 13s
INFO: [v++ 60-1653] Closing dispatch client.
cp -f computePointHLS.xclbin ../../smartssd/Hardware

23:07:04 Build Finished (took 15s.723ms)

