INFO-FLOW: Workspace /home/Jake/Desktop/cpre563/hls/hls/solution1 opened at Wed Apr 10 14:29:52 CDT 2024
Execute     ap_set_clock -name default -period 10 -default=false 
INFO: [SYN 201-201] Setting up clock 'default' with a period of 10ns.
Execute     set_part xcku15p-ffva1156-2L-e 
Execute       create_platform xcku15p-ffva1156-2L-e -board  
DBG:HLSDevice: Trying to load device library: /mnt/xilinx-dev-env/Vitis_HLS/2022.2/lib/lnx64.o/libxv_hlsvwrap.so
DBG:HLSDevice: first parts/arch.xml in RDI_DATADIR: /mnt/xilinx-dev-env/Vivado/2022.2/data/parts/arch.xml
DBG:HLSDevice: init success
INFO: [HLS 200-1611] Setting target device to 'xcku15p-ffva1156-2L-e'
Command       create_platform done; 1.67 sec.
Execute       source /mnt/xilinx-dev-env/Vitis_HLS/2022.2/common/technology/xilinx/common/xilinx.gen 
Execute         source /mnt/xilinx-dev-env/Vitis_HLS/2022.2/common/technology/xilinx/interface/plb46.gen 
Execute         source /mnt/xilinx-dev-env/Vitis_HLS/2022.2/common/technology/xilinx/interface/axi4.gen 
Execute         source /mnt/xilinx-dev-env/Vitis_HLS/2022.2/common/technology/xilinx/interface/nativeAXI4.gen 
Execute           source /mnt/xilinx-dev-env/Vitis_HLS/2022.2/common/technology/xilinx/interface/saxilite.gen 
Execute         source /mnt/xilinx-dev-env/Vitis_HLS/2022.2/common/technology/xilinx/scripts/xilinxcoregen.gen 
Execute         source /mnt/xilinx-dev-env/Vitis_HLS/2022.2/common/technology/xilinx/interface/XilEDKCoreGen.gen 
Execute         source /mnt/xilinx-dev-env/Vitis_HLS/2022.2/common/technology/xilinx/ip/xfir.gen 
Execute         source /mnt/xilinx-dev-env/Vitis_HLS/2022.2/common/technology/xilinx/ip/util.gen 
Execute         source /mnt/xilinx-dev-env/Vitis_HLS/2022.2/common/technology/xilinx/ip/dds_compiler.gen 
Execute         source /mnt/xilinx-dev-env/Vitis_HLS/2022.2/common/technology/xilinx/ip/xfft.gen 
Execute         source /mnt/xilinx-dev-env/Vitis_HLS/2022.2/common/technology/xilinx/DSP48/dsp48.gen 
Execute       ap_part_info -name xcku15p-ffva1156-2L-e -data info 
Execute       config_compile -quiet -complex-mul-dsp=0 
Command     set_part done; 1.78 sec.
Execute     send_msg_by_id INFO @200-1505@%s%s  vitis 
INFO: [HLS 200-1505] Using flow_target 'vitis'
Execute     send_msg_by_id INFO @200-1464@%s config_interface -default_interface=kernel 
INFO: [HLS 200-1464] Running solution command: config_interface -default_interface=kernel
Execute     config_interface -default_interface=kernel 
Execute     send_msg_by_id INFO @200-1464@%s config_interface -m_axi_alignment_byte_size=64 
INFO: [HLS 200-1464] Running solution command: config_interface -m_axi_alignment_byte_size=64
Execute     config_interface -m_axi_alignment_byte_size=64 
Execute     send_msg_by_id INFO @200-1464@%s config_interface -m_axi_latency=64 
INFO: [HLS 200-1464] Running solution command: config_interface -m_axi_latency=64
Execute     config_interface -m_axi_latency=64 
Execute     send_msg_by_id INFO @200-1464@%s config_interface -m_axi_max_widen_bitwidth=512 
INFO: [HLS 200-1464] Running solution command: config_interface -m_axi_max_widen_bitwidth=512
Execute     config_interface -m_axi_max_widen_bitwidth=512 
Execute     send_msg_by_id INFO @200-1464@%s config_rtl -register_reset_num=3 
INFO: [HLS 200-1464] Running solution command: config_rtl -register_reset_num=3
Execute     config_rtl -register_reset_num=3 
Execute     send_msg_by_id INFO @200-1464@%s config_export -flow=impl 
INFO: [HLS 200-1464] Running solution command: config_export -flow=impl
Execute     config_export -flow=impl 
Execute     send_msg_by_id INFO @200-1464@%s config_export -format=ip_catalog 
INFO: [HLS 200-1464] Running solution command: config_export -format=ip_catalog
Execute     config_export -format=ip_catalog 
Execute     send_msg_by_id INFO @200-1464@%s config_export -rtl=verilog 
INFO: [HLS 200-1464] Running solution command: config_export -rtl=verilog
Execute     config_export -rtl=verilog 
Execute     send_msg_by_id INFO @200-1464@%s config_export -vivado_clock=10 
INFO: [HLS 200-1464] Running solution command: config_export -vivado_clock=10
Execute     config_export -vivado_clock=10 
Command   open_solution done; 1.85 sec.
Execute   set_part xcku15p-ffva1156-2L-e 
INFO: [HLS 200-1510] Running: set_part xcku15p-ffva1156-2L-e 
Execute     create_platform xcku15p-ffva1156-2L-e -board  
Execute     source /mnt/xilinx-dev-env/Vitis_HLS/2022.2/common/technology/xilinx/common/xilinx.gen 
Execute       source /mnt/xilinx-dev-env/Vitis_HLS/2022.2/common/technology/xilinx/interface/plb46.gen 
Execute       source /mnt/xilinx-dev-env/Vitis_HLS/2022.2/common/technology/xilinx/interface/axi4.gen 
Execute       source /mnt/xilinx-dev-env/Vitis_HLS/2022.2/common/technology/xilinx/interface/nativeAXI4.gen 
Execute         source /mnt/xilinx-dev-env/Vitis_HLS/2022.2/common/technology/xilinx/interface/saxilite.gen 
Execute       source /mnt/xilinx-dev-env/Vitis_HLS/2022.2/common/technology/xilinx/scripts/xilinxcoregen.gen 
Execute       source /mnt/xilinx-dev-env/Vitis_HLS/2022.2/common/technology/xilinx/interface/XilEDKCoreGen.gen 
Execute       source /mnt/xilinx-dev-env/Vitis_HLS/2022.2/common/technology/xilinx/ip/xfir.gen 
Execute       source /mnt/xilinx-dev-env/Vitis_HLS/2022.2/common/technology/xilinx/ip/util.gen 
Execute       source /mnt/xilinx-dev-env/Vitis_HLS/2022.2/common/technology/xilinx/ip/dds_compiler.gen 
Execute       source /mnt/xilinx-dev-env/Vitis_HLS/2022.2/common/technology/xilinx/ip/xfft.gen 
Execute       source /mnt/xilinx-dev-env/Vitis_HLS/2022.2/common/technology/xilinx/DSP48/dsp48.gen 
Execute     ap_part_info -name xcku15p-ffva1156-2L-e -data info 
Execute     config_compile -quiet -complex-mul-dsp=0 
Command   set_part done; 0.12 sec.
Execute   create_clock -period 10 -name default 
INFO: [HLS 200-1510] Running: create_clock -period 10 -name default 
Execute   config_interface -m_axi_alignment_byte_size 64 -m_axi_latency 64 -m_axi_max_widen_bitwidth 512 
INFO: [HLS 200-1510] Running: config_interface -m_axi_alignment_byte_size 64 -m_axi_latency 64 -m_axi_max_widen_bitwidth 512 
Execute   config_rtl -register_reset_num 3 
INFO: [HLS 200-1510] Running: config_rtl -register_reset_num 3 
Execute   config_export -flow impl -format ip_catalog -rtl verilog -vivado_clock 10 
INFO: [HLS 200-1510] Running: config_export -flow impl -format ip_catalog -rtl verilog -vivado_clock 10 
Execute   source ./hls/solution1/directives.tcl 
INFO: [HLS 200-1510] Running: source ./hls/solution1/directives.tcl
Execute     set_directive_top -name computePointHLS computePointHLS 
INFO: [HLS 200-1510] Running: set_directive_top -name computePointHLS computePointHLS 
Execute   csynth_design 
INFO: [HLS 200-1510] Running: csynth_design 
Execute     elaborate -effort=medium -skip_syncheck=0 -keep_printf=0 -skip_cdt=0 -skip_transform=0 -ng=0 -g=0 -opt_fp=0 -from_csynth_design=1 
INFO: [HLS 200-111] Finished File checks and directory preparation: CPU user time: 0.01 seconds. CPU system time: 0.01 seconds. Elapsed time: 10.05 seconds; current allocated memory: 756.367 MB.
INFO: [HLS 200-10] Analyzing design file '../base/src/layers/Compute_HLS.cpp' ... 
INFO-FLOW: Compiling one TU...
INFO-FLOW: Handling ../base/src/layers/Compute_HLS.cpp as C++
Execute       ap_part_info -name xcku15p-ffva1156-2L-e -data info 
INFO-FLOW: Running: GCC PP 39
INFO-FLOW: Source preprocessing
Execute       ap_eval exec -ignorestderr /mnt/xilinx-dev-env/Vitis_HLS/2022.2/lnx64/tools/clang-3.9-csynth/bin/clang ../base/src/layers/Compute_HLS.cpp -foptimization-record-file=/home/Jake/Desktop/cpre563/hls/hls/solution1/.autopilot/db/Compute_HLS.cpp.clang.diag.yml -mllvm -pass-remarks-missed=reflow|pasta|unroll -mllvm -pass-remarks=reflow|pasta|unroll|inline -fno-limit-debug-info -gcc-toolchain /mnt/xilinx-dev-env/Vitis_HLS/2022.2/tps/lnx64/gcc-8.3.0 -fhls -fno-exceptions -E -fno-math-errno -c -emit-llvm -mllvm -disable-llvm-optzns -Werror=implicit-function-declaration -Werror=implicit-hls-streams -Werror=return-type -Wpragmas -Wunused-parameter -Wdump-hls-pragmas -Wno-error=dump-hls-pragmas -fno-threadsafe-statics -fno-use-cxa-atexit -std=gnu++14 -target fpga64-xilinx-linux-gnu -fno-threadsafe-statics -fno-use-cxa-atexit -D__VITIS_HLS__ -DAESL_SYN -D__SYNTHESIS__ -D__HLS_SYN__ -I /mnt/xilinx-dev-env/Vitis_HLS/2022.2/common/technology/autopilot -I /mnt/xilinx-dev-env/Vitis_HLS/2022.2/common/technology/autopilot/ap_sysc -include etc/autopilot_ssdm_op.h -D__DSP48E2__ -I /usr/include/x86_64-linux-gnu -o /home/Jake/Desktop/cpre563/hls/hls/solution1/.autopilot/db/Compute_HLS.pp.0.cpp -hls-platform-db-name=/mnt/xilinx-dev-env/Vitis_HLS/2022.2/common/technology/xilinx/common/platform.db -hls-platform-name=kintexuplus_medium -device-resource-info=BRAM_1968.000000_DSP_1968.000000_FF_1045440.000000_LUT_522720.000000_SLICE_65340.000000_URAM_128.000000 -device-name-info=xcku15p-ffva1156-2L-e > /home/Jake/Desktop/cpre563/hls/hls/solution1/.autopilot/db/Compute_HLS.cpp.clang.out.log 2> /home/Jake/Desktop/cpre563/hls/hls/solution1/.autopilot/db/Compute_HLS.cpp.clang.err.log 
Command       ap_eval done; 0.14 sec.
INFO-FLOW: Done: GCC PP 39 time: 0.1 seconds per iteration
Execute       set_directive_top computePointHLS -name=computePointHLS 
Execute       source /mnt/xilinx-dev-env/Vitis_HLS/2022.2/tps/tcl/tcllib1.11.1/yaml/huddle.tcl 
Execute       source /mnt/xilinx-dev-env/Vitis_HLS/2022.2/tps/tcl/tcllib1.11.1/yaml/json2huddle.tcl 
INFO-FLOW: Source syntax check for synthesis
Execute       ap_eval exec -ignorestderr /mnt/xilinx-dev-env/Vitis_HLS/2022.2/lnx64/tools/clang-3.9-csynth/bin/clang -foptimization-record-file=/home/Jake/Desktop/cpre563/hls/hls/solution1/.autopilot/db/clang.diag.yml -mllvm -pass-remarks-missed=reflow|pasta|unroll -mllvm -pass-remarks=reflow|pasta|unroll|inline -fsyntax-only -fhls -target fpga64-xilinx-linux-gnu /home/Jake/Desktop/cpre563/hls/hls/solution1/.autopilot/db/Compute_HLS.pp.0.cpp -hls-platform-db-name=/mnt/xilinx-dev-env/Vitis_HLS/2022.2/common/technology/xilinx/common/platform.db -hls-platform-name=kintexuplus_medium -device-resource-info=BRAM_1968.000000_DSP_1968.000000_FF_1045440.000000_LUT_522720.000000_SLICE_65340.000000_URAM_128.000000 -device-name-info=xcku15p-ffva1156-2L-e > /home/Jake/Desktop/cpre563/hls/hls/solution1/.autopilot/db/clang.out.log 2> /home/Jake/Desktop/cpre563/hls/hls/solution1/.autopilot/db/clang.err.log 
Command       ap_eval done; 0.25 sec.
Execute       clang_tidy xilinx-systemc-detector -desc systemc-detector /home/Jake/Desktop/cpre563/hls/hls/solution1/.autopilot/db/Compute_HLS.pp.0.cpp std=gnu++14 -target fpga  -directive=/home/Jake/Desktop/cpre563/hls/hls/solution1/.autopilot/db/.systemc_flag 
INFO-FLOW: exec /mnt/xilinx-dev-env/Vitis_HLS/2022.2/lnx64/tools/clang-3.9-csynth/bin/clang-tidy -header-filter=.* --checks=-*,xilinx-systemc-detector -import-directive=/home/Jake/Desktop/cpre563/hls/hls/solution1/.autopilot/db/.systemc_flag -fix-errors /home/Jake/Desktop/cpre563/hls/hls/solution1/.autopilot/db/Compute_HLS.pp.0.cpp -- -std=gnu++14 -target fpga -fhls -ferror-limit=0
Command       clang_tidy done; 0.2 sec.
INFO-FLOW: Running: clang-tidy CDT preprocess 39
Execute       clang_tidy xilinx-directive2pragma -desc directive2pragma /home/Jake/Desktop/cpre563/hls/hls/solution1/.autopilot/db/Compute_HLS.pp.0.cpp std=gnu++14 -target fpga  -directive=/home/Jake/Desktop/cpre563/hls/hls/solution1/.autopilot/db/all.directive.json 
INFO-FLOW: exec /mnt/xilinx-dev-env/Vitis_HLS/2022.2/lnx64/tools/clang-3.9-csynth/bin/clang-tidy -header-filter=.* --checks=-*,xilinx-directive2pragma -import-directive=/home/Jake/Desktop/cpre563/hls/hls/solution1/.autopilot/db/all.directive.json -fix-errors /home/Jake/Desktop/cpre563/hls/hls/solution1/.autopilot/db/Compute_HLS.pp.0.cpp -- -std=gnu++14 -target fpga -fhls -ferror-limit=0
Command       clang_tidy done; 0.35 sec.
Execute       clang_tidy xilinx-remove-assert -desc remove-assert /home/Jake/Desktop/cpre563/hls/hls/solution1/.autopilot/db/Compute_HLS.pp.0.cpp std=gnu++14 -target fpga  
INFO-FLOW: exec /mnt/xilinx-dev-env/Vitis_HLS/2022.2/lnx64/tools/clang-3.9-csynth/bin/clang-tidy -header-filter=.* --checks=-*,xilinx-remove-assert -fix-errors /home/Jake/Desktop/cpre563/hls/hls/solution1/.autopilot/db/Compute_HLS.pp.0.cpp -- -std=gnu++14 -target fpga -fhls -ferror-limit=0
Command       clang_tidy done; 0.2 sec.
INFO-FLOW: Done: clang-tidy CDT preprocess 39 time: 0.5 seconds per iteration
INFO-FLOW: Calling xilinx-label-all-loops ... 
INFO-FLOW: Calling xilinx-aggregate-on-hls-vector ... 
Execute       clang_tidy -errorcheck -desc loop-label xilinx-label-all-loops,xilinx-aggregate-on-hls-vector,,xilinx-warn-mayneed-no-ctor-attribute /home/Jake/Desktop/cpre563/hls/hls/solution1/.autopilot/db/Compute_HLS.pp.0.cpp std=gnu++14 -target fpga  
Execute         ap_eval exec -ignorestderr /mnt/xilinx-dev-env/Vitis_HLS/2022.2/lnx64/tools/clang-3.9-csynth/bin/clang-tidy -export-fixes=/home/Jake/Desktop/cpre563/hls/hls/solution1/.autopilot/db/Compute_HLS.pp.0.cpp.clang-tidy.loop-label.diag.yml -header-filter=.* --checks=-*,xilinx-label-all-loops,xilinx-aggregate-on-hls-vector,,xilinx-warn-mayneed-no-ctor-attribute -fix-errors /home/Jake/Desktop/cpre563/hls/hls/solution1/.autopilot/db/Compute_HLS.pp.0.cpp -- -std=gnu++14 -target fpga -fhls -ferror-limit=0 > /home/Jake/Desktop/cpre563/hls/hls/solution1/.autopilot/db/Compute_HLS.pp.0.cpp.clang-tidy.loop-label.out.log 2> /home/Jake/Desktop/cpre563/hls/hls/solution1/.autopilot/db/Compute_HLS.pp.0.cpp.clang-tidy.loop-label.err.log 
Command         ap_eval done; 0.39 sec.
Execute         source /mnt/xilinx-dev-env/Vitis_HLS/2022.2/tps/tcl/tcllib1.11.1/yaml/yaml.tcl 
Command       clang_tidy done; 0.42 sec.
Execute       ap_eval exec -ignorestderr /mnt/xilinx-dev-env/Vitis_HLS/2022.2/lnx64/tools/clang-3.9-csynth/bin/xilinx-dataflow-lawyer -export-fixes=/home/Jake/Desktop/cpre563/hls/hls/solution1/.autopilot/db/Compute_HLS.pp.0.cpp.xilinx-dataflow-lawyer.diag.yml /home/Jake/Desktop/cpre563/hls/hls/solution1/.autopilot/db/Compute_HLS.pp.0.cpp -- -std=gnu++14 -target fpga -fhls -ferror-limit=0 -fstrict-dataflow > /home/Jake/Desktop/cpre563/hls/hls/solution1/.autopilot/db/Compute_HLS.pp.0.cpp.xilinx-dataflow-lawyer.out.log 2> /home/Jake/Desktop/cpre563/hls/hls/solution1/.autopilot/db/Compute_HLS.pp.0.cpp.xilinx-dataflow-lawyer.err.log 
Command       ap_eval done; 0.19 sec.
Execute       ap_part_info -name xcku15p-ffva1156-2L-e -data info 
INFO-FLOW: compiling source code to llvm bc
Execute       ap_eval exec -ignorestderr /mnt/xilinx-dev-env/Vitis_HLS/2022.2/lnx64/tools/clang-3.9-csynth/bin/clang -foptimization-record-file=/home/Jake/Desktop/cpre563/hls/hls/solution1/.autopilot/db/Compute_HLS.pp.0.cpp.clang.diag.yml -mllvm -pass-remarks-missed=reflow|pasta|unroll -mllvm -pass-remarks=reflow|pasta|unroll|inline -fno-limit-debug-info -fhls -flto -fno-exceptions -Wno-error=c++11-narrowing /home/Jake/Desktop/cpre563/hls/hls/solution1/.autopilot/db/Compute_HLS.pp.0.cpp -fno-math-errno -c -emit-llvm -mllvm -disable-llvm-optzns -Werror=implicit-function-declaration -Werror=implicit-hls-streams -Werror=return-type -Wpragmas -Wunused-parameter -Wdump-hls-pragmas -Wno-error=dump-hls-pragmas -fno-threadsafe-statics -fno-use-cxa-atexit -std=gnu++14 -target fpga64-xilinx-linux-gnu -D__VITIS_HLS__ -DAESL_SYN -D__SYNTHESIS__ -D__HLS_SYN__ -I /mnt/xilinx-dev-env/Vitis_HLS/2022.2/common/technology/autopilot -I /mnt/xilinx-dev-env/Vitis_HLS/2022.2/common/technology/autopilot/ap_sysc -include etc/autopilot_ssdm_op.h -D__DSP48E2__ -g -o /home/Jake/Desktop/cpre563/hls/hls/solution1/.autopilot/db/Compute_HLS.bc -hls-platform-db-name=/mnt/xilinx-dev-env/Vitis_HLS/2022.2/common/technology/xilinx/common/platform.db -hls-platform-name=kintexuplus_medium -device-resource-info=BRAM_1968.000000_DSP_1968.000000_FF_1045440.000000_LUT_522720.000000_SLICE_65340.000000_URAM_128.000000 -device-name-info=xcku15p-ffva1156-2L-e > /home/Jake/Desktop/cpre563/hls/hls/solution1/.autopilot/db/Compute_HLS.pp.0.cpp.clang.out.log 2> /home/Jake/Desktop/cpre563/hls/hls/solution1/.autopilot/db/Compute_HLS.pp.0.cpp.clang.err.log 
Command       ap_eval done; 0.26 sec.
INFO: [HLS 200-111] Finished Source Code Analysis and Preprocessing: CPU user time: 1.61 seconds. CPU system time: 0.51 seconds. Elapsed time: 2.11 seconds; current allocated memory: 756.668 MB.
INFO-FLOW: Linking Debug ...
INFO-FLOW: Linking dut bc code.
Execute       run_link_or_opt -out /home/Jake/Desktop/cpre563/hls/hls/solution1/.autopilot/db/a.g.ld.0.bc -args  "/home/Jake/Desktop/cpre563/hls/hls/solution1/.autopilot/db/Compute_HLS.g.bc"  
Execute         ap_eval exec -ignorestderr /mnt/xilinx-dev-env/Vitis_HLS/2022.2/lnx64/tools/clang-3.9-csynth/bin/llvm-link /home/Jake/Desktop/cpre563/hls/hls/solution1/.autopilot/db/Compute_HLS.g.bc -o /home/Jake/Desktop/cpre563/hls/hls/solution1/.autopilot/db/a.g.ld.0.bc > /home/Jake/Desktop/cpre563/hls/hls/solution1/.autopilot/db/a.g.ld.0.bc.llvm-link.out.log 2> /home/Jake/Desktop/cpre563/hls/hls/solution1/.autopilot/db/a.g.ld.0.bc.llvm-link.err.log 
INFO-FLOW: 
Execute       run_link_or_opt -opt -out /home/Jake/Desktop/cpre563/hls/hls/solution1/.autopilot/db/a.g.ld.1.lower.bc -args /home/Jake/Desktop/cpre563/hls/hls/solution1/.autopilot/db/a.g.ld.0.bc -reflow-lower-math-intrinsics 
Execute         ap_eval exec -ignorestderr /mnt/xilinx-dev-env/Vitis_HLS/2022.2/lnx64/tools/clang-3.9-csynth/bin/opt -pass-remarks-missed=reflow|pasta|unroll -pass-remarks=reflow|pasta|unroll|inline -pass-remarks-output=/home/Jake/Desktop/cpre563/hls/hls/solution1/.autopilot/db/a.g.ld.1.lower.bc.opt.diag.yml /home/Jake/Desktop/cpre563/hls/hls/solution1/.autopilot/db/a.g.ld.0.bc -reflow-lower-math-intrinsics -o /home/Jake/Desktop/cpre563/hls/hls/solution1/.autopilot/db/a.g.ld.1.lower.bc > /home/Jake/Desktop/cpre563/hls/hls/solution1/.autopilot/db/a.g.ld.1.lower.bc.opt.out.log 2> /home/Jake/Desktop/cpre563/hls/hls/solution1/.autopilot/db/a.g.ld.1.lower.bc.opt.err.log 
INFO-FLOW: 
INFO-FLOW: Linking math bc lib
Execute       run_link_or_opt -out /home/Jake/Desktop/cpre563/hls/hls/solution1/.autopilot/db/a.g.ld.2.m1.bc -args /home/Jake/Desktop/cpre563/hls/hls/solution1/.autopilot/db/a.g.ld.1.lower.bc -only-needed /mnt/xilinx-dev-env/Vitis_HLS/2022.2/lnx64/lib/libhlsm_39.bc /mnt/xilinx-dev-env/Vitis_HLS/2022.2/lnx64/lib/libhlsmc++_39.bc 
Execute         ap_eval exec -ignorestderr /mnt/xilinx-dev-env/Vitis_HLS/2022.2/lnx64/tools/clang-3.9-csynth/bin/llvm-link /home/Jake/Desktop/cpre563/hls/hls/solution1/.autopilot/db/a.g.ld.1.lower.bc -only-needed /mnt/xilinx-dev-env/Vitis_HLS/2022.2/lnx64/lib/libhlsm_39.bc /mnt/xilinx-dev-env/Vitis_HLS/2022.2/lnx64/lib/libhlsmc++_39.bc -o /home/Jake/Desktop/cpre563/hls/hls/solution1/.autopilot/db/a.g.ld.2.m1.bc > /home/Jake/Desktop/cpre563/hls/hls/solution1/.autopilot/db/a.g.ld.2.m1.bc.llvm-link.out.log 2> /home/Jake/Desktop/cpre563/hls/hls/solution1/.autopilot/db/a.g.ld.2.m1.bc.llvm-link.err.log 
Command         ap_eval done; 2.54 sec.
INFO-FLOW: 
Command       run_link_or_opt done; 2.54 sec.
Execute       run_link_or_opt -opt -out /home/Jake/Desktop/cpre563/hls/hls/solution1/.autopilot/db/a.g.ld.3.fpc.bc -args /home/Jake/Desktop/cpre563/hls/hls/solution1/.autopilot/db/a.g.ld.2.m1.bc -reflow-globaldce -hls-top-function-name=computePointHLS -reflow-float-conversion 
Execute         ap_eval exec -ignorestderr /mnt/xilinx-dev-env/Vitis_HLS/2022.2/lnx64/tools/clang-3.9-csynth/bin/opt -pass-remarks-missed=reflow|pasta|unroll -pass-remarks=reflow|pasta|unroll|inline -pass-remarks-output=/home/Jake/Desktop/cpre563/hls/hls/solution1/.autopilot/db/a.g.ld.3.fpc.bc.opt.diag.yml /home/Jake/Desktop/cpre563/hls/hls/solution1/.autopilot/db/a.g.ld.2.m1.bc -reflow-globaldce -hls-top-function-name=computePointHLS -reflow-float-conversion -o /home/Jake/Desktop/cpre563/hls/hls/solution1/.autopilot/db/a.g.ld.3.fpc.bc > /home/Jake/Desktop/cpre563/hls/hls/solution1/.autopilot/db/a.g.ld.3.fpc.bc.opt.out.log 2> /home/Jake/Desktop/cpre563/hls/hls/solution1/.autopilot/db/a.g.ld.3.fpc.bc.opt.err.log 
Command         ap_eval done; 0.83 sec.
INFO-FLOW: 
Command       run_link_or_opt done; 0.83 sec.
Execute       run_link_or_opt -out /home/Jake/Desktop/cpre563/hls/hls/solution1/.autopilot/db/a.g.ld.4.m2.bc -args /home/Jake/Desktop/cpre563/hls/hls/solution1/.autopilot/db/a.g.ld.3.fpc.bc -only-needed /mnt/xilinx-dev-env/Vitis_HLS/2022.2/lnx64/lib/libfloatconversion_39.bc 
Execute         ap_eval exec -ignorestderr /mnt/xilinx-dev-env/Vitis_HLS/2022.2/lnx64/tools/clang-3.9-csynth/bin/llvm-link /home/Jake/Desktop/cpre563/hls/hls/solution1/.autopilot/db/a.g.ld.3.fpc.bc -only-needed /mnt/xilinx-dev-env/Vitis_HLS/2022.2/lnx64/lib/libfloatconversion_39.bc -o /home/Jake/Desktop/cpre563/hls/hls/solution1/.autopilot/db/a.g.ld.4.m2.bc > /home/Jake/Desktop/cpre563/hls/hls/solution1/.autopilot/db/a.g.ld.4.m2.bc.llvm-link.out.log 2> /home/Jake/Desktop/cpre563/hls/hls/solution1/.autopilot/db/a.g.ld.4.m2.bc.llvm-link.err.log 
INFO-FLOW: 
Execute       run_link_or_opt -opt -out /home/Jake/Desktop/cpre563/hls/hls/solution1/.autopilot/db/a.g.ld.5.gdce.bc -args /home/Jake/Desktop/cpre563/hls/hls/solution1/.autopilot/db/a.g.ld.4.m2.bc -reflow-globaldce -hls-top-function-name=computePointHLS 
Execute         ap_eval exec -ignorestderr /mnt/xilinx-dev-env/Vitis_HLS/2022.2/lnx64/tools/clang-3.9-csynth/bin/opt -pass-remarks-missed=reflow|pasta|unroll -pass-remarks=reflow|pasta|unroll|inline -pass-remarks-output=/home/Jake/Desktop/cpre563/hls/hls/solution1/.autopilot/db/a.g.ld.5.gdce.bc.opt.diag.yml /home/Jake/Desktop/cpre563/hls/hls/solution1/.autopilot/db/a.g.ld.4.m2.bc -reflow-globaldce -hls-top-function-name=computePointHLS -o /home/Jake/Desktop/cpre563/hls/hls/solution1/.autopilot/db/a.g.ld.5.gdce.bc > /home/Jake/Desktop/cpre563/hls/hls/solution1/.autopilot/db/a.g.ld.5.gdce.bc.opt.out.log 2> /home/Jake/Desktop/cpre563/hls/hls/solution1/.autopilot/db/a.g.ld.5.gdce.bc.opt.err.log 
INFO-FLOW: 
Execute       send_msg_by_id INFO @200-777@%s Vitis 
INFO: [HLS 200-777] Using interface defaults for 'Vitis' flow target.
Execute       is_m_axi_addr64 
INFO-FLOW: Doing LTO.
Execute       ap_eval exec -ignorestderr /mnt/xilinx-dev-env/Vitis_HLS/2022.2/lnx64/tools/clang-3.9-csynth/bin/clang -foptimization-record-file=/home/Jake/Desktop/cpre563/hls/hls/solution1/.autopilot/db/a.g.ld.0.bc.clang.diag.yml -mllvm -pass-remarks-missed=reflow|pasta|unroll -mllvm -pass-remarks=reflow|pasta|unroll|inline -fhls -mllvm -hls-top-function-name=computePointHLS -mllvm -hls-db-dir -mllvm /home/Jake/Desktop/cpre563/hls/hls/solution1/.autopilot/db -emit-llvm -c -target fpga64-xilinx-none -mllvm -xcl-xmlinfo=/home/Jake/Desktop/cpre563/hls/hls/solution1/.autopilot/db/../../../kernel.xml -mllvm -top-io-mapping-info=/home/Jake/Desktop/cpre563/hls/hls/solution1/.autopilot/db/top-io-fe.xml -mllvm -hls-bitcode-version=3.1 -mllvm -reflow-enable-slave-interface-default-setting=true -mllvm -gen-kernel-xml=true -mllvm -default-maxi-offset=slave -mllvm -maxi-latency=64 -mllvm -hls-maxi-data-size-in-bits=8 -mllvm -hls-maxi-max-data-size-in-bits=1024 -mllvm -hls-max-widen-size-in-bits=512 -mllvm -xcl-kernel-max-mem-ports=0 -mllvm -maxi-read-trans=16 -mllvm -maxi-write-trans=16 -mllvm -maxi-read-burst-len=16 -mllvm -maxi-write-burst-len=16 -mllvm -reflow-enable-saxi-64bits=0 -mllvm -reflow-basic-block-instr-threshold=200000 -mllvm -reflow-auto-pipeline-threshold=64 -mllvm -reflow-enable-maxi-auto-id-channel=0 -mllvm -assume-maxi-align=64 -mllvm -reflow-pipeline-style-llvm-setting=2 -mllvm -reflow-enable-dataflow-strict-mode-checking=1 -mllvm -reflow-auto-array-partition-mode=default -mllvm -reflow-enable-auto-array-partition=true -mllvm -reflow-enable-auto-parallel-performance-driven=true -mllvm -reflow-enable-partition-for-automation=true -mllvm -reflow-aggregate-bitwidth-threshold=4096 -mllvm -reflow-assume-no-address-wrap=true -mllvm -hls -mllvm -disable-inlined-alloca-merging=true -mllvm -enable-reflow-vitis-flow-setting=true -mllvm -default-clock-period=10 -x ir /home/Jake/Desktop/cpre563/hls/hls/solution1/.autopilot/db/a.g.ld.5.gdce.bc -o /home/Jake/Desktop/cpre563/hls/hls/solution1/.autopilot/db/a.g.lto.bc -hls-platform-db-name=/mnt/xilinx-dev-env/Vitis_HLS/2022.2/common/technology/xilinx/common/platform.db -hls-platform-name=kintexuplus_medium -device-resource-info=BRAM_1968.000000_DSP_1968.000000_FF_1045440.000000_LUT_522720.000000_SLICE_65340.000000_URAM_128.000000 -device-name-info=xcku15p-ffva1156-2L-e > /home/Jake/Desktop/cpre563/hls/hls/solution1/.autopilot/db/a.g.ld.0.bc.clang.out.log 2> /home/Jake/Desktop/cpre563/hls/hls/solution1/.autopilot/db/a.g.ld.0.bc.clang.err.log 
Command       ap_eval done; 0.27 sec.
INFO: [HLS 214-291] Loop 'VITIS_LOOP_54_4' is marked as complete unroll implied by the pipeline pragma (../base/src/layers/Compute_HLS.cpp:54:19)
INFO: [HLS 214-186] Unrolling loop 'VITIS_LOOP_54_4' (../base/src/layers/Compute_HLS.cpp:54:19) in function 'computePointHLS' completely with a factor of 32 (../base/src/layers/Compute_HLS.cpp:38:0)
INFO: [HLS 214-186] Unrolling loop 'VITIS_LOOP_59_5' (../base/src/layers/Compute_HLS.cpp:59:20) in function 'computePointHLS' completely with a factor of 31 (../base/src/layers/Compute_HLS.cpp:38:0)
INFO: [HLS 214-115] Multiple burst reads of length 4500 and bit width 512 in loop 'VITIS_LOOP_49_2'(../base/src/layers/Compute_HLS.cpp:49:19) has been inferred on bundle 'gmem0'. These burst requests might be further partitioned into multiple requests during RTL generation, based on max_read_burst_length or max_write_burst_length settings. (../base/src/layers/Compute_HLS.cpp:49:19)
INFO: [HLS 214-115] Multiple burst reads of length 4500 and bit width 512 in loop 'VITIS_LOOP_49_2'(../base/src/layers/Compute_HLS.cpp:49:19) has been inferred on bundle 'gmem1'. These burst requests might be further partitioned into multiple requests during RTL generation, based on max_read_burst_length or max_write_burst_length settings. (../base/src/layers/Compute_HLS.cpp:49:19)
INFO-FLOW: DBG:PUTS: copy_raw_kernel_xml ap_link_39: copying raw kernel.xml: /home/Jake/Desktop/cpre563/hls/hls/solution1/.autopilot/db/../../../kernel.xml -> /home/Jake/Desktop/cpre563/hls/hls/solution1/.autopilot/db/kernel.internal.xml
INFO: [HLS 200-111] Finished Compiling Optimization and Transform: CPU user time: 3.4 seconds. CPU system time: 0.61 seconds. Elapsed time: 4 seconds; current allocated memory: 758.238 MB.
INFO: [HLS 200-111] Finished Checking Pragmas: CPU user time: 0 seconds. CPU system time: 0 seconds. Elapsed time: 0.01 seconds; current allocated memory: 758.238 MB.
Execute       opt_and_import_c a -opt_level=2 -skip_syncheck=0 -ng=0 -keep_printf=0 
Execute         cleanup_all_models 
INFO: [HLS 200-10] Starting code transformations ...
INFO-FLOW: Running Standard Transforms...
Execute         transform -hls -share-std-xform -demangle-name -inline-byval-memcpy -always-inline -promote-dbg-pointer -interface-preproc -mem2reg -scalarrepl -mem2reg -keep-read-access -instcombine -dce -promote-dbg-pointer -bitop-raise -loop-simplify -indvarspre -indvars -loop-simplify -xunroll -constprop -instcombine -simplifycfg -indvars -simplifycfg -dce -globaldce -basicaa -simplifycfg -mem2reg -globalopt -global-constprop -deadargelim -instcombine -simplifycfg -scalarrepl -instcombine -reassociate -licm -simplifycfg -loop-simplify -indvars -instcombine -simplifycfg -mem2reg -loop-simplify -indvars -instcombine -gvn -gvn -instcombine -adce -break-crit-edges -simplifycfg -loop-delete -global-array-opt -dce -dse -adce -find-syn-modules -top computePointHLS -deadargelim -mem2reg -instcombine -dce -presyn-prepare -auto-rom-infer -interface-preproc -syn-check -check-rec-only -find-region -simplifycfg -func-extr -function-inline -globaldce -mem2reg -instcombine -dce -gvn -globaldce -adce -adse -constprop -instcombine -bit-constprop -instcombine -dce -simplifycfg -bitop-raise -simplifycfg -dce -loop-delete -reassociate -globalopt -global-privatize -mem2reg -dce -global-constprop -pointer-simplify -constprop -dce -auto-shift-reg-idiom -promote-dbg-pointer -norm-name /home/Jake/Desktop/cpre563/hls/hls/solution1/.autopilot/db/a.g.0.bc -o /home/Jake/Desktop/cpre563/hls/hls/solution1/.autopilot/db/a.g.1.bc -f -phase std-opt 
Command         transform done; 0.22 sec.
INFO: [HLS 200-111] Finished Standard Transforms: CPU user time: 0.23 seconds. CPU system time: 0 seconds. Elapsed time: 0.22 seconds; current allocated memory: 760.262 MB.
INFO: [HLS 200-10] Checking synthesizability ...
INFO-FLOW: Checking Synthesizability 1/2..
Execute         transform -hls -syn-check -check-rec-only -scalarrepl -norm-name -dce -mem2reg -instcombine -directive-preproc -mem2reg -dse -dce -auto-rom-infer -dce -pag -array-normalize -instcombine -dce -array-seg-normalize -instcombine -dce -data-pack -instcombine -dce -inst-simplify -array-flatten -instcombine -dce -array-burst -dce -deadargelim -promote-global-argument -simplifycfg -mem2reg -globaldce -dce -deadargelim -dce -instcombine -function-inline -globaldce -dce -doublePtrSimplify -doublePtrElim -dce -doublePtrSimplify -promote-dbg-pointer -dce -scalarrepl -dse -adse -instcombine -ptrLegalization -simplifycfg -dce -instcombine -pointer-simplify -ptrArgReplace -dce -instcombine -resolve-double-ptr -scalarrepl -norm-name -dce -mem2reg -instcombine -ptrLegalization -simplifycfg -deadargelim -instcombine -dce -inst-simplify -directive-preproc -mem2reg -dse -dce -globaldce /home/Jake/Desktop/cpre563/hls/hls/solution1/.autopilot/db/a.g.1.bc -o /home/Jake/Desktop/cpre563/hls/hls/solution1/.autopilot/db/a.g.2.prechk.bc -f 
INFO-FLOW: Checking Synthesizability 2/2..
Execute         transform -syn-check /home/Jake/Desktop/cpre563/hls/hls/solution1/.autopilot/db/a.g.2.prechk.bc -o /home/Jake/Desktop/cpre563/hls/hls/solution1/.autopilot/db/a.g.2.bc -f -phase syn-check 
INFO: [HLS 200-111] Finished Checking Synthesizability: CPU user time: 0.02 seconds. CPU system time: 0 seconds. Elapsed time: 0.02 seconds; current allocated memory: 760.945 MB.
INFO-FLOW: Compiler optimizing ...
INFO-FLOW: Share syncheck's 1.bc for syn flow: copy /home/Jake/Desktop/cpre563/hls/hls/solution1/.autopilot/db/a.g.1.bc to /home/Jake/Desktop/cpre563/hls/hls/solution1/.autopilot/db/a.o.1.bc
INFO-FLOW: Presyn 1...
Execute         transform -hls -tmp /home/Jake/Desktop/cpre563/hls/hls/solution1/.autopilot/db -interface-port-rename -directive-preproc -mem2reg -dse -dce -scalarrepl -norm-name -deadargelim -mem2reg -instcombine -dce -simplifycfg -auto-rom-infer -dce -resource-proc -clib-intrinsic-prepare -dce -func-buffer -dce -pag -array-normalize -func-legal -instcombine -gvn -constprop -dce -simplifycfg -mem2reg -globaldce -resolve-double-ptr -dce -deadargelim -dce -instcombine -ptrArgReplace -mem2reg -dce -array-seg-normalize -deadargelim -instcombine -dce -directive-preproc -mem2reg -dse -dce -pointer-simplify -dce -port-alignment -dce -interface-preproc -data-pack -instcombine -dce -basicaa -aggr-aa -aggrmodref-aa -aggr-aa -gvn -gvn -basicaa -aggr-aa -aggrmodref-aa -aggr-aa -dse -adse -adce -loop-simplify -indvars -instcombine -gvn -loop-simplify -mem2reg -dce -find-region -instcombine -auto-loop-pipeline -inst-simplify -interface-preproc -cfgopt -instcombine -indvars -auto-loop-unroll -loop-simplify -loop-bound -xunroll -constprop -instcombine -simplifycfg -indvars -simplifycfg -dce -globaldce -clean-region -attach-range -gvn -inst-simplify -constprop -simplifycfg -dce -pointer-simplify -dce -globalopt -constprop -dce -array-promote -scalar-auto-dep-elim -constprop -dce -ptrArgReplace -mem2reg -simplifycfg -dce -instcombine -dce -array-transform-check -array-reshape -instcombine -simplifycfg -dce -ptrArgReplace -deadargelim -mem2reg -instcombine -simplifycfg -dce -indvars -loop-simplify -loop-bound -xunroll -constprop -instcombine -simplifycfg -indvars -simplifycfg -dce -globaldce -basicaa -aggr-aa -aggrmodref-aa -aggr-aa -dse -duplicate-dataflow-processes -globaldce -instcombine -array-partition -prepare-dynamic-array-partition -instcombine -simplifycfg -dce -ptrArgReplace -global-constprop -deadargelim -mem2reg -func-legal -dce -global-constprop -deadargelim -mem2reg -simplifycfg -dce -merge-param -deadargelim -globalopt -constprop -dce -array-promote -scalar-auto-dep-elim -constprop -dce -ptrArgReplace -mem2reg -simplifycfg -dce -mem-intrinsic-preproc -dce -global-internalize -global-privatize -mem2reg -globaldce -promote-global-argument -ptrArgReplace -mem2reg -dce -globalopt -mergereturn -simplify-global-access -mem2reg -dce -pointer-simplify -dce -functionattrs -basicaa -aggr-aa -aggrmodref-aa -aggr-aa -gvn -gvn -basicaa -aggr-aa -aggrmodref-aa -aggr-aa -dse -adse -adce -dce -norm-name -basicaa -aggr-aa -aggrmodref-aa -aggr-aa -accesses-merge -function-inline -complex-op-raise -inst-simplify -globaldce -func-legal -dce -loop-bound -arraycheck -bitwidthmin2 -bitwidthmin2 -on-by-dataflow -loop-delete -instcombine -simplifycfg -globaldce -dce -gvn -deadargelim -dce -loop-simplify -clean-region -simplifycfg -propagate-stable-arguments -loop-stream -instcombine -simplifycfg -dce -globaldce -duplicate-dataflow-processes -stream-intrinsic-preproc -dce -check-ap-stream -loop-simplify -eliminate-keepreads -extract-dataflow-in-loop -loop-simplify -dce -gvn -deadargelim -dse -duplicate-dataflow-processes -check-dataflow-syntax -legalize-stream-variable -globaldce -legalize-global -extract-subproc -dce -dead-channel-elimination -canonicalize-gep -globaldce -dce -gvn -hls-dead-arg-elim -deadargelim -directive-preproc -canonicalize-dataflow -dce -globaldce -scalar-preprocessing -scalar-propagation2 -deadargelim -globaldce -mem2reg -check-dataflow-channels -function-stream -dce -globaldce -prop-fifo-spec -internal-stream-gen -canonicalize-gep -globaldce -dce -gvn -deadargelim -mergereturn -indvars -loop-simplify -instcombine -array-stream -array-seg-normalize -array-partition -func-legal -instcombine -simplifycfg -dce -bundle-memfifo-ops -deadargelim -directive-preproc -mem2reg -dse -dce -group-axi-access -licm -simplifycfg -dce -loop-delete -hls-display -norm-name /home/Jake/Desktop/cpre563/hls/hls/solution1/.autopilot/db/a.o.1.bc -o /home/Jake/Desktop/cpre563/hls/hls/solution1/.autopilot/db/a.o.1.tmp.bc -f 
INFO-FLOW: Presyn 2...
Execute         transform -hls -keep-callgraph -scalarrepl -mem2reg -port-alignment -attach-range -dce -pipe-mux-gen -indvars -loop-bound -inst-simplify -instcombine -dce -merge-array-access -mem2reg -dce -clean-region -mergereturn -if-conv -instcombine -dce -constprop -basicaa -aggr-aa -aggrmodref-aa -aggr-aa -gvn -gvn -basicaa -aggr-aa -aggrmodref-aa -aggr-aa -dse -adse -adce -scalarrepl -mem2reg -global-constprop -deadargelim -deadargelim -instcombine -dce -simplifycfg -ptrArgReplace -mem2reg -function-inline -globaldce -mem2reg -instcombine -dce -expr-balance -instcombine -dce -bitwidthmin2 -bitwidthmin2 -interface-preproc -directive-preproc -inst-rectify -instcombine -dce -functionattrs -constprop -instcombine -bit-constprop -simplify-global-access -globalopt -globaldce -inst-simplify -instcombine -elimdeaddata -dce -loop-delete -simplifycfg -loop-simplify -barrier -norm-name /home/Jake/Desktop/cpre563/hls/hls/solution1/.autopilot/db/a.o.1.tmp.bc -o /home/Jake/Desktop/cpre563/hls/hls/solution1/.autopilot/db/a.o.2.bc -f -phase presyn 
INFO: [HLS 200-111] Finished Loop, function and other optimizations: CPU user time: 0.07 seconds. CPU system time: 0 seconds. Elapsed time: 0.07 seconds; current allocated memory: 785.359 MB.
INFO-FLOW: Building ssdm...
Execute         transform -hls -auto-function-inline -globaldce -ptrArgReplace -mem2reg -dce -reset-lda -loop-simplify -indvars -aggr-aa -licm -loop-dep -loop-bound -licm -loop-simplify -loop-sink-hoist -flattenloopnest -array-flatten -gvn -instcombine -dce -array-map -dce -func-legal -gvn -adce -instcombine -cfgopt -simplifycfg -loop-simplify -array-burst -promote-global-argument -dce -array-seg-normalize -basicaa -aggrmodref-aa -globalsmodref-aa -aggr-aa -gvn -gvn -basicaa -aggrmodref-aa -globalsmodref-aa -aggr-aa -dse -adse -adce -licm -inst-simplify -dce -globaldce -instcombine -array-stream -eliminate-keepreads -instcombine -dce -deadargelim -doublePtrSimplify -doublePtrElim -dce -doublePtrSimplify -promote-dbg-pointer -dce -scalarrepl -mem2reg -norm-name -mem2reg -instcombine -dse -adse -adce -ptrLegalization -dce -auto-rom-infer -array-flatten -dce -instcombine -check-doubleptr -loop-rot -constprop -cfgopt -simplifycfg -loop-simplify -indvars -pointer-simplify -dce -loop-bound -loop-simplify -loop-preproc -constprop -global-constprop -gvn -mem2reg -instcombine -dce -loop-bound -loop-merge -dce -deadargelim -dce -canonicalize-dataflow -dce -deadargelim -globaldce -mem2reg -bram-byte-enable -load-elim -read-loop-dep -loop-simplify -loop-extract-inner -directive-preproc -bitwidthmin2 -bitwidthmin2 -read-loop-dep -interface-preproc -directive-preproc -interface-gen -bram-byte-enable-spec-prop -deadargelim -inst-simplify -dce -gvn -mem2reg -instcombine -dce -adse -loop-bound -instcombine -cfgopt -simplifycfg -loop-simplify -clean-region -io-protocol -find-region -mem2reg -bitop-raise -complex-op-raise -inst-simplify -inst-rectify -instcombine -adce -deadargelim -float-op-raise -loop-simplify -phi-opt -bitop-raise -cfgopt -simplifycfg -strip-dead-prototypes -interface-lower -bitop-lower -intrinsic-lower -auto-function-inline -basicaa -aggrmodref-aa -globalsmodref-aa -aggr-aa -inst-simplify -simplifycfg -loop-simplify -mergereturn -inst-simplify -inst-rectify -dce -load-elim -bitop-lower -float-op-raise -fma-raise -loop-rewind -pointer-simplify -dce -cfgopt -dce -loop-bound -loop-dep -read-loop-dep -dce -dyn-mem-reuse -dce -recurrence-min -dce -share-scalar-alloca -deadargelim -dce -check-stream -norm-name -legalize -validate-dataflow -inst-clarity -bitwidth -dump-loop-dep-to-ir -check-all-ssdm -cdfg-build /home/Jake/Desktop/cpre563/hls/hls/solution1/.autopilot/db/a.o.2.bc -o /home/Jake/Desktop/cpre563/hls/hls/solution1/.autopilot/db/a.o.3.bc -f -phase build-ssdm 
WARNING: [HLS 200-960] Cannot flatten loop 'VITIS_LOOP_49_2' (../base/src/layers/Compute_HLS.cpp:49:27) in function 'computePointHLS' the outer loop is not a perfect loop because there is nontrivial logic before entering the inner loop.
INFO: [HLS 200-111] Finished Architecture Synthesis: CPU user time: 0.06 seconds. CPU system time: 0.01 seconds. Elapsed time: 0.07 seconds; current allocated memory: 792.109 MB.
INFO-FLOW: Finish building internal data model.
Command       opt_and_import_c done; 0.39 sec.
Command     elaborate done; 6.52 sec.
Execute     ap_eval exec zip -j /home/Jake/Desktop/cpre563/hls/hls/solution1/.autopilot/db/dut.hcp $dbDir/a.o.3.bc $dbDir/${topname}.rtl_wrap.cfg.tcl $dbDir/apatb_${topname}.cpp $dbDir/apatb_${topname}_util.cpp $dbDir/apatb_${topname}_ir.ll $dbDir/mapper_${topname}.cpp $dbDir/top-io-fe.xml $dbDir/kernel.internal.xml $workdir/../hls.app 
Command     ap_eval done; error code: 1; 
INFO-FLOW: exec zip -j /home/Jake/Desktop/cpre563/hls/hls/solution1/.autopilot/db/dut.hcp $dbDir/a.o.3.bc $dbDir/${topname}.rtl_wrap.cfg.tcl $dbDir/apatb_${topname}.cpp $dbDir/apatb_${topname}_util.cpp $dbDir/apatb_${topname}_ir.ll $dbDir/mapper_${topname}.cpp $dbDir/top-io-fe.xml $dbDir/kernel.internal.xml $workdir/../hls.app
INFO-FLOW: couldn't execute "zip": no such file or directory
Execute     autosyn -from_csynth_design=1 
INFO: [HLS 200-10] Starting hardware synthesis ...
INFO-FLOW: Synthesizing C/C++ design ...
INFO: [HLS 200-10] Synthesizing 'computePointHLS' ...
Execute       ap_set_top_model computePointHLS 
Execute       get_model_list computePointHLS -filter all-wo-channel -topdown 
Execute       preproc_iomode -model computePointHLS 
Execute       preproc_iomode -model computePointHLS_Pipeline_VITIS_LOOP_51_3 
Execute       get_model_list computePointHLS -filter all-wo-channel 
INFO-FLOW: Model list for configure: computePointHLS_Pipeline_VITIS_LOOP_51_3 computePointHLS
INFO-FLOW: Configuring Module : computePointHLS_Pipeline_VITIS_LOOP_51_3 ...
Execute       set_default_model computePointHLS_Pipeline_VITIS_LOOP_51_3 
Execute       apply_spec_resource_limit computePointHLS_Pipeline_VITIS_LOOP_51_3 
INFO-FLOW: Configuring Module : computePointHLS ...
Execute       set_default_model computePointHLS 
Execute       apply_spec_resource_limit computePointHLS 
INFO-FLOW: Model list for preprocess: computePointHLS_Pipeline_VITIS_LOOP_51_3 computePointHLS
INFO-FLOW: Preprocessing Module: computePointHLS_Pipeline_VITIS_LOOP_51_3 ...
Execute       set_default_model computePointHLS_Pipeline_VITIS_LOOP_51_3 
Execute       cdfg_preprocess -model computePointHLS_Pipeline_VITIS_LOOP_51_3 
Execute       rtl_gen_preprocess computePointHLS_Pipeline_VITIS_LOOP_51_3 
INFO-FLOW: Preprocessing Module: computePointHLS ...
Execute       set_default_model computePointHLS 
Execute       cdfg_preprocess -model computePointHLS 
Execute       rtl_gen_preprocess computePointHLS 
INFO-FLOW: Model list for synthesis: computePointHLS_Pipeline_VITIS_LOOP_51_3 computePointHLS
INFO: [HLS 200-10] ----------------------------------------------------------------
INFO: [HLS 200-42] -- Implementing module 'computePointHLS_Pipeline_VITIS_LOOP_51_3' 
INFO: [HLS 200-10] ----------------------------------------------------------------
Execute       set_default_model computePointHLS_Pipeline_VITIS_LOOP_51_3 
Execute       schedule -model computePointHLS_Pipeline_VITIS_LOOP_51_3 
INFO: [SCHED 204-11] Starting scheduling ...
INFO: [SCHED 204-61] Pipelining loop 'VITIS_LOOP_51_3'.
WARNING: [HLS 200-880] The II Violation in module 'computePointHLS_Pipeline_VITIS_LOOP_51_3' (loop 'VITIS_LOOP_51_3'): Unable to enforce a carried dependence constraint (II = 1, distance = 1, offset = 0) between 'store' operation ('add256_write_ln51', ../base/src/layers/Compute_HLS.cpp:51) of variable 'add', ../base/src/layers/Compute_HLS.cpp:55 on local variable 'add256' and 'load' operation ('add256_load', ../base/src/layers/Compute_HLS.cpp:55) on local variable 'add256'.
WARNING: [HLS 200-880] The II Violation in module 'computePointHLS_Pipeline_VITIS_LOOP_51_3' (loop 'VITIS_LOOP_51_3'): Unable to enforce a carried dependence constraint (II = 2, distance = 1, offset = 0) between 'store' operation ('add256_write_ln51', ../base/src/layers/Compute_HLS.cpp:51) of variable 'add', ../base/src/layers/Compute_HLS.cpp:55 on local variable 'add256' and 'load' operation ('add256_load', ../base/src/layers/Compute_HLS.cpp:55) on local variable 'add256'.
INFO: [HLS 200-1470] Pipelining result : Target II = NA, Final II = 3, Depth = 11, loop 'VITIS_LOOP_51_3'
INFO: [SCHED 204-11] Finished scheduling.
Command       schedule done; 0.4 sec.
INFO: [HLS 200-111] Finished Scheduling: CPU user time: 0.43 seconds. CPU system time: 0.03 seconds. Elapsed time: 0.46 seconds; current allocated memory: 792.695 MB.
Execute       syn_report -verbosereport -o /home/Jake/Desktop/cpre563/hls/hls/solution1/.autopilot/db/computePointHLS_Pipeline_VITIS_LOOP_51_3.verbose.sched.rpt 
Execute         AP::get_flow_target_display_name
Command       syn_report done; 0.2 sec.
Execute       db_write -o /home/Jake/Desktop/cpre563/hls/hls/solution1/.autopilot/db/computePointHLS_Pipeline_VITIS_LOOP_51_3.sched.adb -f 
INFO-FLOW: Finish scheduling computePointHLS_Pipeline_VITIS_LOOP_51_3.
Execute       set_default_model computePointHLS_Pipeline_VITIS_LOOP_51_3 
Execute       bind -model computePointHLS_Pipeline_VITIS_LOOP_51_3 
INFO: [BIND 205-100] Starting micro-architecture generation ...
INFO: [BIND 205-101] Performing variable lifetime analysis.
INFO: [BIND 205-101] Exploring resource sharing.
INFO: [BIND 205-101] Binding ...
INFO: [BIND 205-100] Finished micro-architecture generation.
INFO: [HLS 200-111] Finished Binding: CPU user time: 0.28 seconds. CPU system time: 0.01 seconds. Elapsed time: 0.28 seconds; current allocated memory: 792.695 MB.
Execute       syn_report -verbosereport -o /home/Jake/Desktop/cpre563/hls/hls/solution1/.autopilot/db/computePointHLS_Pipeline_VITIS_LOOP_51_3.verbose.bind.rpt 
Execute         AP::get_flow_target_display_name
Command       syn_report done; 0.3 sec.
Execute       db_write -o /home/Jake/Desktop/cpre563/hls/hls/solution1/.autopilot/db/computePointHLS_Pipeline_VITIS_LOOP_51_3.bind.adb -f 
INFO-FLOW: Finish binding computePointHLS_Pipeline_VITIS_LOOP_51_3.
INFO: [HLS 200-10] ----------------------------------------------------------------
INFO: [HLS 200-42] -- Implementing module 'computePointHLS' 
INFO: [HLS 200-10] ----------------------------------------------------------------
Execute       set_default_model computePointHLS 
Execute       schedule -model computePointHLS 
INFO: [SCHED 204-11] Starting scheduling ...
INFO: [SCHED 204-11] Finished scheduling.
Command       schedule done; 0.47 sec.
INFO: [HLS 200-111] Finished Scheduling: CPU user time: 0.78 seconds. CPU system time: 0 seconds. Elapsed time: 0.79 seconds; current allocated memory: 795.219 MB.
Execute       syn_report -verbosereport -o /home/Jake/Desktop/cpre563/hls/hls/solution1/.autopilot/db/computePointHLS.verbose.sched.rpt 
Execute         AP::get_flow_target_display_name
Command       syn_report done; 0.64 sec.
Execute       db_write -o /home/Jake/Desktop/cpre563/hls/hls/solution1/.autopilot/db/computePointHLS.sched.adb -f 
INFO-FLOW: Finish scheduling computePointHLS.
Execute       set_default_model computePointHLS 
Execute       bind -model computePointHLS 
INFO: [BIND 205-100] Starting micro-architecture generation ...
INFO: [BIND 205-101] Performing variable lifetime analysis.
INFO: [BIND 205-101] Exploring resource sharing.
INFO: [BIND 205-101] Binding ...
INFO: [BIND 205-100] Finished micro-architecture generation.
Command       bind done; 0.4 sec.
INFO: [HLS 200-111] Finished Binding: CPU user time: 1.05 seconds. CPU system time: 0 seconds. Elapsed time: 1.05 seconds; current allocated memory: 795.219 MB.
Execute       syn_report -verbosereport -o /home/Jake/Desktop/cpre563/hls/hls/solution1/.autopilot/db/computePointHLS.verbose.bind.rpt 
Execute         AP::get_flow_target_display_name
Command       syn_report done; 0.34 sec.
Execute       db_write -o /home/Jake/Desktop/cpre563/hls/hls/solution1/.autopilot/db/computePointHLS.bind.adb -f 
INFO-FLOW: Finish binding computePointHLS.
Execute       get_model_list computePointHLS -filter all-wo-channel 
INFO-FLOW: Preprocessing for RTLGen ...
Execute       rtl_gen_preprocess computePointHLS_Pipeline_VITIS_LOOP_51_3 
Execute       rtl_gen_preprocess computePointHLS 
INFO-FLOW: Model list for RTL generation: computePointHLS_Pipeline_VITIS_LOOP_51_3 computePointHLS
INFO: [HLS 200-10] ----------------------------------------------------------------
INFO: [HLS 200-10] -- Generating RTL for module 'computePointHLS_Pipeline_VITIS_LOOP_51_3' 
INFO: [HLS 200-10] ----------------------------------------------------------------
Execute       create_rtl_model computePointHLS_Pipeline_VITIS_LOOP_51_3 -top_prefix computePointHLS_ -sub_prefix computePointHLS_ -mg_file /home/Jake/Desktop/cpre563/hls/hls/solution1/.autopilot/db/computePointHLS_Pipeline_VITIS_LOOP_51_3.compgen.tcl 
INFO: [HLS 200-1030] Apply Unified Pipeline Control on module 'computePointHLS_Pipeline_VITIS_LOOP_51_3' pipeline 'VITIS_LOOP_51_3' pipeline type 'loop pipeline'
WARNING: [RTGEN 206-101] Setting dangling out port 'computePointHLS_Pipeline_VITIS_LOOP_51_3/m_axi_gmem0_ARVALID' to 0.
WARNING: [RTGEN 206-101] Setting dangling out port 'computePointHLS_Pipeline_VITIS_LOOP_51_3/m_axi_gmem0_ARADDR' to 0.
WARNING: [RTGEN 206-101] Setting dangling out port 'computePointHLS_Pipeline_VITIS_LOOP_51_3/m_axi_gmem0_ARID' to 0.
WARNING: [RTGEN 206-101] Setting dangling out port 'computePointHLS_Pipeline_VITIS_LOOP_51_3/m_axi_gmem0_ARLEN' to 0.
WARNING: [RTGEN 206-101] Setting dangling out port 'computePointHLS_Pipeline_VITIS_LOOP_51_3/m_axi_gmem0_ARSIZE' to 0.
WARNING: [RTGEN 206-101] Setting dangling out port 'computePointHLS_Pipeline_VITIS_LOOP_51_3/m_axi_gmem0_ARBURST' to 0.
WARNING: [RTGEN 206-101] Setting dangling out port 'computePointHLS_Pipeline_VITIS_LOOP_51_3/m_axi_gmem0_ARLOCK' to 0.
WARNING: [RTGEN 206-101] Setting dangling out port 'computePointHLS_Pipeline_VITIS_LOOP_51_3/m_axi_gmem0_ARCACHE' to 0.
WARNING: [RTGEN 206-101] Setting dangling out port 'computePointHLS_Pipeline_VITIS_LOOP_51_3/m_axi_gmem0_ARPROT' to 0.
WARNING: [RTGEN 206-101] Setting dangling out port 'computePointHLS_Pipeline_VITIS_LOOP_51_3/m_axi_gmem0_ARQOS' to 0.
WARNING: [RTGEN 206-101] Setting dangling out port 'computePointHLS_Pipeline_VITIS_LOOP_51_3/m_axi_gmem0_ARREGION' to 0.
WARNING: [RTGEN 206-101] Setting dangling out port 'computePointHLS_Pipeline_VITIS_LOOP_51_3/m_axi_gmem0_ARUSER' to 0.
WARNING: [RTGEN 206-101] Setting dangling out port 'computePointHLS_Pipeline_VITIS_LOOP_51_3/m_axi_gmem1_ARVALID' to 0.
WARNING: [RTGEN 206-101] Setting dangling out port 'computePointHLS_Pipeline_VITIS_LOOP_51_3/m_axi_gmem1_ARADDR' to 0.
WARNING: [RTGEN 206-101] Setting dangling out port 'computePointHLS_Pipeline_VITIS_LOOP_51_3/m_axi_gmem1_ARID' to 0.
WARNING: [RTGEN 206-101] Setting dangling out port 'computePointHLS_Pipeline_VITIS_LOOP_51_3/m_axi_gmem1_ARLEN' to 0.
WARNING: [RTGEN 206-101] Setting dangling out port 'computePointHLS_Pipeline_VITIS_LOOP_51_3/m_axi_gmem1_ARSIZE' to 0.
WARNING: [RTGEN 206-101] Setting dangling out port 'computePointHLS_Pipeline_VITIS_LOOP_51_3/m_axi_gmem1_ARBURST' to 0.
WARNING: [RTGEN 206-101] Setting dangling out port 'computePointHLS_Pipeline_VITIS_LOOP_51_3/m_axi_gmem1_ARLOCK' to 0.
WARNING: [RTGEN 206-101] Setting dangling out port 'computePointHLS_Pipeline_VITIS_LOOP_51_3/m_axi_gmem1_ARCACHE' to 0.
WARNING: [RTGEN 206-101] Setting dangling out port 'computePointHLS_Pipeline_VITIS_LOOP_51_3/m_axi_gmem1_ARPROT' to 0.
WARNING: [RTGEN 206-101] Setting dangling out port 'computePointHLS_Pipeline_VITIS_LOOP_51_3/m_axi_gmem1_ARQOS' to 0.
WARNING: [RTGEN 206-101] Setting dangling out port 'computePointHLS_Pipeline_VITIS_LOOP_51_3/m_axi_gmem1_ARREGION' to 0.
WARNING: [RTGEN 206-101] Setting dangling out port 'computePointHLS_Pipeline_VITIS_LOOP_51_3/m_axi_gmem1_ARUSER' to 0.
INFO: [RTGEN 206-100] Generating core module 'fadd_32ns_32ns_32_4_full_dsp_1': 11 instance(s).
INFO: [RTGEN 206-100] Generating core module 'fmul_32ns_32ns_32_3_max_dsp_1': 11 instance(s).
INFO: [RTGEN 206-100] Finished creating RTL model for 'computePointHLS_Pipeline_VITIS_LOOP_51_3'.
INFO: [HLS 200-111] Finished Creating RTL model: CPU user time: 0.44 seconds. CPU system time: 0 seconds. Elapsed time: 0.44 seconds; current allocated memory: 798.430 MB.
Execute       source /home/Jake/Desktop/cpre563/hls/hls/solution1/.autopilot/db/computePointHLS.rtl_wrap.cfg.tcl 
Execute       gen_rtl computePointHLS_Pipeline_VITIS_LOOP_51_3 -style xilinx -f -lang vhdl -o /home/Jake/Desktop/cpre563/hls/hls/solution1/syn/vhdl/computePointHLS_computePointHLS_Pipeline_VITIS_LOOP_51_3 
Execute       gen_rtl computePointHLS_Pipeline_VITIS_LOOP_51_3 -style xilinx -f -lang vlog -o /home/Jake/Desktop/cpre563/hls/hls/solution1/syn/verilog/computePointHLS_computePointHLS_Pipeline_VITIS_LOOP_51_3 
Execute       syn_report -csynth -model computePointHLS_Pipeline_VITIS_LOOP_51_3 -o /home/Jake/Desktop/cpre563/hls/hls/solution1/syn/report/computePointHLS_Pipeline_VITIS_LOOP_51_3_csynth.rpt 
Execute         AP::get_flow_target_display_name
Execute       syn_report -rtlxml -model computePointHLS_Pipeline_VITIS_LOOP_51_3 -o /home/Jake/Desktop/cpre563/hls/hls/solution1/syn/report/computePointHLS_Pipeline_VITIS_LOOP_51_3_csynth.xml 
Execute       syn_report -verbosereport -model computePointHLS_Pipeline_VITIS_LOOP_51_3 -o /home/Jake/Desktop/cpre563/hls/hls/solution1/.autopilot/db/computePointHLS_Pipeline_VITIS_LOOP_51_3.verbose.rpt 
Execute         AP::get_flow_target_display_name
Command       syn_report done; 0.34 sec.
Execute       db_write -model computePointHLS_Pipeline_VITIS_LOOP_51_3 -f -o /home/Jake/Desktop/cpre563/hls/hls/solution1/.autopilot/db/computePointHLS_Pipeline_VITIS_LOOP_51_3.adb 
Execute       db_write -model computePointHLS_Pipeline_VITIS_LOOP_51_3 -bindview -o /home/Jake/Desktop/cpre563/hls/hls/solution1/.autopilot/db/design.bindinfo.xml 
Execute       gen_tb_info computePointHLS_Pipeline_VITIS_LOOP_51_3 -p /home/Jake/Desktop/cpre563/hls/hls/solution1/.autopilot/db -o /home/Jake/Desktop/cpre563/hls/hls/solution1/.autopilot/db/computePointHLS_Pipeline_VITIS_LOOP_51_3 
INFO: [HLS 200-10] ----------------------------------------------------------------
INFO: [HLS 200-10] -- Generating RTL for module 'computePointHLS' 
INFO: [HLS 200-10] ----------------------------------------------------------------
Execute       create_rtl_model computePointHLS -top_prefix  -sub_prefix computePointHLS_ -mg_file /home/Jake/Desktop/cpre563/hls/hls/solution1/.autopilot/db/computePointHLS.compgen.tcl 
WARNING: [RTGEN 206-101] Design contains AXI ports. Reset is fixed to synchronous and active low.
INFO: [RTGEN 206-500] Setting interface mode on port 'computePointHLS/gmem0' to 'm_axi'.
INFO: [RTGEN 206-500] Setting interface mode on port 'computePointHLS/gmem1' to 'm_axi'.
INFO: [RTGEN 206-500] Setting interface mode on port 'computePointHLS/dataIn' to 's_axilite & ap_none'.
INFO: [RTGEN 206-500] Setting interface mode on port 'computePointHLS/layerWeight' to 's_axilite & ap_none'.
INFO: [RTGEN 206-500] Setting interface mode on port 'computePointHLS/dataOut_final' to 's_axilite & ap_none'.
INFO: [RTGEN 206-500] Setting interface mode on function 'computePointHLS' to 's_axilite & ap_ctrl_chain'.
INFO: [RTGEN 206-100] Bundling port 'dataIn', 'layerWeight', 'dataOut_final' to AXI-Lite port control.
INFO: [RTGEN 206-100] Generating core module 'fadd_32ns_32ns_32_4_full_dsp_1': 1 instance(s).
INFO: [RTGEN 206-100] Finished creating RTL model for 'computePointHLS'.
INFO: [HLS 200-111] Finished Creating RTL model: CPU user time: 0.77 seconds. CPU system time: 0.03 seconds. Elapsed time: 0.8 seconds; current allocated memory: 811.207 MB.
Execute       source /home/Jake/Desktop/cpre563/hls/hls/solution1/.autopilot/db/computePointHLS.rtl_wrap.cfg.tcl 
Execute       gen_rtl computePointHLS -istop -style xilinx -f -lang vhdl -o /home/Jake/Desktop/cpre563/hls/hls/solution1/syn/vhdl/computePointHLS 
Execute       gen_rtl computePointHLS -istop -style xilinx -f -lang vlog -o /home/Jake/Desktop/cpre563/hls/hls/solution1/syn/verilog/computePointHLS 
Execute       syn_report -csynth -model computePointHLS -o /home/Jake/Desktop/cpre563/hls/hls/solution1/syn/report/computePointHLS_csynth.rpt 
Execute         AP::get_flow_target_display_name
Execute       syn_report -rtlxml -model computePointHLS -o /home/Jake/Desktop/cpre563/hls/hls/solution1/syn/report/computePointHLS_csynth.xml 
Execute       syn_report -verbosereport -model computePointHLS -o /home/Jake/Desktop/cpre563/hls/hls/solution1/.autopilot/db/computePointHLS.verbose.rpt 
Execute         AP::get_flow_target_display_name
Command       syn_report done; 0.36 sec.
Execute       db_write -model computePointHLS -f -o /home/Jake/Desktop/cpre563/hls/hls/solution1/.autopilot/db/computePointHLS.adb 
Execute       db_write -model computePointHLS -bindview -o /home/Jake/Desktop/cpre563/hls/hls/solution1/.autopilot/db/design.bindinfo.xml 
Execute       gen_tb_info computePointHLS -p /home/Jake/Desktop/cpre563/hls/hls/solution1/.autopilot/db -o /home/Jake/Desktop/cpre563/hls/hls/solution1/.autopilot/db/computePointHLS 
Execute       export_constraint_db -f -tool general -o /home/Jake/Desktop/cpre563/hls/hls/solution1/.autopilot/db/computePointHLS.constraint.tcl 
Execute       syn_report -designview -model computePointHLS -o /home/Jake/Desktop/cpre563/hls/hls/solution1/.autopilot/db/computePointHLS.design.xml 
Command       syn_report done; 0.11 sec.
Execute       syn_report -csynthDesign -model computePointHLS -o /home/Jake/Desktop/cpre563/hls/hls/solution1/syn/report/csynth.rpt 
Execute         AP::get_flow_target_display_name
Execute       syn_report -wcfg -model computePointHLS -o /home/Jake/Desktop/cpre563/hls/hls/solution1/.autopilot/db/computePointHLS_dataflow_ana.wcfg 
Execute       syn_report -protoinst -model computePointHLS -o /home/Jake/Desktop/cpre563/hls/hls/solution1/.autopilot/db/computePointHLS.protoinst 
Execute       sc_get_clocks computePointHLS 
Execute       sc_get_portdomain computePointHLS 
INFO-FLOW: Model list for RTL component generation: computePointHLS_Pipeline_VITIS_LOOP_51_3 computePointHLS
INFO-FLOW: Handling components in module [computePointHLS_Pipeline_VITIS_LOOP_51_3] ... 
Execute       source /home/Jake/Desktop/cpre563/hls/hls/solution1/.autopilot/db/computePointHLS_Pipeline_VITIS_LOOP_51_3.compgen.tcl 
INFO-FLOW: Found component computePointHLS_fadd_32ns_32ns_32_4_full_dsp_1.
INFO-FLOW: Append model computePointHLS_fadd_32ns_32ns_32_4_full_dsp_1
INFO-FLOW: Found component computePointHLS_fmul_32ns_32ns_32_3_max_dsp_1.
INFO-FLOW: Append model computePointHLS_fmul_32ns_32ns_32_3_max_dsp_1
INFO-FLOW: Found component computePointHLS_flow_control_loop_pipe_sequential_init.
INFO-FLOW: Append model computePointHLS_flow_control_loop_pipe_sequential_init
INFO-FLOW: Handling components in module [computePointHLS] ... 
Execute       source /home/Jake/Desktop/cpre563/hls/hls/solution1/.autopilot/db/computePointHLS.compgen.tcl 
INFO-FLOW: Found component computePointHLS_fadd_32ns_32ns_32_4_full_dsp_1.
INFO-FLOW: Append model computePointHLS_fadd_32ns_32ns_32_4_full_dsp_1
INFO-FLOW: Found component computePointHLS_gmem0_m_axi.
INFO-FLOW: Append model computePointHLS_gmem0_m_axi
INFO-FLOW: Found component computePointHLS_gmem1_m_axi.
INFO-FLOW: Append model computePointHLS_gmem1_m_axi
INFO-FLOW: Found component computePointHLS_control_s_axi.
INFO-FLOW: Append model computePointHLS_control_s_axi
INFO-FLOW: Append model computePointHLS_Pipeline_VITIS_LOOP_51_3
INFO-FLOW: Append model computePointHLS
INFO-FLOW: Generating RTL model list ...
INFO-FLOW: All models in this session: computePointHLS_fadd_32ns_32ns_32_4_full_dsp_1 computePointHLS_fmul_32ns_32ns_32_3_max_dsp_1 computePointHLS_flow_control_loop_pipe_sequential_init computePointHLS_fadd_32ns_32ns_32_4_full_dsp_1 computePointHLS_gmem0_m_axi computePointHLS_gmem1_m_axi computePointHLS_control_s_axi computePointHLS_Pipeline_VITIS_LOOP_51_3 computePointHLS
INFO-FLOW: Generating /home/Jake/Desktop/cpre563/hls/hls/solution1/.autopilot/db/autopilot.rtl.models.txt file...
INFO-FLOW: To file: write model computePointHLS_fadd_32ns_32ns_32_4_full_dsp_1
INFO-FLOW: To file: write model computePointHLS_fmul_32ns_32ns_32_3_max_dsp_1
INFO-FLOW: To file: write model computePointHLS_flow_control_loop_pipe_sequential_init
INFO-FLOW: To file: write model computePointHLS_fadd_32ns_32ns_32_4_full_dsp_1
INFO-FLOW: To file: write model computePointHLS_gmem0_m_axi
INFO-FLOW: To file: write model computePointHLS_gmem1_m_axi
INFO-FLOW: To file: write model computePointHLS_control_s_axi
INFO-FLOW: To file: write model computePointHLS_Pipeline_VITIS_LOOP_51_3
INFO-FLOW: To file: write model computePointHLS
INFO-FLOW: Generating /home/Jake/Desktop/cpre563/hls/hls/solution1/.autopilot/db/autopilot.rtl.models.tcl file...
INFO-FLOW: Finished generating RTL model list.


INFO-FLOW: RTL Generation done.
INFO-FLOW: CAS Generation done.
INFO-FLOW: CBC Generation done.
INFO-FLOW: DBG:PROC: ::AESL_AUTOMG::auto_generate_csynth_design
INFO-FLOW: DBG:PUTS: read_platform_lib /home/Jake/Desktop/cpre563/hls/hls/solution1/.autopilot/db/global.setting.tcl
Execute       source /mnt/xilinx-dev-env/Vitis_HLS/2022.2/common/technology/generic/autopilot/common.gen 
Execute         source /mnt/xilinx-dev-env/Vitis_HLS/2022.2/common/technology/generic/autopilot/APCoreGen.gen 
Execute       source /mnt/xilinx-dev-env/Vitis_HLS/2022.2/common/technology/generic/autopilot/op.gen 
Execute       source /mnt/xilinx-dev-env/Vitis_HLS/2022.2/common/technology/generic/autopilot/op_simcore.gen 
Execute       source /mnt/xilinx-dev-env/Vitis_HLS/2022.2/common/technology/generic/autopilot/interface.gen 
Execute       source /home/Jake/Desktop/cpre563/hls/hls/solution1/.autopilot/db/global.setting.tcl 
Execute       source /mnt/xilinx-dev-env/Vitis_HLS/2022.2/common/technology/xilinx/common/xilinx.gen 
Execute         source /mnt/xilinx-dev-env/Vitis_HLS/2022.2/common/technology/xilinx/interface/plb46.gen 
Execute         source /mnt/xilinx-dev-env/Vitis_HLS/2022.2/common/technology/xilinx/interface/axi4.gen 
Execute         source /mnt/xilinx-dev-env/Vitis_HLS/2022.2/common/technology/xilinx/interface/nativeAXI4.gen 
Execute           source /mnt/xilinx-dev-env/Vitis_HLS/2022.2/common/technology/xilinx/interface/saxilite.gen 
Execute         source /mnt/xilinx-dev-env/Vitis_HLS/2022.2/common/technology/xilinx/scripts/xilinxcoregen.gen 
Execute         source /mnt/xilinx-dev-env/Vitis_HLS/2022.2/common/technology/xilinx/interface/XilEDKCoreGen.gen 
Execute         source /mnt/xilinx-dev-env/Vitis_HLS/2022.2/common/technology/xilinx/ip/xfir.gen 
Execute         source /mnt/xilinx-dev-env/Vitis_HLS/2022.2/common/technology/xilinx/ip/util.gen 
Execute         source /mnt/xilinx-dev-env/Vitis_HLS/2022.2/common/technology/xilinx/ip/dds_compiler.gen 
Execute         source /mnt/xilinx-dev-env/Vitis_HLS/2022.2/common/technology/xilinx/ip/xfft.gen 
Execute         source /mnt/xilinx-dev-env/Vitis_HLS/2022.2/common/technology/xilinx/DSP48/dsp48.gen 
INFO-FLOW: DBG:PUTS:   using AESL_AUTOCG::g_clock_period=10 (was NA)
INFO-FLOW: DBG:PROC: ::AESL_AUTOMG::generate_ip_cores gen_sim_model='1' gen_fp_models='0' gen_for_export='0' dstSCDir='' dstVhdlDir='/home/Jake/Desktop/cpre563/hls/hls/solution1/.autopilot/db/vhdl' dstVlogDir='/home/Jake/Desktop/cpre563/hls/hls/solution1/.autopilot/db/vlog' tclDir='/home/Jake/Desktop/cpre563/hls/hls/solution1/.autopilot/db' modelList='computePointHLS_fadd_32ns_32ns_32_4_full_dsp_1
computePointHLS_fmul_32ns_32ns_32_3_max_dsp_1
computePointHLS_flow_control_loop_pipe_sequential_init
computePointHLS_fadd_32ns_32ns_32_4_full_dsp_1
computePointHLS_gmem0_m_axi
computePointHLS_gmem1_m_axi
computePointHLS_control_s_axi
computePointHLS_Pipeline_VITIS_LOOP_51_3
computePointHLS
' expOnly='0'
Execute       source /home/Jake/Desktop/cpre563/hls/hls/solution1/.autopilot/db/global.setting.tcl 
Execute       ap_part_info -name xcku15p-ffva1156-2L-e -data names -quiet 
Execute       ap_part_info -name xcku15p-ffva1156-2L-e -data info -quiet 
Execute       source /home/Jake/Desktop/cpre563/hls/hls/solution1/.autopilot/db/global.setting.tcl 
Execute       source /home/Jake/Desktop/cpre563/hls/hls/solution1/.autopilot/db/global.setting.tcl 
Execute       source /home/Jake/Desktop/cpre563/hls/hls/solution1/.autopilot/db/computePointHLS_Pipeline_VITIS_LOOP_51_3.compgen.tcl 
Execute       source /home/Jake/Desktop/cpre563/hls/hls/solution1/.autopilot/db/computePointHLS.compgen.tcl 
Execute         source ./control.slave.tcl 
INFO: [HLS 200-111] Finished Generating all RTL models: CPU user time: 0.82 seconds. CPU system time: 0.01 seconds. Elapsed time: 0.84 seconds; current allocated memory: 818.648 MB.
INFO-FLOW: DBG:PROC: ::HLSREPORTS::create_csynth_xml bind_info_var='bind_info' RtlSubPrefix='computePointHLS_' outfile=''
INFO-FLOW: Running: create_csynth_xml read xml data
INFO-FLOW: Done: create_csynth_xml read xml data time: 0 seconds per iteration
INFO-FLOW: Running: create_csynth_xml bind info
INFO-FLOW: Done: create_csynth_xml bind info time: 0 seconds per iteration
INFO-FLOW: Running: create_csynth_xml config info
INFO-FLOW: Done: create_csynth_xml config info time: 0.1 seconds per iteration
INFO-FLOW: Running: create_csynth_xml write xml
INFO-FLOW: Done: create_csynth_xml write xml time: 0 seconds per iteration
INFO-FLOW: DBG:PUTS:      create_csynth_xml wrote csynth_xml=/home/Jake/Desktop/cpre563/hls/hls/solution1/syn/report/csynth.xml
INFO-FLOW: DBG:PROC: ::AP::DESIGN_DATA::generate_json generate_bd_files='0' generate_xo_files='0' modelList='computePointHLS_fadd_32ns_32ns_32_4_full_dsp_1
computePointHLS_fmul_32ns_32ns_32_3_max_dsp_1
computePointHLS_flow_control_loop_pipe_sequential_init
computePointHLS_fadd_32ns_32ns_32_4_full_dsp_1
computePointHLS_gmem0_m_axi
computePointHLS_gmem1_m_axi
computePointHLS_control_s_axi
computePointHLS_Pipeline_VITIS_LOOP_51_3
computePointHLS
' rtl_lang='both' bootstrap_tcl='false' outdir='' outfilename=''
Execute       source /home/Jake/Desktop/cpre563/hls/hls/solution1/.autopilot/db/global.setting.tcl 
Execute       source /home/Jake/Desktop/cpre563/hls/hls/solution1/.autopilot/db/global.setting.tcl 
Execute       source /home/Jake/Desktop/cpre563/hls/hls/solution1/.autopilot/db/top-io-be.tcl 
Execute       source /home/Jake/Desktop/cpre563/hls/hls/solution1/.autopilot/db/computePointHLS.tbgen.tcl 
Execute       source /home/Jake/Desktop/cpre563/hls/hls/solution1/.autopilot/db/computePointHLS.compgen.dataonly.tcl 
Execute       source /home/Jake/Desktop/cpre563/hls/hls/solution1/.autopilot/db/computePointHLS.compgen.dataonly.tcl 
Execute       source /home/Jake/Desktop/cpre563/hls/hls/solution1/.autopilot/db/computePointHLS.rtl_wrap.cfg.tcl 
Execute       source /home/Jake/Desktop/cpre563/hls/hls/solution1/.autopilot/db/computePointHLS.compgen.dataonly.tcl 
Execute       source /home/Jake/Desktop/cpre563/hls/hls/solution1/.autopilot/db/computePointHLS_Pipeline_VITIS_LOOP_51_3.tbgen.tcl 
Execute       source /home/Jake/Desktop/cpre563/hls/hls/solution1/.autopilot/db/computePointHLS.tbgen.tcl 
Execute       source /home/Jake/Desktop/cpre563/hls/hls/solution1/.autopilot/db/global.setting.tcl 
Execute       ap_part_info -name xcku15p-ffva1156-2L-e -data names -quiet 
Execute       ap_part_info -name xcku15p-ffva1156-2L-e -data info -quiet 
Execute       source /home/Jake/Desktop/cpre563/hls/hls/solution1/.autopilot/db/computePointHLS.constraint.tcl 
Execute       sc_get_clocks computePointHLS 
Execute       source /home/Jake/Desktop/cpre563/hls/hls/solution1/.autopilot/db/global.setting.tcl 
Execute       source /home/Jake/Desktop/cpre563/hls/hls/solution1/impl/misc/computePointHLS_fadd_32ns_32ns_32_4_full_dsp_1_ip.tcl 
Execute       source /home/Jake/Desktop/cpre563/hls/hls/solution1/impl/misc/computePointHLS_fmul_32ns_32ns_32_3_max_dsp_1_ip.tcl 
INFO-FLOW: DBG:PROC: ::HLSREPORTS::add_csynth_report_sections bind_info_dict='adapter_nodes {{BINDTYPE adapter DISPLAY {bind_adapter axilite} ID {} IMPL {} LATENCY {} OPTYPE {} PRAGMA yes RTLNAME control_s_axi_U SOURCE {} VARIABLE {} MODULE computePointHLS LOOP {} BUNDLEDNAME control DSP 0 BRAM 0 URAM 0} {BINDTYPE adapter DISPLAY {bind_adapter axi_master} ID {} IMPL {} LATENCY {} OPTYPE {} PRAGMA yes RTLNAME gmem0_m_axi_U SOURCE {} VARIABLE {} MODULE computePointHLS LOOP {} BUNDLEDNAME gmem0 DSP 0 BRAM 0 URAM 0} {BINDTYPE adapter DISPLAY {bind_adapter axi_master} ID {} IMPL {} LATENCY {} OPTYPE {} PRAGMA yes RTLNAME gmem1_m_axi_U SOURCE {} VARIABLE {} MODULE computePointHLS LOOP {} BUNDLEDNAME gmem1 DSP 0 BRAM 0 URAM 0}} report_dict {TOPINST computePointHLS MODULE2INSTS {computePointHLS computePointHLS computePointHLS_Pipeline_VITIS_LOOP_51_3 grp_computePointHLS_Pipeline_VITIS_LOOP_51_3_fu_419} INST2MODULE {computePointHLS computePointHLS grp_computePointHLS_Pipeline_VITIS_LOOP_51_3_fu_419 computePointHLS_Pipeline_VITIS_LOOP_51_3} INSTDATA {computePointHLS {DEPTH 1 CHILDREN grp_computePointHLS_Pipeline_VITIS_LOOP_51_3_fu_419} grp_computePointHLS_Pipeline_VITIS_LOOP_51_3_fu_419 {DEPTH 2 CHILDREN {}}} MODULEDATA {computePointHLS_Pipeline_VITIS_LOOP_51_3 {BINDINFO {{BINDTYPE op ID {} IMPL maxdsp LATENCY 2 OPTYPE fmul PRAGMA {} RTLNAME fmul_32ns_32ns_32_3_max_dsp_1_U12 SOURCE ../base/src/layers/Compute_HLS.cpp:55 VARIABLE mul LOOP VITIS_LOOP_51_3 BUNDLEDNAME {} DSP 3 BRAM 0 URAM 0 DISPNAME {bind_op fmul}} {BINDTYPE op ID {} IMPL maxdsp LATENCY 2 OPTYPE fmul PRAGMA {} RTLNAME fmul_32ns_32ns_32_3_max_dsp_1_U13 SOURCE ../base/src/layers/Compute_HLS.cpp:55 VARIABLE mul22_1 LOOP VITIS_LOOP_51_3 BUNDLEDNAME {} DSP 3 BRAM 0 URAM 0 DISPNAME {bind_op fmul}} {BINDTYPE op ID {} IMPL fulldsp LATENCY 3 OPTYPE fadd PRAGMA {} RTLNAME fadd_32ns_32ns_32_4_full_dsp_1_U2 SOURCE ../base/src/layers/Compute_HLS.cpp:55 VARIABLE add25_1 LOOP VITIS_LOOP_51_3 BUNDLEDNAME {} DSP 2 BRAM 0 URAM 0 DISPNAME {bind_op fadd}} {BINDTYPE op ID {} IMPL maxdsp LATENCY 2 OPTYPE fmul PRAGMA {} RTLNAME fmul_32ns_32ns_32_3_max_dsp_1_U14 SOURCE ../base/src/layers/Compute_HLS.cpp:55 VARIABLE mul22_2 LOOP VITIS_LOOP_51_3 BUNDLEDNAME {} DSP 3 BRAM 0 URAM 0 DISPNAME {bind_op fmul}} {BINDTYPE op ID {} IMPL fulldsp LATENCY 3 OPTYPE fadd PRAGMA {} RTLNAME fadd_32ns_32ns_32_4_full_dsp_1_U3 SOURCE ../base/src/layers/Compute_HLS.cpp:55 VARIABLE add25_2 LOOP VITIS_LOOP_51_3 BUNDLEDNAME {} DSP 2 BRAM 0 URAM 0 DISPNAME {bind_op fadd}} {BINDTYPE op ID {} IMPL maxdsp LATENCY 2 OPTYPE fmul PRAGMA {} RTLNAME fmul_32ns_32ns_32_3_max_dsp_1_U15 SOURCE ../base/src/layers/Compute_HLS.cpp:55 VARIABLE mul22_3 LOOP VITIS_LOOP_51_3 BUNDLEDNAME {} DSP 3 BRAM 0 URAM 0 DISPNAME {bind_op fmul}} {BINDTYPE op ID {} IMPL fulldsp LATENCY 3 OPTYPE fadd PRAGMA {} RTLNAME fadd_32ns_32ns_32_4_full_dsp_1_U4 SOURCE ../base/src/layers/Compute_HLS.cpp:55 VARIABLE add25_3 LOOP VITIS_LOOP_51_3 BUNDLEDNAME {} DSP 2 BRAM 0 URAM 0 DISPNAME {bind_op fadd}} {BINDTYPE op ID {} IMPL maxdsp LATENCY 2 OPTYPE fmul PRAGMA {} RTLNAME fmul_32ns_32ns_32_3_max_dsp_1_U16 SOURCE ../base/src/layers/Compute_HLS.cpp:55 VARIABLE mul22_4 LOOP VITIS_LOOP_51_3 BUNDLEDNAME {} DSP 3 BRAM 0 URAM 0 DISPNAME {bind_op fmul}} {BINDTYPE op ID {} IMPL fulldsp LATENCY 3 OPTYPE fadd PRAGMA {} RTLNAME fadd_32ns_32ns_32_4_full_dsp_1_U5 SOURCE ../base/src/layers/Compute_HLS.cpp:55 VARIABLE add25_4 LOOP VITIS_LOOP_51_3 BUNDLEDNAME {} DSP 2 BRAM 0 URAM 0 DISPNAME {bind_op fadd}} {BINDTYPE op ID {} IMPL maxdsp LATENCY 2 OPTYPE fmul PRAGMA {} RTLNAME fmul_32ns_32ns_32_3_max_dsp_1_U17 SOURCE ../base/src/layers/Compute_HLS.cpp:55 VARIABLE mul22_5 LOOP VITIS_LOOP_51_3 BUNDLEDNAME {} DSP 3 BRAM 0 URAM 0 DISPNAME {bind_op fmul}} {BINDTYPE op ID {} IMPL fulldsp LATENCY 3 OPTYPE fadd PRAGMA {} RTLNAME fadd_32ns_32ns_32_4_full_dsp_1_U6 SOURCE ../base/src/layers/Compute_HLS.cpp:55 VARIABLE add25_5 LOOP VITIS_LOOP_51_3 BUNDLEDNAME {} DSP 2 BRAM 0 URAM 0 DISPNAME {bind_op fadd}} {BINDTYPE op ID {} IMPL maxdsp LATENCY 2 OPTYPE fmul PRAGMA {} RTLNAME fmul_32ns_32ns_32_3_max_dsp_1_U18 SOURCE ../base/src/layers/Compute_HLS.cpp:55 VARIABLE mul22_6 LOOP VITIS_LOOP_51_3 BUNDLEDNAME {} DSP 3 BRAM 0 URAM 0 DISPNAME {bind_op fmul}} {BINDTYPE op ID {} IMPL fulldsp LATENCY 3 OPTYPE fadd PRAGMA {} RTLNAME fadd_32ns_32ns_32_4_full_dsp_1_U7 SOURCE ../base/src/layers/Compute_HLS.cpp:55 VARIABLE add25_6 LOOP VITIS_LOOP_51_3 BUNDLEDNAME {} DSP 2 BRAM 0 URAM 0 DISPNAME {bind_op fadd}} {BINDTYPE op ID {} IMPL maxdsp LATENCY 2 OPTYPE fmul PRAGMA {} RTLNAME fmul_32ns_32ns_32_3_max_dsp_1_U19 SOURCE ../base/src/layers/Compute_HLS.cpp:55 VARIABLE mul22_7 LOOP VITIS_LOOP_51_3 BUNDLEDNAME {} DSP 3 BRAM 0 URAM 0 DISPNAME {bind_op fmul}} {BINDTYPE op ID {} IMPL fulldsp LATENCY 3 OPTYPE fadd PRAGMA {} RTLNAME fadd_32ns_32ns_32_4_full_dsp_1_U8 SOURCE ../base/src/layers/Compute_HLS.cpp:55 VARIABLE add25_7 LOOP VITIS_LOOP_51_3 BUNDLEDNAME {} DSP 2 BRAM 0 URAM 0 DISPNAME {bind_op fadd}} {BINDTYPE op ID {} IMPL maxdsp LATENCY 2 OPTYPE fmul PRAGMA {} RTLNAME fmul_32ns_32ns_32_3_max_dsp_1_U20 SOURCE ../base/src/layers/Compute_HLS.cpp:55 VARIABLE mul22_8 LOOP VITIS_LOOP_51_3 BUNDLEDNAME {} DSP 3 BRAM 0 URAM 0 DISPNAME {bind_op fmul}} {BINDTYPE op ID {} IMPL fulldsp LATENCY 3 OPTYPE fadd PRAGMA {} RTLNAME fadd_32ns_32ns_32_4_full_dsp_1_U9 SOURCE ../base/src/layers/Compute_HLS.cpp:55 VARIABLE add25_8 LOOP VITIS_LOOP_51_3 BUNDLEDNAME {} DSP 2 BRAM 0 URAM 0 DISPNAME {bind_op fadd}} {BINDTYPE op ID {} IMPL maxdsp LATENCY 2 OPTYPE fmul PRAGMA {} RTLNAME fmul_32ns_32ns_32_3_max_dsp_1_U21 SOURCE ../base/src/layers/Compute_HLS.cpp:55 VARIABLE mul22_9 LOOP VITIS_LOOP_51_3 BUNDLEDNAME {} DSP 3 BRAM 0 URAM 0 DISPNAME {bind_op fmul}} {BINDTYPE op ID {} IMPL fulldsp LATENCY 3 OPTYPE fadd PRAGMA {} RTLNAME fadd_32ns_32ns_32_4_full_dsp_1_U10 SOURCE ../base/src/layers/Compute_HLS.cpp:55 VARIABLE add25_9 LOOP VITIS_LOOP_51_3 BUNDLEDNAME {} DSP 2 BRAM 0 URAM 0 DISPNAME {bind_op fadd}} {BINDTYPE op ID {} IMPL maxdsp LATENCY 2 OPTYPE fmul PRAGMA {} RTLNAME fmul_32ns_32ns_32_3_max_dsp_1_U22 SOURCE ../base/src/layers/Compute_HLS.cpp:55 VARIABLE mul22_s LOOP VITIS_LOOP_51_3 BUNDLEDNAME {} DSP 3 BRAM 0 URAM 0 DISPNAME {bind_op fmul}} {BINDTYPE op ID {} IMPL fulldsp LATENCY 3 OPTYPE fadd PRAGMA {} RTLNAME fadd_32ns_32ns_32_4_full_dsp_1_U11 SOURCE ../base/src/layers/Compute_HLS.cpp:55 VARIABLE add25_s LOOP VITIS_LOOP_51_3 BUNDLEDNAME {} DSP 2 BRAM 0 URAM 0 DISPNAME {bind_op fadd}} {BINDTYPE op ID {} IMPL maxdsp LATENCY 2 OPTYPE fmul PRAGMA {} RTLNAME fmul_32ns_32ns_32_3_max_dsp_1_U12 SOURCE ../base/src/layers/Compute_HLS.cpp:55 VARIABLE mul22_10 LOOP VITIS_LOOP_51_3 BUNDLEDNAME {} DSP 3 BRAM 0 URAM 0 DISPNAME {bind_op fmul}} {BINDTYPE op ID {} IMPL maxdsp LATENCY 2 OPTYPE fmul PRAGMA {} RTLNAME fmul_32ns_32ns_32_3_max_dsp_1_U13 SOURCE ../base/src/layers/Compute_HLS.cpp:55 VARIABLE mul22_11 LOOP VITIS_LOOP_51_3 BUNDLEDNAME {} DSP 3 BRAM 0 URAM 0 DISPNAME {bind_op fmul}} {BINDTYPE op ID {} IMPL fulldsp LATENCY 3 OPTYPE fadd PRAGMA {} RTLNAME fadd_32ns_32ns_32_4_full_dsp_1_U2 SOURCE ../base/src/layers/Compute_HLS.cpp:55 VARIABLE add25_11 LOOP VITIS_LOOP_51_3 BUNDLEDNAME {} DSP 2 BRAM 0 URAM 0 DISPNAME {bind_op fadd}} {BINDTYPE op ID {} IMPL maxdsp LATENCY 2 OPTYPE fmul PRAGMA {} RTLNAME fmul_32ns_32ns_32_3_max_dsp_1_U14 SOURCE ../base/src/layers/Compute_HLS.cpp:55 VARIABLE mul22_12 LOOP VITIS_LOOP_51_3 BUNDLEDNAME {} DSP 3 BRAM 0 URAM 0 DISPNAME {bind_op fmul}} {BINDTYPE op ID {} IMPL fulldsp LATENCY 3 OPTYPE fadd PRAGMA {} RTLNAME fadd_32ns_32ns_32_4_full_dsp_1_U3 SOURCE ../base/src/layers/Compute_HLS.cpp:55 VARIABLE add25_12 LOOP VITIS_LOOP_51_3 BUNDLEDNAME {} DSP 2 BRAM 0 URAM 0 DISPNAME {bind_op fadd}} {BINDTYPE op ID {} IMPL maxdsp LATENCY 2 OPTYPE fmul PRAGMA {} RTLNAME fmul_32ns_32ns_32_3_max_dsp_1_U15 SOURCE ../base/src/layers/Compute_HLS.cpp:55 VARIABLE mul22_13 LOOP VITIS_LOOP_51_3 BUNDLEDNAME {} DSP 3 BRAM 0 URAM 0 DISPNAME {bind_op fmul}} {BINDTYPE op ID {} IMPL fulldsp LATENCY 3 OPTYPE fadd PRAGMA {} RTLNAME fadd_32ns_32ns_32_4_full_dsp_1_U4 SOURCE ../base/src/layers/Compute_HLS.cpp:55 VARIABLE add25_13 LOOP VITIS_LOOP_51_3 BUNDLEDNAME {} DSP 2 BRAM 0 URAM 0 DISPNAME {bind_op fadd}} {BINDTYPE op ID {} IMPL maxdsp LATENCY 2 OPTYPE fmul PRAGMA {} RTLNAME fmul_32ns_32ns_32_3_max_dsp_1_U16 SOURCE ../base/src/layers/Compute_HLS.cpp:55 VARIABLE mul22_14 LOOP VITIS_LOOP_51_3 BUNDLEDNAME {} DSP 3 BRAM 0 URAM 0 DISPNAME {bind_op fmul}} {BINDTYPE op ID {} IMPL fulldsp LATENCY 3 OPTYPE fadd PRAGMA {} RTLNAME fadd_32ns_32ns_32_4_full_dsp_1_U5 SOURCE ../base/src/layers/Compute_HLS.cpp:55 VARIABLE add25_14 LOOP VITIS_LOOP_51_3 BUNDLEDNAME {} DSP 2 BRAM 0 URAM 0 DISPNAME {bind_op fadd}} {BINDTYPE op ID {} IMPL maxdsp LATENCY 2 OPTYPE fmul PRAGMA {} RTLNAME fmul_32ns_32ns_32_3_max_dsp_1_U17 SOURCE ../base/src/layers/Compute_HLS.cpp:55 VARIABLE mul22_15 LOOP VITIS_LOOP_51_3 BUNDLEDNAME {} DSP 3 BRAM 0 URAM 0 DISPNAME {bind_op fmul}} {BINDTYPE op ID {} IMPL fulldsp LATENCY 3 OPTYPE fadd PRAGMA {} RTLNAME fadd_32ns_32ns_32_4_full_dsp_1_U6 SOURCE ../base/src/layers/Compute_HLS.cpp:55 VARIABLE add25_15 LOOP VITIS_LOOP_51_3 BUNDLEDNAME {} DSP 2 BRAM 0 URAM 0 DISPNAME {bind_op fadd}} {BINDTYPE op ID {} IMPL maxdsp LATENCY 2 OPTYPE fmul PRAGMA {} RTLNAME fmul_32ns_32ns_32_3_max_dsp_1_U18 SOURCE ../base/src/layers/Compute_HLS.cpp:55 VARIABLE mul22_16 LOOP VITIS_LOOP_51_3 BUNDLEDNAME {} DSP 3 BRAM 0 URAM 0 DISPNAME {bind_op fmul}} {BINDTYPE op ID {} IMPL fulldsp LATENCY 3 OPTYPE fadd PRAGMA {} RTLNAME fadd_32ns_32ns_32_4_full_dsp_1_U7 SOURCE ../base/src/layers/Compute_HLS.cpp:55 VARIABLE add25_16 LOOP VITIS_LOOP_51_3 BUNDLEDNAME {} DSP 2 BRAM 0 URAM 0 DISPNAME {bind_op fadd}} {BINDTYPE op ID {} IMPL maxdsp LATENCY 2 OPTYPE fmul PRAGMA {} RTLNAME fmul_32ns_32ns_32_3_max_dsp_1_U19 SOURCE ../base/src/layers/Compute_HLS.cpp:55 VARIABLE mul22_17 LOOP VITIS_LOOP_51_3 BUNDLEDNAME {} DSP 3 BRAM 0 URAM 0 DISPNAME {bind_op fmul}} {BINDTYPE op ID {} IMPL fulldsp LATENCY 3 OPTYPE fadd PRAGMA {} RTLNAME fadd_32ns_32ns_32_4_full_dsp_1_U8 SOURCE ../base/src/layers/Compute_HLS.cpp:55 VARIABLE add25_17 LOOP VITIS_LOOP_51_3 BUNDLEDNAME {} DSP 2 BRAM 0 URAM 0 DISPNAME {bind_op fadd}} {BINDTYPE op ID {} IMPL maxdsp LATENCY 2 OPTYPE fmul PRAGMA {} RTLNAME fmul_32ns_32ns_32_3_max_dsp_1_U20 SOURCE ../base/src/layers/Compute_HLS.cpp:55 VARIABLE mul22_18 LOOP VITIS_LOOP_51_3 BUNDLEDNAME {} DSP 3 BRAM 0 URAM 0 DISPNAME {bind_op fmul}} {BINDTYPE op ID {} IMPL fulldsp LATENCY 3 OPTYPE fadd PRAGMA {} RTLNAME fadd_32ns_32ns_32_4_full_dsp_1_U9 SOURCE ../base/src/layers/Compute_HLS.cpp:55 VARIABLE add25_18 LOOP VITIS_LOOP_51_3 BUNDLEDNAME {} DSP 2 BRAM 0 URAM 0 DISPNAME {bind_op fadd}} {BINDTYPE op ID {} IMPL maxdsp LATENCY 2 OPTYPE fmul PRAGMA {} RTLNAME fmul_32ns_32ns_32_3_max_dsp_1_U21 SOURCE ../base/src/layers/Compute_HLS.cpp:55 VARIABLE mul22_19 LOOP VITIS_LOOP_51_3 BUNDLEDNAME {} DSP 3 BRAM 0 URAM 0 DISPNAME {bind_op fmul}} {BINDTYPE op ID {} IMPL fulldsp LATENCY 3 OPTYPE fadd PRAGMA {} RTLNAME fadd_32ns_32ns_32_4_full_dsp_1_U10 SOURCE ../base/src/layers/Compute_HLS.cpp:55 VARIABLE add25_19 LOOP VITIS_LOOP_51_3 BUNDLEDNAME {} DSP 2 BRAM 0 URAM 0 DISPNAME {bind_op fadd}} {BINDTYPE op ID {} IMPL maxdsp LATENCY 2 OPTYPE fmul PRAGMA {} RTLNAME fmul_32ns_32ns_32_3_max_dsp_1_U22 SOURCE ../base/src/layers/Compute_HLS.cpp:55 VARIABLE mul22_20 LOOP VITIS_LOOP_51_3 BUNDLEDNAME {} DSP 3 BRAM 0 URAM 0 DISPNAME {bind_op fmul}} {BINDTYPE op ID {} IMPL fulldsp LATENCY 3 OPTYPE fadd PRAGMA {} RTLNAME fadd_32ns_32ns_32_4_full_dsp_1_U11 SOURCE ../base/src/layers/Compute_HLS.cpp:55 VARIABLE add25_20 LOOP VITIS_LOOP_51_3 BUNDLEDNAME {} DSP 2 BRAM 0 URAM 0 DISPNAME {bind_op fadd}} {BINDTYPE op ID {} IMPL maxdsp LATENCY 2 OPTYPE fmul PRAGMA {} RTLNAME fmul_32ns_32ns_32_3_max_dsp_1_U12 SOURCE ../base/src/layers/Compute_HLS.cpp:55 VARIABLE mul22_21 LOOP VITIS_LOOP_51_3 BUNDLEDNAME {} DSP 3 BRAM 0 URAM 0 DISPNAME {bind_op fmul}} {BINDTYPE op ID {} IMPL maxdsp LATENCY 2 OPTYPE fmul PRAGMA {} RTLNAME fmul_32ns_32ns_32_3_max_dsp_1_U13 SOURCE ../base/src/layers/Compute_HLS.cpp:55 VARIABLE mul22_22 LOOP VITIS_LOOP_51_3 BUNDLEDNAME {} DSP 3 BRAM 0 URAM 0 DISPNAME {bind_op fmul}} {BINDTYPE op ID {} IMPL fulldsp LATENCY 3 OPTYPE fadd PRAGMA {} RTLNAME fadd_32ns_32ns_32_4_full_dsp_1_U2 SOURCE ../base/src/layers/Compute_HLS.cpp:55 VARIABLE add25_22 LOOP VITIS_LOOP_51_3 BUNDLEDNAME {} DSP 2 BRAM 0 URAM 0 DISPNAME {bind_op fadd}} {BINDTYPE op ID {} IMPL maxdsp LATENCY 2 OPTYPE fmul PRAGMA {} RTLNAME fmul_32ns_32ns_32_3_max_dsp_1_U14 SOURCE ../base/src/layers/Compute_HLS.cpp:55 VARIABLE mul22_23 LOOP VITIS_LOOP_51_3 BUNDLEDNAME {} DSP 3 BRAM 0 URAM 0 DISPNAME {bind_op fmul}} {BINDTYPE op ID {} IMPL fulldsp LATENCY 3 OPTYPE fadd PRAGMA {} RTLNAME fadd_32ns_32ns_32_4_full_dsp_1_U3 SOURCE ../base/src/layers/Compute_HLS.cpp:55 VARIABLE add25_23 LOOP VITIS_LOOP_51_3 BUNDLEDNAME {} DSP 2 BRAM 0 URAM 0 DISPNAME {bind_op fadd}} {BINDTYPE op ID {} IMPL maxdsp LATENCY 2 OPTYPE fmul PRAGMA {} RTLNAME fmul_32ns_32ns_32_3_max_dsp_1_U15 SOURCE ../base/src/layers/Compute_HLS.cpp:55 VARIABLE mul22_24 LOOP VITIS_LOOP_51_3 BUNDLEDNAME {} DSP 3 BRAM 0 URAM 0 DISPNAME {bind_op fmul}} {BINDTYPE op ID {} IMPL fulldsp LATENCY 3 OPTYPE fadd PRAGMA {} RTLNAME fadd_32ns_32ns_32_4_full_dsp_1_U4 SOURCE ../base/src/layers/Compute_HLS.cpp:55 VARIABLE add25_24 LOOP VITIS_LOOP_51_3 BUNDLEDNAME {} DSP 2 BRAM 0 URAM 0 DISPNAME {bind_op fadd}} {BINDTYPE op ID {} IMPL maxdsp LATENCY 2 OPTYPE fmul PRAGMA {} RTLNAME fmul_32ns_32ns_32_3_max_dsp_1_U16 SOURCE ../base/src/layers/Compute_HLS.cpp:55 VARIABLE mul22_25 LOOP VITIS_LOOP_51_3 BUNDLEDNAME {} DSP 3 BRAM 0 URAM 0 DISPNAME {bind_op fmul}} {BINDTYPE op ID {} IMPL fulldsp LATENCY 3 OPTYPE fadd PRAGMA {} RTLNAME fadd_32ns_32ns_32_4_full_dsp_1_U5 SOURCE ../base/src/layers/Compute_HLS.cpp:55 VARIABLE add25_25 LOOP VITIS_LOOP_51_3 BUNDLEDNAME {} DSP 2 BRAM 0 URAM 0 DISPNAME {bind_op fadd}} {BINDTYPE op ID {} IMPL maxdsp LATENCY 2 OPTYPE fmul PRAGMA {} RTLNAME fmul_32ns_32ns_32_3_max_dsp_1_U17 SOURCE ../base/src/layers/Compute_HLS.cpp:55 VARIABLE mul22_26 LOOP VITIS_LOOP_51_3 BUNDLEDNAME {} DSP 3 BRAM 0 URAM 0 DISPNAME {bind_op fmul}} {BINDTYPE op ID {} IMPL fulldsp LATENCY 3 OPTYPE fadd PRAGMA {} RTLNAME fadd_32ns_32ns_32_4_full_dsp_1_U6 SOURCE ../base/src/layers/Compute_HLS.cpp:55 VARIABLE add25_26 LOOP VITIS_LOOP_51_3 BUNDLEDNAME {} DSP 2 BRAM 0 URAM 0 DISPNAME {bind_op fadd}} {BINDTYPE op ID {} IMPL maxdsp LATENCY 2 OPTYPE fmul PRAGMA {} RTLNAME fmul_32ns_32ns_32_3_max_dsp_1_U18 SOURCE ../base/src/layers/Compute_HLS.cpp:55 VARIABLE mul22_27 LOOP VITIS_LOOP_51_3 BUNDLEDNAME {} DSP 3 BRAM 0 URAM 0 DISPNAME {bind_op fmul}} {BINDTYPE op ID {} IMPL fulldsp LATENCY 3 OPTYPE fadd PRAGMA {} RTLNAME fadd_32ns_32ns_32_4_full_dsp_1_U7 SOURCE ../base/src/layers/Compute_HLS.cpp:55 VARIABLE add25_27 LOOP VITIS_LOOP_51_3 BUNDLEDNAME {} DSP 2 BRAM 0 URAM 0 DISPNAME {bind_op fadd}} {BINDTYPE op ID {} IMPL maxdsp LATENCY 2 OPTYPE fmul PRAGMA {} RTLNAME fmul_32ns_32ns_32_3_max_dsp_1_U19 SOURCE ../base/src/layers/Compute_HLS.cpp:55 VARIABLE mul22_28 LOOP VITIS_LOOP_51_3 BUNDLEDNAME {} DSP 3 BRAM 0 URAM 0 DISPNAME {bind_op fmul}} {BINDTYPE op ID {} IMPL fulldsp LATENCY 3 OPTYPE fadd PRAGMA {} RTLNAME fadd_32ns_32ns_32_4_full_dsp_1_U8 SOURCE ../base/src/layers/Compute_HLS.cpp:55 VARIABLE add25_28 LOOP VITIS_LOOP_51_3 BUNDLEDNAME {} DSP 2 BRAM 0 URAM 0 DISPNAME {bind_op fadd}} {BINDTYPE op ID {} IMPL maxdsp LATENCY 2 OPTYPE fmul PRAGMA {} RTLNAME fmul_32ns_32ns_32_3_max_dsp_1_U20 SOURCE ../base/src/layers/Compute_HLS.cpp:55 VARIABLE mul22_29 LOOP VITIS_LOOP_51_3 BUNDLEDNAME {} DSP 3 BRAM 0 URAM 0 DISPNAME {bind_op fmul}} {BINDTYPE op ID {} IMPL fulldsp LATENCY 3 OPTYPE fadd PRAGMA {} RTLNAME fadd_32ns_32ns_32_4_full_dsp_1_U9 SOURCE ../base/src/layers/Compute_HLS.cpp:55 VARIABLE add25_29 LOOP VITIS_LOOP_51_3 BUNDLEDNAME {} DSP 2 BRAM 0 URAM 0 DISPNAME {bind_op fadd}} {BINDTYPE op ID {} IMPL maxdsp LATENCY 2 OPTYPE fmul PRAGMA {} RTLNAME fmul_32ns_32ns_32_3_max_dsp_1_U21 SOURCE ../base/src/layers/Compute_HLS.cpp:55 VARIABLE mul22_30 LOOP VITIS_LOOP_51_3 BUNDLEDNAME {} DSP 3 BRAM 0 URAM 0 DISPNAME {bind_op fmul}} {BINDTYPE op ID {} IMPL fulldsp LATENCY 3 OPTYPE fadd PRAGMA {} RTLNAME fadd_32ns_32ns_32_4_full_dsp_1_U10 SOURCE ../base/src/layers/Compute_HLS.cpp:55 VARIABLE add25_30 LOOP VITIS_LOOP_51_3 BUNDLEDNAME {} DSP 2 BRAM 0 URAM 0 DISPNAME {bind_op fadd}} {BINDTYPE op ID {} IMPL fabric LATENCY 0 OPTYPE add PRAGMA {} RTLNAME add_ln51_fu_1600_p2 SOURCE ../base/src/layers/Compute_HLS.cpp:51 VARIABLE add_ln51 LOOP VITIS_LOOP_51_3 BUNDLEDNAME {} DSP 0 BRAM 0 URAM 0 DISPNAME {bind_op add}}} AREA {DSP 53 BRAM 0 URAM 0}} computePointHLS {BINDINFO {{BINDTYPE op ID {} IMPL fabric LATENCY 0 OPTYPE add PRAGMA {} RTLNAME add_ln49_fu_725_p2 SOURCE ../base/src/layers/Compute_HLS.cpp:49 VARIABLE add_ln49 LOOP VITIS_LOOP_49_2 BUNDLEDNAME {} DSP 0 BRAM 0 URAM 0 DISPNAME {bind_op add}} {BINDTYPE op ID {} IMPL fulldsp LATENCY 3 OPTYPE fadd PRAGMA {} RTLNAME fadd_32ns_32ns_32_4_full_dsp_1_U93 SOURCE ../base/src/layers/Compute_HLS.cpp:61 VARIABLE add1 LOOP VITIS_LOOP_49_2 BUNDLEDNAME {} DSP 2 BRAM 0 URAM 0 DISPNAME {bind_op fadd}} {BINDTYPE op ID {} IMPL fulldsp LATENCY 3 OPTYPE fadd PRAGMA {} RTLNAME fadd_32ns_32ns_32_4_full_dsp_1_U93 SOURCE ../base/src/layers/Compute_HLS.cpp:61 VARIABLE add40_1 LOOP VITIS_LOOP_49_2 BUNDLEDNAME {} DSP 2 BRAM 0 URAM 0 DISPNAME {bind_op fadd}} {BINDTYPE op ID {} IMPL fulldsp LATENCY 3 OPTYPE fadd PRAGMA {} RTLNAME fadd_32ns_32ns_32_4_full_dsp_1_U93 SOURCE ../base/src/layers/Compute_HLS.cpp:61 VARIABLE add40_2 LOOP VITIS_LOOP_49_2 BUNDLEDNAME {} DSP 2 BRAM 0 URAM 0 DISPNAME {bind_op fadd}} {BINDTYPE op ID {} IMPL fulldsp LATENCY 3 OPTYPE fadd PRAGMA {} RTLNAME fadd_32ns_32ns_32_4_full_dsp_1_U93 SOURCE ../base/src/layers/Compute_HLS.cpp:61 VARIABLE add40_3 LOOP VITIS_LOOP_49_2 BUNDLEDNAME {} DSP 2 BRAM 0 URAM 0 DISPNAME {bind_op fadd}} {BINDTYPE op ID {} IMPL fulldsp LATENCY 3 OPTYPE fadd PRAGMA {} RTLNAME fadd_32ns_32ns_32_4_full_dsp_1_U93 SOURCE ../base/src/layers/Compute_HLS.cpp:61 VARIABLE add40_4 LOOP VITIS_LOOP_49_2 BUNDLEDNAME {} DSP 2 BRAM 0 URAM 0 DISPNAME {bind_op fadd}} {BINDTYPE op ID {} IMPL fulldsp LATENCY 3 OPTYPE fadd PRAGMA {} RTLNAME fadd_32ns_32ns_32_4_full_dsp_1_U93 SOURCE ../base/src/layers/Compute_HLS.cpp:61 VARIABLE add40_5 LOOP VITIS_LOOP_49_2 BUNDLEDNAME {} DSP 2 BRAM 0 URAM 0 DISPNAME {bind_op fadd}} {BINDTYPE op ID {} IMPL fulldsp LATENCY 3 OPTYPE fadd PRAGMA {} RTLNAME fadd_32ns_32ns_32_4_full_dsp_1_U93 SOURCE ../base/src/layers/Compute_HLS.cpp:61 VARIABLE add40_6 LOOP VITIS_LOOP_49_2 BUNDLEDNAME {} DSP 2 BRAM 0 URAM 0 DISPNAME {bind_op fadd}} {BINDTYPE op ID {} IMPL fulldsp LATENCY 3 OPTYPE fadd PRAGMA {} RTLNAME fadd_32ns_32ns_32_4_full_dsp_1_U93 SOURCE ../base/src/layers/Compute_HLS.cpp:61 VARIABLE add40_7 LOOP VITIS_LOOP_49_2 BUNDLEDNAME {} DSP 2 BRAM 0 URAM 0 DISPNAME {bind_op fadd}} {BINDTYPE op ID {} IMPL fulldsp LATENCY 3 OPTYPE fadd PRAGMA {} RTLNAME fadd_32ns_32ns_32_4_full_dsp_1_U93 SOURCE ../base/src/layers/Compute_HLS.cpp:61 VARIABLE add40_8 LOOP VITIS_LOOP_49_2 BUNDLEDNAME {} DSP 2 BRAM 0 URAM 0 DISPNAME {bind_op fadd}} {BINDTYPE op ID {} IMPL fulldsp LATENCY 3 OPTYPE fadd PRAGMA {} RTLNAME fadd_32ns_32ns_32_4_full_dsp_1_U93 SOURCE ../base/src/layers/Compute_HLS.cpp:61 VARIABLE add40_9 LOOP VITIS_LOOP_49_2 BUNDLEDNAME {} DSP 2 BRAM 0 URAM 0 DISPNAME {bind_op fadd}} {BINDTYPE op ID {} IMPL fulldsp LATENCY 3 OPTYPE fadd PRAGMA {} RTLNAME fadd_32ns_32ns_32_4_full_dsp_1_U93 SOURCE ../base/src/layers/Compute_HLS.cpp:61 VARIABLE add40_s LOOP VITIS_LOOP_49_2 BUNDLEDNAME {} DSP 2 BRAM 0 URAM 0 DISPNAME {bind_op fadd}} {BINDTYPE op ID {} IMPL fulldsp LATENCY 3 OPTYPE fadd PRAGMA {} RTLNAME fadd_32ns_32ns_32_4_full_dsp_1_U93 SOURCE ../base/src/layers/Compute_HLS.cpp:61 VARIABLE add40_10 LOOP VITIS_LOOP_49_2 BUNDLEDNAME {} DSP 2 BRAM 0 URAM 0 DISPNAME {bind_op fadd}} {BINDTYPE op ID {} IMPL fulldsp LATENCY 3 OPTYPE fadd PRAGMA {} RTLNAME fadd_32ns_32ns_32_4_full_dsp_1_U93 SOURCE ../base/src/layers/Compute_HLS.cpp:61 VARIABLE add40_11 LOOP VITIS_LOOP_49_2 BUNDLEDNAME {} DSP 2 BRAM 0 URAM 0 DISPNAME {bind_op fadd}} {BINDTYPE op ID {} IMPL fulldsp LATENCY 3 OPTYPE fadd PRAGMA {} RTLNAME fadd_32ns_32ns_32_4_full_dsp_1_U93 SOURCE ../base/src/layers/Compute_HLS.cpp:61 VARIABLE add40_12 LOOP VITIS_LOOP_49_2 BUNDLEDNAME {} DSP 2 BRAM 0 URAM 0 DISPNAME {bind_op fadd}} {BINDTYPE op ID {} IMPL fulldsp LATENCY 3 OPTYPE fadd PRAGMA {} RTLNAME fadd_32ns_32ns_32_4_full_dsp_1_U93 SOURCE ../base/src/layers/Compute_HLS.cpp:61 VARIABLE add40_13 LOOP VITIS_LOOP_49_2 BUNDLEDNAME {} DSP 2 BRAM 0 URAM 0 DISPNAME {bind_op fadd}} {BINDTYPE op ID {} IMPL fulldsp LATENCY 3 OPTYPE fadd PRAGMA {} RTLNAME fadd_32ns_32ns_32_4_full_dsp_1_U93 SOURCE ../base/src/layers/Compute_HLS.cpp:61 VARIABLE add40_14 LOOP VITIS_LOOP_49_2 BUNDLEDNAME {} DSP 2 BRAM 0 URAM 0 DISPNAME {bind_op fadd}} {BINDTYPE op ID {} IMPL fulldsp LATENCY 3 OPTYPE fadd PRAGMA {} RTLNAME fadd_32ns_32ns_32_4_full_dsp_1_U93 SOURCE ../base/src/layers/Compute_HLS.cpp:61 VARIABLE add40_15 LOOP VITIS_LOOP_49_2 BUNDLEDNAME {} DSP 2 BRAM 0 URAM 0 DISPNAME {bind_op fadd}} {BINDTYPE op ID {} IMPL fulldsp LATENCY 3 OPTYPE fadd PRAGMA {} RTLNAME fadd_32ns_32ns_32_4_full_dsp_1_U93 SOURCE ../base/src/layers/Compute_HLS.cpp:61 VARIABLE add40_16 LOOP VITIS_LOOP_49_2 BUNDLEDNAME {} DSP 2 BRAM 0 URAM 0 DISPNAME {bind_op fadd}} {BINDTYPE op ID {} IMPL fulldsp LATENCY 3 OPTYPE fadd PRAGMA {} RTLNAME fadd_32ns_32ns_32_4_full_dsp_1_U93 SOURCE ../base/src/layers/Compute_HLS.cpp:61 VARIABLE add40_17 LOOP VITIS_LOOP_49_2 BUNDLEDNAME {} DSP 2 BRAM 0 URAM 0 DISPNAME {bind_op fadd}} {BINDTYPE op ID {} IMPL fulldsp LATENCY 3 OPTYPE fadd PRAGMA {} RTLNAME fadd_32ns_32ns_32_4_full_dsp_1_U93 SOURCE ../base/src/layers/Compute_HLS.cpp:61 VARIABLE add40_18 LOOP VITIS_LOOP_49_2 BUNDLEDNAME {} DSP 2 BRAM 0 URAM 0 DISPNAME {bind_op fadd}} {BINDTYPE op ID {} IMPL fulldsp LATENCY 3 OPTYPE fadd PRAGMA {} RTLNAME fadd_32ns_32ns_32_4_full_dsp_1_U93 SOURCE ../base/src/layers/Compute_HLS.cpp:61 VARIABLE add40_19 LOOP VITIS_LOOP_49_2 BUNDLEDNAME {} DSP 2 BRAM 0 URAM 0 DISPNAME {bind_op fadd}} {BINDTYPE op ID {} IMPL fulldsp LATENCY 3 OPTYPE fadd PRAGMA {} RTLNAME fadd_32ns_32ns_32_4_full_dsp_1_U93 SOURCE ../base/src/layers/Compute_HLS.cpp:61 VARIABLE add40_20 LOOP VITIS_LOOP_49_2 BUNDLEDNAME {} DSP 2 BRAM 0 URAM 0 DISPNAME {bind_op fadd}} {BINDTYPE op ID {} IMPL fulldsp LATENCY 3 OPTYPE fadd PRAGMA {} RTLNAME fadd_32ns_32ns_32_4_full_dsp_1_U93 SOURCE ../base/src/layers/Compute_HLS.cpp:61 VARIABLE add40_21 LOOP VITIS_LOOP_49_2 BUNDLEDNAME {} DSP 2 BRAM 0 URAM 0 DISPNAME {bind_op fadd}} {BINDTYPE op ID {} IMPL fulldsp LATENCY 3 OPTYPE fadd PRAGMA {} RTLNAME fadd_32ns_32ns_32_4_full_dsp_1_U93 SOURCE ../base/src/layers/Compute_HLS.cpp:61 VARIABLE add40_22 LOOP VITIS_LOOP_49_2 BUNDLEDNAME {} DSP 2 BRAM 0 URAM 0 DISPNAME {bind_op fadd}} {BINDTYPE op ID {} IMPL fulldsp LATENCY 3 OPTYPE fadd PRAGMA {} RTLNAME fadd_32ns_32ns_32_4_full_dsp_1_U93 SOURCE ../base/src/layers/Compute_HLS.cpp:61 VARIABLE add40_23 LOOP VITIS_LOOP_49_2 BUNDLEDNAME {} DSP 2 BRAM 0 URAM 0 DISPNAME {bind_op fadd}} {BINDTYPE op ID {} IMPL fulldsp LATENCY 3 OPTYPE fadd PRAGMA {} RTLNAME fadd_32ns_32ns_32_4_full_dsp_1_U93 SOURCE ../base/src/layers/Compute_HLS.cpp:61 VARIABLE add40_24 LOOP VITIS_LOOP_49_2 BUNDLEDNAME {} DSP 2 BRAM 0 URAM 0 DISPNAME {bind_op fadd}} {BINDTYPE op ID {} IMPL fulldsp LATENCY 3 OPTYPE fadd PRAGMA {} RTLNAME fadd_32ns_32ns_32_4_full_dsp_1_U93 SOURCE ../base/src/layers/Compute_HLS.cpp:61 VARIABLE add40_25 LOOP VITIS_LOOP_49_2 BUNDLEDNAME {} DSP 2 BRAM 0 URAM 0 DISPNAME {bind_op fadd}} {BINDTYPE op ID {} IMPL fulldsp LATENCY 3 OPTYPE fadd PRAGMA {} RTLNAME fadd_32ns_32ns_32_4_full_dsp_1_U93 SOURCE ../base/src/layers/Compute_HLS.cpp:61 VARIABLE add40_26 LOOP VITIS_LOOP_49_2 BUNDLEDNAME {} DSP 2 BRAM 0 URAM 0 DISPNAME {bind_op fadd}} {BINDTYPE op ID {} IMPL fulldsp LATENCY 3 OPTYPE fadd PRAGMA {} RTLNAME fadd_32ns_32ns_32_4_full_dsp_1_U93 SOURCE ../base/src/layers/Compute_HLS.cpp:61 VARIABLE add40_27 LOOP VITIS_LOOP_49_2 BUNDLEDNAME {} DSP 2 BRAM 0 URAM 0 DISPNAME {bind_op fadd}} {BINDTYPE op ID {} IMPL fulldsp LATENCY 3 OPTYPE fadd PRAGMA {} RTLNAME fadd_32ns_32ns_32_4_full_dsp_1_U93 SOURCE ../base/src/layers/Compute_HLS.cpp:61 VARIABLE add40_28 LOOP VITIS_LOOP_49_2 BUNDLEDNAME {} DSP 2 BRAM 0 URAM 0 DISPNAME {bind_op fadd}} {BINDTYPE op ID {} IMPL fulldsp LATENCY 3 OPTYPE fadd PRAGMA {} RTLNAME fadd_32ns_32ns_32_4_full_dsp_1_U93 SOURCE ../base/src/layers/Compute_HLS.cpp:61 VARIABLE add40_29 LOOP VITIS_LOOP_49_2 BUNDLEDNAME {} DSP 2 BRAM 0 URAM 0 DISPNAME {bind_op fadd}} {BINDTYPE op ID {} IMPL fabric LATENCY 0 OPTYPE add PRAGMA {} RTLNAME add_ln65_fu_1043_p2 SOURCE ../base/src/layers/Compute_HLS.cpp:65 VARIABLE add_ln65 LOOP VITIS_LOOP_49_2 BUNDLEDNAME {} DSP 0 BRAM 0 URAM 0 DISPNAME {bind_op add}} {BINDTYPE op ID {} IMPL fabric LATENCY 0 OPTYPE add PRAGMA {} RTLNAME add_ln65_1_fu_1048_p2 SOURCE ../base/src/layers/Compute_HLS.cpp:65 VARIABLE add_ln65_1 LOOP VITIS_LOOP_49_2 BUNDLEDNAME {} DSP 0 BRAM 0 URAM 0 DISPNAME {bind_op add}}} AREA {DSP 55 BRAM 0 URAM 0}}}}'
INFO-FLOW: DBG:PUTS:      update_csynth_reports json2rpt_hw_sw_interfaces
Execute       send_msg_by_id INFO @200-1603@%s  and missed bursts 
INFO: [HLS 200-1603] Design has inferred MAXI bursts and missed bursts, see Vitis HLS GUI synthesis summary report for detailed information.
INFO-FLOW: Running: gen_csynth_sec_pragma
INFO-FLOW: Done: gen_csynth_sec_pragma time: 0 seconds per iteration
INFO-FLOW: DBG:PUTS:      update_csynth_reports wrote xml
INFO-FLOW: DBG:PUTS:      update_csynth_reports appended to csynth rpt file
INFO: [HLS 200-111] Finished Updating report files: CPU user time: 0.59 seconds. CPU system time: 0.01 seconds. Elapsed time: 0.61 seconds; current allocated memory: 830.387 MB.
INFO: [VHDL 208-304] Generating VHDL RTL for computePointHLS.
INFO: [VLOG 209-307] Generating Verilog RTL for computePointHLS.
Execute       syn_report -model computePointHLS -printsummary 
INFO: [HLS 200-790] **** Loop Constraint Status: All loop constraints were NOT satisfied.
INFO: [HLS 200-789] **** Estimated Fmax: 136.99 MHz
Command     autosyn done; 5.25 sec.
Command   csynth_design done; 11.79 sec.
INFO: [HLS 200-111] Finished Command csynth_design CPU user time: 10.57 seconds. CPU system time: 1.22 seconds. Elapsed time: 11.79 seconds; current allocated memory: 74.020 MB.
Command ap_source done; 23.81 sec.
Execute cleanup_all 
