

================================================================
== Vitis HLS Report for 'computePointHLS'
================================================================
* Date:           Wed Apr 10 14:30:14 2024

* Version:        2022.2 (Build 3670227 on Oct 13 2022)
* Project:        hls
* Solution:       solution1 (Vitis Kernel Flow Target)
* Product family: kintexuplus
* Target device:  xcku15p-ffva1156-2L-e


================================================================
== Performance Estimates
================================================================
+ Timing: 
    * Summary: 
    +--------+----------+----------+------------+
    |  Clock |  Target  | Estimated| Uncertainty|
    +--------+----------+----------+------------+
    |ap_clk  |  10.00 ns|  7.300 ns|     2.70 ns|
    +--------+----------+----------+------------+

+ Latency: 
    * Summary: 
    +---------+---------+----------+----------+-------+-------+---------+
    |  Latency (cycles) |  Latency (absolute) |    Interval   | Pipeline|
    |   min   |   max   |    min   |    max   |  min  |  max  |   Type  |
    +---------+---------+----------+----------+-------+-------+---------+
    |    19061|    25271|  0.191 ms|  0.253 ms|  19062|  25272|       no|
    +---------+---------+----------+----------+-------+-------+---------+

    + Detail: 
        * Instance: 
        +-----------------------------------------------------+------------------------------------------+---------+---------+----------+----------+-----+-----+---------+
        |                                                     |                                          |  Latency (cycles) |  Latency (absolute) |  Interval | Pipeline|
        |                       Instance                      |                  Module                  |   min   |   max   |    min   |    max   | min | max |   Type  |
        +-----------------------------------------------------+------------------------------------------+---------+---------+----------+----------+-----+-----+---------+
        |grp_computePointHLS_Pipeline_VITIS_LOOP_51_3_fu_419  |computePointHLS_Pipeline_VITIS_LOOP_51_3  |       84|       84|  0.840 us|  0.840 us|   84|   84|       no|
        +-----------------------------------------------------+------------------------------------------+---------+---------+----------+----------+-----+-----+---------+

        * Loop: 
        +-------------------+---------+---------+-----------+-----------+-----------+------+----------+
        |                   |  Latency (cycles) | Iteration |  Initiation Interval  | Trip |          |
        |     Loop Name     |   min   |   max   |  Latency  |  achieved |   target  | Count| Pipelined|
        +-------------------+---------+---------+-----------+-----------+-----------+------+----------+
        |- VITIS_LOOP_49_2  |    18990|    25200|  211 ~ 280|          -|          -|    90|        no|
        +-------------------+---------+---------+-----------+-----------+-----------+------+----------+



================================================================
== Utilization Estimates
================================================================
* Summary: 
+-----------------+---------+------+---------+--------+-----+
|       Name      | BRAM_18K|  DSP |    FF   |   LUT  | URAM|
+-----------------+---------+------+---------+--------+-----+
|DSP              |        -|     -|        -|       -|    -|
|Expression       |        -|     -|        0|    2496|    -|
|FIFO             |        -|     -|        -|       -|    -|
|Instance         |        0|    55|    10928|   10429|    0|
|Memory           |        -|     -|        -|       -|    -|
|Multiplexer      |        -|     -|        -|    2067|    -|
|Register         |        -|     -|     2297|       -|    -|
+-----------------+---------+------+---------+--------+-----+
|Total            |        0|    55|    13225|   14992|    0|
+-----------------+---------+------+---------+--------+-----+
|Available        |     1968|  1968|  1045440|  522720|  128|
+-----------------+---------+------+---------+--------+-----+
|Utilization (%)  |        0|     2|        1|       2|    0|
+-----------------+---------+------+---------+--------+-----+

+ Detail: 
    * Instance: 
    +-----------------------------------------------------+------------------------------------------+---------+----+------+------+-----+
    |                       Instance                      |                  Module                  | BRAM_18K| DSP|  FF  |  LUT | URAM|
    +-----------------------------------------------------+------------------------------------------+---------+----+------+------+-----+
    |grp_computePointHLS_Pipeline_VITIS_LOOP_51_3_fu_419  |computePointHLS_Pipeline_VITIS_LOOP_51_3  |        0|  53|  7229|  5233|    0|
    |control_s_axi_U                                      |control_s_axi                             |        0|   0|   246|   424|    0|
    |fadd_32ns_32ns_32_4_full_dsp_1_U93                   |fadd_32ns_32ns_32_4_full_dsp_1            |        0|   2|   227|   214|    0|
    |gmem0_m_axi_U                                        |gmem0_m_axi                               |        0|   0|  1613|  2279|    0|
    |gmem1_m_axi_U                                        |gmem1_m_axi                               |        0|   0|  1613|  2279|    0|
    +-----------------------------------------------------+------------------------------------------+---------+----+------+------+-----+
    |Total                                                |                                          |        0|  55| 10928| 10429|    0|
    +-----------------------------------------------------+------------------------------------------+---------+----+------+------+-----+

    * DSP: 
    N/A

    * Memory: 
    N/A

    * FIFO: 
    N/A

    * Expression: 
    +------------------------+----------+----+---+------+------------+------------+
    |      Variable Name     | Operation| DSP| FF|  LUT | Bitwidth P0| Bitwidth P1|
    +------------------------+----------+----+---+------+------------+------------+
    |add_ln49_fu_725_p2      |         +|   0|  0|    14|           7|           1|
    |add_ln65_1_fu_1048_p2   |         +|   0|  0|    13|           6|           6|
    |add_ln65_fu_1043_p2     |         +|   0|  0|    71|          64|          64|
    |ap_block_state267       |       and|   0|  0|     2|           1|           1|
    |icmp_ln49_fu_719_p2     |      icmp|   0|  0|    10|           7|           7|
    |ap_block_state1         |        or|   0|  0|     2|           1|           1|
    |ap_block_state2_io      |        or|   0|  0|     2|           1|           1|
    |select_ln49_fu_1102_p3  |    select|   0|  0|    32|           1|           1|
    |shl_ln65_1_fu_1086_p2   |       shl|   0|  0|  2171|         512|         512|
    |shl_ln65_fu_1069_p2     |       shl|   0|  0|   179|           8|          64|
    +------------------------+----------+----+---+------+------------+------------+
    |Total                   |          |   0|  0|  2496|         608|         658|
    +------------------------+----------+----+---+------+------------+------------+

    * Multiplexer: 
    +--------------------------+------+-----------+-----+-----------+
    |           Name           |  LUT | Input Size| Bits| Total Bits|
    +--------------------------+------+-----------+-----+-----------+
    |add25_10_lcssa62_fu_152   |     9|          2|   32|         64|
    |add25_11_lcssa64_fu_156   |     9|          2|   32|         64|
    |add25_12_lcssa66_fu_160   |     9|          2|   32|         64|
    |add25_13_lcssa68_fu_164   |     9|          2|   32|         64|
    |add25_14_lcssa70_fu_168   |     9|          2|   32|         64|
    |add25_15_lcssa72_fu_172   |     9|          2|   32|         64|
    |add25_16_lcssa74_fu_176   |     9|          2|   32|         64|
    |add25_17_lcssa76_fu_180   |     9|          2|   32|         64|
    |add25_18_lcssa78_fu_184   |     9|          2|   32|         64|
    |add25_19_lcssa80_fu_188   |     9|          2|   32|         64|
    |add25_1_lcssa44_fu_116    |     9|          2|   32|         64|
    |add25_20_lcssa82_fu_192   |     9|          2|   32|         64|
    |add25_21_lcssa84_fu_196   |     9|          2|   32|         64|
    |add25_22_lcssa86_fu_200   |     9|          2|   32|         64|
    |add25_23_lcssa88_fu_204   |     9|          2|   32|         64|
    |add25_24_lcssa90_fu_208   |     9|          2|   32|         64|
    |add25_25_lcssa92_fu_212   |     9|          2|   32|         64|
    |add25_26_lcssa94_fu_216   |     9|          2|   32|         64|
    |add25_27_lcssa96_fu_220   |     9|          2|   32|         64|
    |add25_28_lcssa98_fu_224   |     9|          2|   32|         64|
    |add25_29_lcssa100_fu_228  |     9|          2|   32|         64|
    |add25_2_lcssa46_fu_120    |     9|          2|   32|         64|
    |add25_30_lcssa102_fu_232  |     9|          2|   32|         64|
    |add25_31_lcssa104_fu_236  |     9|          2|   32|         64|
    |add25_3_lcssa48_fu_124    |     9|          2|   32|         64|
    |add25_4_lcssa50_fu_128    |     9|          2|   32|         64|
    |add25_5_lcssa52_fu_132    |     9|          2|   32|         64|
    |add25_6_lcssa54_fu_136    |     9|          2|   32|         64|
    |add25_7_lcssa56_fu_140    |     9|          2|   32|         64|
    |add25_8_lcssa58_fu_144    |     9|          2|   32|         64|
    |add25_9_lcssa60_fu_148    |     9|          2|   32|         64|
    |add25_lcssa42_fu_112      |     9|          2|   32|         64|
    |ap_NS_fsm                 |  1424|        268|    1|        268|
    |ap_done                   |     9|          2|    1|          2|
    |gmem0_ARADDR              |    14|          3|   64|        192|
    |gmem0_ARLEN               |    14|          3|   32|         96|
    |gmem0_ARVALID             |    14|          3|    1|          3|
    |gmem0_RREADY              |     9|          2|    1|          2|
    |gmem0_blk_n_AR            |     9|          2|    1|          2|
    |gmem0_blk_n_AW            |     9|          2|    1|          2|
    |gmem0_blk_n_B             |     9|          2|    1|          2|
    |gmem0_blk_n_W             |     9|          2|    1|          2|
    |gmem1_ARADDR              |    14|          3|   64|        192|
    |gmem1_ARLEN               |    14|          3|   32|         96|
    |gmem1_ARVALID             |    14|          3|    1|          3|
    |gmem1_RREADY              |     9|          2|    1|          2|
    |gmem1_blk_n_AR            |     9|          2|    1|          2|
    |grp_fu_493_ce             |     9|          2|    1|          2|
    |grp_fu_493_p0             |    20|          4|   32|        128|
    |grp_fu_493_p1             |   152|         33|   32|       1056|
    |phi_ln65_fu_108           |     9|          2|   32|         64|
    |point_fu_240              |     9|          2|    7|         14|
    +--------------------------+------+-----------+-----+-----------+
    |Total                     |  2067|        409| 1331|       4178|
    +--------------------------+------+-----------+-----+-----------+

    * Register: 
    +------------------------------------------------------------------+-----+----+-----+-----------+
    |                               Name                               |  FF | LUT| Bits| Const Bits|
    +------------------------------------------------------------------+-----+----+-----+-----------+
    |add25_10_lcssa62_fu_152                                           |   32|   0|   32|          0|
    |add25_11_lcssa64_fu_156                                           |   32|   0|   32|          0|
    |add25_12_lcssa66_fu_160                                           |   32|   0|   32|          0|
    |add25_13_lcssa68_fu_164                                           |   32|   0|   32|          0|
    |add25_14_lcssa70_fu_168                                           |   32|   0|   32|          0|
    |add25_15_lcssa72_fu_172                                           |   32|   0|   32|          0|
    |add25_16_lcssa74_fu_176                                           |   32|   0|   32|          0|
    |add25_17_lcssa76_fu_180                                           |   32|   0|   32|          0|
    |add25_18_lcssa78_fu_184                                           |   32|   0|   32|          0|
    |add25_19_lcssa80_fu_188                                           |   32|   0|   32|          0|
    |add25_1_lcssa44_fu_116                                            |   32|   0|   32|          0|
    |add25_20_lcssa82_fu_192                                           |   32|   0|   32|          0|
    |add25_21_lcssa84_fu_196                                           |   32|   0|   32|          0|
    |add25_22_lcssa86_fu_200                                           |   32|   0|   32|          0|
    |add25_23_lcssa88_fu_204                                           |   32|   0|   32|          0|
    |add25_24_lcssa90_fu_208                                           |   32|   0|   32|          0|
    |add25_25_lcssa92_fu_212                                           |   32|   0|   32|          0|
    |add25_26_lcssa94_fu_216                                           |   32|   0|   32|          0|
    |add25_27_lcssa96_fu_220                                           |   32|   0|   32|          0|
    |add25_28_lcssa98_fu_224                                           |   32|   0|   32|          0|
    |add25_29_lcssa100_fu_228                                          |   32|   0|   32|          0|
    |add25_2_lcssa46_fu_120                                            |   32|   0|   32|          0|
    |add25_30_lcssa102_fu_232                                          |   32|   0|   32|          0|
    |add25_31_lcssa104_fu_236                                          |   32|   0|   32|          0|
    |add25_3_lcssa48_fu_124                                            |   32|   0|   32|          0|
    |add25_4_lcssa50_fu_128                                            |   32|   0|   32|          0|
    |add25_5_lcssa52_fu_132                                            |   32|   0|   32|          0|
    |add25_6_lcssa54_fu_136                                            |   32|   0|   32|          0|
    |add25_7_lcssa56_fu_140                                            |   32|   0|   32|          0|
    |add25_8_lcssa58_fu_144                                            |   32|   0|   32|          0|
    |add25_9_lcssa60_fu_148                                            |   32|   0|   32|          0|
    |add25_lcssa42_fu_112                                              |   32|   0|   32|          0|
    |add_ln49_reg_1714                                                 |    7|   0|    7|          0|
    |add_ln65_1_reg_1926                                               |    6|   0|    6|          0|
    |ap_CS_fsm                                                         |  267|   0|  267|          0|
    |ap_done_reg                                                       |    1|   0|    1|          0|
    |ap_rst_n_inv                                                      |    1|   0|    1|          0|
    |ap_rst_reg_1                                                      |    1|   0|    1|          0|
    |ap_rst_reg_2                                                      |    1|   0|    1|          0|
    |bitcast_ln65_reg_1916                                             |   32|   0|   32|          0|
    |dataOut_final_read_reg_1484                                       |   64|   0|   64|          0|
    |grp_computePointHLS_Pipeline_VITIS_LOOP_51_3_fu_419_ap_start_reg  |    1|   0|    1|          0|
    |or_ln_reg_1921                                                    |   64|   0|   64|          0|
    |phi_ln65_fu_108                                                   |   32|   0|   32|          0|
    |point_fu_240                                                      |    7|   0|    7|          0|
    |reg_497                                                           |   32|   0|   32|          0|
    |shl_ln65_1_reg_1942                                               |  512|   0|  512|          0|
    |shl_ln65_reg_1937                                                 |   64|   0|   64|          0|
    |trunc_ln2_reg_1932                                                |   58|   0|   58|          0|
    |trunc_ln49_1_reg_1687                                             |   58|   0|   58|          0|
    |trunc_ln49_reg_1911                                               |    1|   0|    1|          0|
    |trunc_ln65_reg_1693                                               |    6|   0|    6|          0|
    |trunc_ln_reg_1681                                                 |   58|   0|   58|          0|
    +------------------------------------------------------------------+-----+----+-----+-----------+
    |Total                                                             | 2297|   0| 2297|          0|
    +------------------------------------------------------------------+-----+----+-----+-----------+



================================================================
== Interface
================================================================
* Summary: 
+-----------------------+-----+-----+---------------+-----------------+--------------+
|       RTL Ports       | Dir | Bits|    Protocol   |  Source Object  |    C Type    |
+-----------------------+-----+-----+---------------+-----------------+--------------+
|s_axi_control_AWVALID  |   in|    1|          s_axi|          control|        scalar|
|s_axi_control_AWREADY  |  out|    1|          s_axi|          control|        scalar|
|s_axi_control_AWADDR   |   in|    6|          s_axi|          control|        scalar|
|s_axi_control_WVALID   |   in|    1|          s_axi|          control|        scalar|
|s_axi_control_WREADY   |  out|    1|          s_axi|          control|        scalar|
|s_axi_control_WDATA    |   in|   32|          s_axi|          control|        scalar|
|s_axi_control_WSTRB    |   in|    4|          s_axi|          control|        scalar|
|s_axi_control_ARVALID  |   in|    1|          s_axi|          control|        scalar|
|s_axi_control_ARREADY  |  out|    1|          s_axi|          control|        scalar|
|s_axi_control_ARADDR   |   in|    6|          s_axi|          control|        scalar|
|s_axi_control_RVALID   |  out|    1|          s_axi|          control|        scalar|
|s_axi_control_RREADY   |   in|    1|          s_axi|          control|        scalar|
|s_axi_control_RDATA    |  out|   32|          s_axi|          control|        scalar|
|s_axi_control_RRESP    |  out|    2|          s_axi|          control|        scalar|
|s_axi_control_BVALID   |  out|    1|          s_axi|          control|        scalar|
|s_axi_control_BREADY   |   in|    1|          s_axi|          control|        scalar|
|s_axi_control_BRESP    |  out|    2|          s_axi|          control|        scalar|
|ap_clk                 |   in|    1|  ap_ctrl_chain|  computePointHLS|  return value|
|ap_rst_n               |   in|    1|  ap_ctrl_chain|  computePointHLS|  return value|
|interrupt              |  out|    1|  ap_ctrl_chain|  computePointHLS|  return value|
|m_axi_gmem0_AWVALID    |  out|    1|          m_axi|            gmem0|       pointer|
|m_axi_gmem0_AWREADY    |   in|    1|          m_axi|            gmem0|       pointer|
|m_axi_gmem0_AWADDR     |  out|   64|          m_axi|            gmem0|       pointer|
|m_axi_gmem0_AWID       |  out|    1|          m_axi|            gmem0|       pointer|
|m_axi_gmem0_AWLEN      |  out|    8|          m_axi|            gmem0|       pointer|
|m_axi_gmem0_AWSIZE     |  out|    3|          m_axi|            gmem0|       pointer|
|m_axi_gmem0_AWBURST    |  out|    2|          m_axi|            gmem0|       pointer|
|m_axi_gmem0_AWLOCK     |  out|    2|          m_axi|            gmem0|       pointer|
|m_axi_gmem0_AWCACHE    |  out|    4|          m_axi|            gmem0|       pointer|
|m_axi_gmem0_AWPROT     |  out|    3|          m_axi|            gmem0|       pointer|
|m_axi_gmem0_AWQOS      |  out|    4|          m_axi|            gmem0|       pointer|
|m_axi_gmem0_AWREGION   |  out|    4|          m_axi|            gmem0|       pointer|
|m_axi_gmem0_AWUSER     |  out|    1|          m_axi|            gmem0|       pointer|
|m_axi_gmem0_WVALID     |  out|    1|          m_axi|            gmem0|       pointer|
|m_axi_gmem0_WREADY     |   in|    1|          m_axi|            gmem0|       pointer|
|m_axi_gmem0_WDATA      |  out|  512|          m_axi|            gmem0|       pointer|
|m_axi_gmem0_WSTRB      |  out|   64|          m_axi|            gmem0|       pointer|
|m_axi_gmem0_WLAST      |  out|    1|          m_axi|            gmem0|       pointer|
|m_axi_gmem0_WID        |  out|    1|          m_axi|            gmem0|       pointer|
|m_axi_gmem0_WUSER      |  out|    1|          m_axi|            gmem0|       pointer|
|m_axi_gmem0_ARVALID    |  out|    1|          m_axi|            gmem0|       pointer|
|m_axi_gmem0_ARREADY    |   in|    1|          m_axi|            gmem0|       pointer|
|m_axi_gmem0_ARADDR     |  out|   64|          m_axi|            gmem0|       pointer|
|m_axi_gmem0_ARID       |  out|    1|          m_axi|            gmem0|       pointer|
|m_axi_gmem0_ARLEN      |  out|    8|          m_axi|            gmem0|       pointer|
|m_axi_gmem0_ARSIZE     |  out|    3|          m_axi|            gmem0|       pointer|
|m_axi_gmem0_ARBURST    |  out|    2|          m_axi|            gmem0|       pointer|
|m_axi_gmem0_ARLOCK     |  out|    2|          m_axi|            gmem0|       pointer|
|m_axi_gmem0_ARCACHE    |  out|    4|          m_axi|            gmem0|       pointer|
|m_axi_gmem0_ARPROT     |  out|    3|          m_axi|            gmem0|       pointer|
|m_axi_gmem0_ARQOS      |  out|    4|          m_axi|            gmem0|       pointer|
|m_axi_gmem0_ARREGION   |  out|    4|          m_axi|            gmem0|       pointer|
|m_axi_gmem0_ARUSER     |  out|    1|          m_axi|            gmem0|       pointer|
|m_axi_gmem0_RVALID     |   in|    1|          m_axi|            gmem0|       pointer|
|m_axi_gmem0_RREADY     |  out|    1|          m_axi|            gmem0|       pointer|
|m_axi_gmem0_RDATA      |   in|  512|          m_axi|            gmem0|       pointer|
|m_axi_gmem0_RLAST      |   in|    1|          m_axi|            gmem0|       pointer|
|m_axi_gmem0_RID        |   in|    1|          m_axi|            gmem0|       pointer|
|m_axi_gmem0_RUSER      |   in|    1|          m_axi|            gmem0|       pointer|
|m_axi_gmem0_RRESP      |   in|    2|          m_axi|            gmem0|       pointer|
|m_axi_gmem0_BVALID     |   in|    1|          m_axi|            gmem0|       pointer|
|m_axi_gmem0_BREADY     |  out|    1|          m_axi|            gmem0|       pointer|
|m_axi_gmem0_BRESP      |   in|    2|          m_axi|            gmem0|       pointer|
|m_axi_gmem0_BID        |   in|    1|          m_axi|            gmem0|       pointer|
|m_axi_gmem0_BUSER      |   in|    1|          m_axi|            gmem0|       pointer|
|m_axi_gmem1_AWVALID    |  out|    1|          m_axi|            gmem1|       pointer|
|m_axi_gmem1_AWREADY    |   in|    1|          m_axi|            gmem1|       pointer|
|m_axi_gmem1_AWADDR     |  out|   64|          m_axi|            gmem1|       pointer|
|m_axi_gmem1_AWID       |  out|    1|          m_axi|            gmem1|       pointer|
|m_axi_gmem1_AWLEN      |  out|    8|          m_axi|            gmem1|       pointer|
|m_axi_gmem1_AWSIZE     |  out|    3|          m_axi|            gmem1|       pointer|
|m_axi_gmem1_AWBURST    |  out|    2|          m_axi|            gmem1|       pointer|
|m_axi_gmem1_AWLOCK     |  out|    2|          m_axi|            gmem1|       pointer|
|m_axi_gmem1_AWCACHE    |  out|    4|          m_axi|            gmem1|       pointer|
|m_axi_gmem1_AWPROT     |  out|    3|          m_axi|            gmem1|       pointer|
|m_axi_gmem1_AWQOS      |  out|    4|          m_axi|            gmem1|       pointer|
|m_axi_gmem1_AWREGION   |  out|    4|          m_axi|            gmem1|       pointer|
|m_axi_gmem1_AWUSER     |  out|    1|          m_axi|            gmem1|       pointer|
|m_axi_gmem1_WVALID     |  out|    1|          m_axi|            gmem1|       pointer|
|m_axi_gmem1_WREADY     |   in|    1|          m_axi|            gmem1|       pointer|
|m_axi_gmem1_WDATA      |  out|  512|          m_axi|            gmem1|       pointer|
|m_axi_gmem1_WSTRB      |  out|   64|          m_axi|            gmem1|       pointer|
|m_axi_gmem1_WLAST      |  out|    1|          m_axi|            gmem1|       pointer|
|m_axi_gmem1_WID        |  out|    1|          m_axi|            gmem1|       pointer|
|m_axi_gmem1_WUSER      |  out|    1|          m_axi|            gmem1|       pointer|
|m_axi_gmem1_ARVALID    |  out|    1|          m_axi|            gmem1|       pointer|
|m_axi_gmem1_ARREADY    |   in|    1|          m_axi|            gmem1|       pointer|
|m_axi_gmem1_ARADDR     |  out|   64|          m_axi|            gmem1|       pointer|
|m_axi_gmem1_ARID       |  out|    1|          m_axi|            gmem1|       pointer|
|m_axi_gmem1_ARLEN      |  out|    8|          m_axi|            gmem1|       pointer|
|m_axi_gmem1_ARSIZE     |  out|    3|          m_axi|            gmem1|       pointer|
|m_axi_gmem1_ARBURST    |  out|    2|          m_axi|            gmem1|       pointer|
|m_axi_gmem1_ARLOCK     |  out|    2|          m_axi|            gmem1|       pointer|
|m_axi_gmem1_ARCACHE    |  out|    4|          m_axi|            gmem1|       pointer|
|m_axi_gmem1_ARPROT     |  out|    3|          m_axi|            gmem1|       pointer|
|m_axi_gmem1_ARQOS      |  out|    4|          m_axi|            gmem1|       pointer|
|m_axi_gmem1_ARREGION   |  out|    4|          m_axi|            gmem1|       pointer|
|m_axi_gmem1_ARUSER     |  out|    1|          m_axi|            gmem1|       pointer|
|m_axi_gmem1_RVALID     |   in|    1|          m_axi|            gmem1|       pointer|
|m_axi_gmem1_RREADY     |  out|    1|          m_axi|            gmem1|       pointer|
|m_axi_gmem1_RDATA      |   in|  512|          m_axi|            gmem1|       pointer|
|m_axi_gmem1_RLAST      |   in|    1|          m_axi|            gmem1|       pointer|
|m_axi_gmem1_RID        |   in|    1|          m_axi|            gmem1|       pointer|
|m_axi_gmem1_RUSER      |   in|    1|          m_axi|            gmem1|       pointer|
|m_axi_gmem1_RRESP      |   in|    2|          m_axi|            gmem1|       pointer|
|m_axi_gmem1_BVALID     |   in|    1|          m_axi|            gmem1|       pointer|
|m_axi_gmem1_BREADY     |  out|    1|          m_axi|            gmem1|       pointer|
|m_axi_gmem1_BRESP      |   in|    2|          m_axi|            gmem1|       pointer|
|m_axi_gmem1_BID        |   in|    1|          m_axi|            gmem1|       pointer|
|m_axi_gmem1_BUSER      |   in|    1|          m_axi|            gmem1|       pointer|
+-----------------------+-----+-----+---------------+-----------------+--------------+

