19:59:53 DEBUG : Logs will be stored at '/home/Jake/workspace/IDE.log'.
19:59:54 INFO  : Launching XSCT server: xsct -n  -interactive /home/Jake/workspace/temp_xsdb_launch_script.tcl
19:59:54 INFO  : Registering command handlers for Vitis TCF services
19:59:55 INFO  : Platform repository initialization has completed.
19:59:56 INFO  : XSCT server has started successfully.
19:59:56 INFO  : Successfully done setting XSCT server connection channel  
19:59:57 INFO  : plnx-install-location is set to ''
19:59:57 INFO  : Successfully done setting workspace for the tool. 
19:59:57 INFO  : Successfully done query RDI_DATADIR 
17:51:08 DEBUG : Logs will be stored at '/home/Jake/workspace/IDE.log'.
17:51:09 INFO  : Launching XSCT server: xsct -n  -interactive /home/Jake/workspace/temp_xsdb_launch_script.tcl
17:51:09 INFO  : Launching XSCT server: xsct -n  -interactive /home/Jake/workspace/temp_xsdb_launch_script.tcl
17:51:09 INFO  : Registering command handlers for Vitis TCF services
17:51:10 INFO  : Platform repository initialization has completed.
17:51:11 INFO  : XSCT server has started successfully.
17:51:11 INFO  : XSCT server has started successfully.
17:51:11 INFO  : plnx-install-location is set to ''
17:51:11 INFO  : Successfully done setting XSCT server connection channel  
17:51:11 INFO  : Successfully done setting XSCT server connection channel  
17:51:11 INFO  : Successfully done setting workspace for the tool. 
17:51:11 INFO  : Successfully done setting workspace for the tool. 
17:51:11 INFO  : Successfully done query RDI_DATADIR 
19:19:30 ERROR : Error while launch xterm: {}
java.io.IOException: Cannot run program "xterm" (in directory "/home/Jake/workspace"): error=2, No such file or directory
	at java.lang.ProcessBuilder.start(ProcessBuilder.java:1128) ~[?:?]
	at java.lang.ProcessBuilder.start(ProcessBuilder.java:1071) ~[?:?]
	at com.xilinx.ide.tools.console.OpenXBashHandler$1.run(OpenXBashHandler.java:99) ~[?:?]
	at org.eclipse.swt.widgets.RunnableLock.run(RunnableLock.java:40) ~[org.eclipse.swt.gtk.linux.x86_64_3.114.0.v20200304-0601.jar:?]
	at org.eclipse.swt.widgets.Synchronizer.runAsyncMessages(Synchronizer.java:185) ~[org.eclipse.swt.gtk.linux.x86_64_3.114.0.v20200304-0601.jar:?]
	at org.eclipse.swt.widgets.Display.runAsyncMessages(Display.java:4930) ~[org.eclipse.swt.gtk.linux.x86_64_3.114.0.v20200304-0601.jar:?]
	at org.eclipse.swt.widgets.Display.readAndDispatch(Display.java:4451) ~[org.eclipse.swt.gtk.linux.x86_64_3.114.0.v20200304-0601.jar:?]
	at org.eclipse.jface.window.Window.runEventLoop(Window.java:823) ~[org.eclipse.jface_3.19.0.v20200218-1607.jar:?]
	at org.eclipse.jface.window.Window.open(Window.java:799) ~[org.eclipse.jface_3.19.0.v20200218-1607.jar:?]
	at com.xilinx.sdsoc.ui.action.handler.ManagePlatformRepositoriesMenuHandler.runCommand(ManagePlatformRepositoriesMenuHandler.java:26) ~[?:?]
	at com.xilinx.sdsoc.ui.action.handler.ManagePlatformRepositoriesMenuHandler.run(ManagePlatformRepositoriesMenuHandler.java:21) ~[?:?]
	at com.xilinx.sdsoc.ui.action.handler.ManagePlatformRepositoriesMenuHandler.clicked(ManagePlatformRepositoriesMenuHandler.java:35) ~[?:?]
	at com.xilinx.ide.product.intro.IDEIntroPart.addCustomPlatform(IDEIntroPart.java:491) ~[?:?]
	at com.xilinx.ide.product.intro.IDEIntroPart$7.run(IDEIntroPart.java:298) ~[?:?]
	at com.xilinx.ide.product.intro.IDEIntroPart$12.mouseUp(IDEIntroPart.java:402) ~[?:?]
	at org.eclipse.swt.widgets.TypedListener.handleEvent(TypedListener.java:224) ~[org.eclipse.swt.gtk.linux.x86_64_3.114.0.v20200304-0601.jar:?]
	at org.eclipse.swt.widgets.EventTable.sendEvent(EventTable.java:89) ~[org.eclipse.swt.gtk.linux.x86_64_3.114.0.v20200304-0601.jar:?]
	at org.eclipse.swt.widgets.Display.sendEvent(Display.java:5687) ~[org.eclipse.swt.gtk.linux.x86_64_3.114.0.v20200304-0601.jar:?]
	at org.eclipse.swt.widgets.Widget.sendEvent(Widget.java:1423) ~[org.eclipse.swt.gtk.linux.x86_64_3.114.0.v20200304-0601.jar:?]
	at org.eclipse.swt.widgets.Display.runDeferredEvents(Display.java:4955) ~[org.eclipse.swt.gtk.linux.x86_64_3.114.0.v20200304-0601.jar:?]
	at org.eclipse.swt.widgets.Display.readAndDispatch(Display.java:4448) ~[org.eclipse.swt.gtk.linux.x86_64_3.114.0.v20200304-0601.jar:?]
	at org.eclipse.e4.ui.internal.workbench.swt.PartRenderingEngine$5.run(PartRenderingEngine.java:1160) ~[?:?]
	at org.eclipse.core.databinding.observable.Realm.runWithDefault(Realm.java:338) ~[?:?]
	at org.eclipse.e4.ui.internal.workbench.swt.PartRenderingEngine.run(PartRenderingEngine.java:1049) ~[?:?]
	at org.eclipse.e4.ui.internal.workbench.E4Workbench.createAndRunUI(E4Workbench.java:155) ~[org.eclipse.e4.ui.workbench_1.11.200.v20200205-1503.jar:?]
	at org.eclipse.ui.internal.Workbench.lambda$3(Workbench.java:658) ~[org.eclipse.ui.workbench_3.118.0.v20200222-0719.jar:?]
	at org.eclipse.core.databinding.observable.Realm.runWithDefault(Realm.java:338) [org.eclipse.core.databinding.observable_1.9.0.v20200205-2119.jar:?]
	at org.eclipse.ui.internal.Workbench.createAndRunWorkbench(Workbench.java:557) [org.eclipse.ui.workbench_3.118.0.v20200222-0719.jar:?]
	at org.eclipse.ui.PlatformUI.createAndRunWorkbench(PlatformUI.java:154) [org.eclipse.ui.workbench_3.118.0.v20200222-0719.jar:?]
	at com.xilinx.ide.application.ui.Application.start(Application.java:80) [com.xilinx.ide.application.ui_1.0.0.202210132147.jar:?]
	at org.eclipse.equinox.internal.app.EclipseAppHandle.run(EclipseAppHandle.java:203) [org.eclipse.equinox.app_1.4.400.v20191212-0743.jar:?]
	at org.eclipse.core.runtime.internal.adaptor.EclipseAppLauncher.runApplication(EclipseAppLauncher.java:137) [org.eclipse.osgi_3.15.200.v20200214-1600.jar:?]
	at org.eclipse.core.runtime.internal.adaptor.EclipseAppLauncher.start(EclipseAppLauncher.java:107) [org.eclipse.osgi_3.15.200.v20200214-1600.jar:?]
	at org.eclipse.core.runtime.adaptor.EclipseStarter.run(EclipseStarter.java:401) [org.eclipse.osgi_3.15.200.v20200214-1600.jar:?]
	at org.eclipse.core.runtime.adaptor.EclipseStarter.run(EclipseStarter.java:255) [org.eclipse.osgi_3.15.200.v20200214-1600.jar:?]
	at jdk.internal.reflect.NativeMethodAccessorImpl.invoke0(Native Method) ~[?:?]
	at jdk.internal.reflect.NativeMethodAccessorImpl.invoke(NativeMethodAccessorImpl.java:62) ~[?:?]
	at jdk.internal.reflect.DelegatingMethodAccessorImpl.invoke(DelegatingMethodAccessorImpl.java:43) ~[?:?]
	at java.lang.reflect.Method.invoke(Method.java:566) ~[?:?]
	at org.eclipse.equinox.launcher.Main.invokeFramework(Main.java:657) [org.eclipse.equinox.launcher_1.5.700.v20200207-2156.jar:?]
	at org.eclipse.equinox.launcher.Main.basicRun(Main.java:594) [org.eclipse.equinox.launcher_1.5.700.v20200207-2156.jar:?]
	at org.eclipse.equinox.launcher.Main.run(Main.java:1447) [org.eclipse.equinox.launcher_1.5.700.v20200207-2156.jar:?]
	at org.eclipse.equinox.launcher.Main.main(Main.java:1420) [org.eclipse.equinox.launcher_1.5.700.v20200207-2156.jar:?]
Caused by: java.io.IOException: error=2, No such file or directory
	at java.lang.ProcessImpl.forkAndExec(Native Method) ~[?:?]
	at java.lang.ProcessImpl.<init>(ProcessImpl.java:340) ~[?:?]
	at java.lang.ProcessImpl.start(ProcessImpl.java:271) ~[?:?]
	at java.lang.ProcessBuilder.start(ProcessBuilder.java:1107) ~[?:?]
	... 42 more
19:19:30 ERROR : Error while launch konsole: {}
java.io.IOException: Cannot run program "konsole" (in directory "/home/Jake/workspace"): error=2, No such file or directory
	at java.lang.ProcessBuilder.start(ProcessBuilder.java:1128) ~[?:?]
	at java.lang.ProcessBuilder.start(ProcessBuilder.java:1071) ~[?:?]
	at com.xilinx.ide.tools.console.OpenXBashHandler$1.run(OpenXBashHandler.java:109) ~[?:?]
	at org.eclipse.swt.widgets.RunnableLock.run(RunnableLock.java:40) ~[org.eclipse.swt.gtk.linux.x86_64_3.114.0.v20200304-0601.jar:?]
	at org.eclipse.swt.widgets.Synchronizer.runAsyncMessages(Synchronizer.java:185) ~[org.eclipse.swt.gtk.linux.x86_64_3.114.0.v20200304-0601.jar:?]
	at org.eclipse.swt.widgets.Display.runAsyncMessages(Display.java:4930) ~[org.eclipse.swt.gtk.linux.x86_64_3.114.0.v20200304-0601.jar:?]
	at org.eclipse.swt.widgets.Display.readAndDispatch(Display.java:4451) ~[org.eclipse.swt.gtk.linux.x86_64_3.114.0.v20200304-0601.jar:?]
	at org.eclipse.jface.window.Window.runEventLoop(Window.java:823) ~[org.eclipse.jface_3.19.0.v20200218-1607.jar:?]
	at org.eclipse.jface.window.Window.open(Window.java:799) ~[org.eclipse.jface_3.19.0.v20200218-1607.jar:?]
	at com.xilinx.sdsoc.ui.action.handler.ManagePlatformRepositoriesMenuHandler.runCommand(ManagePlatformRepositoriesMenuHandler.java:26) ~[?:?]
	at com.xilinx.sdsoc.ui.action.handler.ManagePlatformRepositoriesMenuHandler.run(ManagePlatformRepositoriesMenuHandler.java:21) ~[?:?]
	at com.xilinx.sdsoc.ui.action.handler.ManagePlatformRepositoriesMenuHandler.clicked(ManagePlatformRepositoriesMenuHandler.java:35) ~[?:?]
	at com.xilinx.ide.product.intro.IDEIntroPart.addCustomPlatform(IDEIntroPart.java:491) ~[?:?]
	at com.xilinx.ide.product.intro.IDEIntroPart$7.run(IDEIntroPart.java:298) ~[?:?]
	at com.xilinx.ide.product.intro.IDEIntroPart$12.mouseUp(IDEIntroPart.java:402) ~[?:?]
	at org.eclipse.swt.widgets.TypedListener.handleEvent(TypedListener.java:224) ~[org.eclipse.swt.gtk.linux.x86_64_3.114.0.v20200304-0601.jar:?]
	at org.eclipse.swt.widgets.EventTable.sendEvent(EventTable.java:89) ~[org.eclipse.swt.gtk.linux.x86_64_3.114.0.v20200304-0601.jar:?]
	at org.eclipse.swt.widgets.Display.sendEvent(Display.java:5687) ~[org.eclipse.swt.gtk.linux.x86_64_3.114.0.v20200304-0601.jar:?]
	at org.eclipse.swt.widgets.Widget.sendEvent(Widget.java:1423) ~[org.eclipse.swt.gtk.linux.x86_64_3.114.0.v20200304-0601.jar:?]
	at org.eclipse.swt.widgets.Display.runDeferredEvents(Display.java:4955) ~[org.eclipse.swt.gtk.linux.x86_64_3.114.0.v20200304-0601.jar:?]
	at org.eclipse.swt.widgets.Display.readAndDispatch(Display.java:4448) ~[org.eclipse.swt.gtk.linux.x86_64_3.114.0.v20200304-0601.jar:?]
	at org.eclipse.e4.ui.internal.workbench.swt.PartRenderingEngine$5.run(PartRenderingEngine.java:1160) ~[?:?]
	at org.eclipse.core.databinding.observable.Realm.runWithDefault(Realm.java:338) ~[?:?]
	at org.eclipse.e4.ui.internal.workbench.swt.PartRenderingEngine.run(PartRenderingEngine.java:1049) ~[?:?]
	at org.eclipse.e4.ui.internal.workbench.E4Workbench.createAndRunUI(E4Workbench.java:155) ~[org.eclipse.e4.ui.workbench_1.11.200.v20200205-1503.jar:?]
	at org.eclipse.ui.internal.Workbench.lambda$3(Workbench.java:658) ~[org.eclipse.ui.workbench_3.118.0.v20200222-0719.jar:?]
	at org.eclipse.core.databinding.observable.Realm.runWithDefault(Realm.java:338) [org.eclipse.core.databinding.observable_1.9.0.v20200205-2119.jar:?]
	at org.eclipse.ui.internal.Workbench.createAndRunWorkbench(Workbench.java:557) [org.eclipse.ui.workbench_3.118.0.v20200222-0719.jar:?]
	at org.eclipse.ui.PlatformUI.createAndRunWorkbench(PlatformUI.java:154) [org.eclipse.ui.workbench_3.118.0.v20200222-0719.jar:?]
	at com.xilinx.ide.application.ui.Application.start(Application.java:80) [com.xilinx.ide.application.ui_1.0.0.202210132147.jar:?]
	at org.eclipse.equinox.internal.app.EclipseAppHandle.run(EclipseAppHandle.java:203) [org.eclipse.equinox.app_1.4.400.v20191212-0743.jar:?]
	at org.eclipse.core.runtime.internal.adaptor.EclipseAppLauncher.runApplication(EclipseAppLauncher.java:137) [org.eclipse.osgi_3.15.200.v20200214-1600.jar:?]
	at org.eclipse.core.runtime.internal.adaptor.EclipseAppLauncher.start(EclipseAppLauncher.java:107) [org.eclipse.osgi_3.15.200.v20200214-1600.jar:?]
	at org.eclipse.core.runtime.adaptor.EclipseStarter.run(EclipseStarter.java:401) [org.eclipse.osgi_3.15.200.v20200214-1600.jar:?]
	at org.eclipse.core.runtime.adaptor.EclipseStarter.run(EclipseStarter.java:255) [org.eclipse.osgi_3.15.200.v20200214-1600.jar:?]
	at jdk.internal.reflect.NativeMethodAccessorImpl.invoke0(Native Method) ~[?:?]
	at jdk.internal.reflect.NativeMethodAccessorImpl.invoke(NativeMethodAccessorImpl.java:62) ~[?:?]
	at jdk.internal.reflect.DelegatingMethodAccessorImpl.invoke(DelegatingMethodAccessorImpl.java:43) ~[?:?]
	at java.lang.reflect.Method.invoke(Method.java:566) ~[?:?]
	at org.eclipse.equinox.launcher.Main.invokeFramework(Main.java:657) [org.eclipse.equinox.launcher_1.5.700.v20200207-2156.jar:?]
	at org.eclipse.equinox.launcher.Main.basicRun(Main.java:594) [org.eclipse.equinox.launcher_1.5.700.v20200207-2156.jar:?]
	at org.eclipse.equinox.launcher.Main.run(Main.java:1447) [org.eclipse.equinox.launcher_1.5.700.v20200207-2156.jar:?]
	at org.eclipse.equinox.launcher.Main.main(Main.java:1420) [org.eclipse.equinox.launcher_1.5.700.v20200207-2156.jar:?]
Caused by: java.io.IOException: error=2, No such file or directory
	at java.lang.ProcessImpl.forkAndExec(Native Method) ~[?:?]
	at java.lang.ProcessImpl.<init>(ProcessImpl.java:340) ~[?:?]
	at java.lang.ProcessImpl.start(ProcessImpl.java:271) ~[?:?]
	at java.lang.ProcessBuilder.start(ProcessBuilder.java:1107) ~[?:?]
	... 42 more
19:26:19 DEBUG : Logs will be stored at '/home/Jake/workspace/IDE.log'.
19:26:20 INFO  : Launching XSCT server: xsct -n  -interactive /home/Jake/workspace/temp_xsdb_launch_script.tcl
19:26:20 INFO  : Registering command handlers for Vitis TCF services
19:26:21 INFO  : Platform repository initialization has completed.
19:26:22 INFO  : XSCT server has started successfully.
19:26:22 INFO  : plnx-install-location is set to ''
19:26:22 INFO  : Successfully done setting XSCT server connection channel  
19:26:22 INFO  : Successfully done query RDI_DATADIR 
19:26:22 INFO  : Successfully done setting workspace for the tool. 
20:03:29 DEBUG : Logs will be stored at '/home/Jake/Desktop/cpre563/workspace/IDE.log'.
20:03:30 INFO  : Launching XSCT server: xsct -n  -interactive /home/Jake/Desktop/cpre563/workspace/temp_xsdb_launch_script.tcl
20:03:32 INFO  : Platform repository initialization has completed.
20:03:32 INFO  : XSCT server has started successfully.
20:03:32 INFO  : Successfully done setting XSCT server connection channel  
20:03:32 INFO  : plnx-install-location is set to ''
20:03:32 INFO  : Successfully done setting workspace for the tool. 
20:03:33 INFO  : Successfully done query RDI_DATADIR 
20:03:33 INFO  : Registering command handlers for Vitis TCF services
20:10:04 ERROR : Failed to run the application using 'smartssd_system-Default_smartssd'.
20:11:15 ERROR : Failed to run the application using 'smartssd_system-Default_smartssd'.
20:17:56 ERROR : Failed to run the application using 'smartssd_system-Default_smartssd'.
21:09:06 INFO  : Launching executable: Emulation-SW/smartssd -x ${project_loc:smartssd_system}/Emulation-SW/adder.xclbin -f ../../data/sample.txt
21:09:18 INFO  : Launching executable: Emulation-SW/smartssd -x ${project_loc:smartssd_system}/Emulation-SW/adder.xclbin -f ../../data/sample.txt
21:11:49 INFO  : Build configuration of 'smartssd_system' is updated to 'Hardware'
21:11:49 INFO  : Build configuration of system project is automatically updated to 'Hardware'.
21:11:49 INFO  : Build configuration of 'smartssd_system_hw_link' is updated to 'Hardware'
21:11:50 INFO  : Build configuration of 'smartssd' is updated to 'Hardware'
21:13:12 ERROR : Failed to run the application using 'smartssd_system-Default_smartssd'.
21:19:04 INFO  : Build configuration of 'smartssd_system_hw_link' is updated to 'Emulation-SW'
21:19:04 INFO  : Build configuration of 'smartssd_kernels' is updated to 'Emulation-SW'
21:19:04 INFO  : Build configuration of 'smartssd' is updated to 'Emulation-SW'
21:19:29 ERROR : Failed to run the application using 'smartssd_system-Default_smartssd'.
21:20:56 INFO  : Launching executable: Emulation-SW/smartssd -x ${project_loc:smartssd_system}/Emulation-SW/adder.xclbin -f ../../data/sample.txt
21:21:15 INFO  : Launching executable: Emulation-SW/smartssd -x ${project_loc:smartssd_system}/Emulation-SW/adder.xclbin -f ../../data/sample.txt
21:38:18 INFO  : Added kernel '[computeLoop - smartssd_kernels/src/layers/Compute_HLS.cpp]' in binary container 'adder' of project 'smartssd_system_hw_link'
21:39:01 INFO  : Removed kernel '[adder - smartssd_kernels/null]' in binary container 'adder' of project 'smartssd_system_hw_link'
21:41:42 INFO  : Build configuration of 'smartssd_system' is updated to 'Emulation-HW'
21:41:42 INFO  : Build configuration of system project is automatically updated to 'Emulation-HW'.
21:41:42 WARN  : The configuration 'Emulation-HW' of the project 'smartssd_kernels' being currently built is not compatible with the configuration 'Emulation-SW' of the project 'smartssd_system_hw_link' existing in the same system project.
21:42:01 INFO  : Build of the project 'smartssd_kernels' for the configuration 'Emulation-HW' is cancelled. 
21:42:02 INFO  : Build configuration of 'smartssd_system_hw_link' is updated to 'Emulation-HW'
21:42:02 INFO  : Build configuration of 'smartssd' is updated to 'Emulation-HW'
21:42:31 INFO  : Build configuration of 'smartssd_system_hw_link' is updated to 'Emulation-SW'
21:42:32 INFO  : Build configuration of 'smartssd_kernels' is updated to 'Emulation-SW'
21:42:32 INFO  : Build configuration of 'smartssd' is updated to 'Emulation-SW'
21:43:22 INFO  : Launching executable: Emulation-SW/smartssd -x ${project_loc:smartssd_system}/Emulation-SW/adder.xclbin -f ../../data/sample.txt
21:46:04 INFO  : Launching executable: Emulation-SW/smartssd -x ${project_loc:smartssd_system}/Emulation-SW/adder.xclbin -f ../../data/sample.txt
09:39:19 DEBUG : Logs will be stored at '/home/Jake/Desktop/cpre563/workspace/IDE.log'.
09:39:20 INFO  : Launching XSCT server: xsct -n  -interactive /home/Jake/Desktop/cpre563/workspace/temp_xsdb_launch_script.tcl
09:39:21 INFO  : Registering command handlers for Vitis TCF services
09:39:22 INFO  : XSCT server has started successfully.
09:39:22 INFO  : Successfully done setting XSCT server connection channel  
09:39:22 INFO  : plnx-install-location is set to ''
09:39:22 INFO  : Successfully done query RDI_DATADIR 
09:39:22 INFO  : Successfully done setting workspace for the tool. 
09:39:22 INFO  : Platform repository initialization has completed.
19:01:45 DEBUG : Logs will be stored at '/home/Jake/Desktop/cpre563/workspace/IDE.log'.
19:01:46 INFO  : Launching XSCT server: xsct -n  -interactive /home/Jake/Desktop/cpre563/workspace/temp_xsdb_launch_script.tcl
19:01:48 INFO  : Registering command handlers for Vitis TCF services
19:01:48 INFO  : XSCT server has started successfully.
19:01:48 INFO  : Platform repository initialization has completed.
19:01:48 INFO  : Successfully done setting XSCT server connection channel  
19:01:48 INFO  : plnx-install-location is set to ''
19:01:48 INFO  : Successfully done query RDI_DATADIR 
19:01:48 INFO  : Successfully done setting workspace for the tool. 
19:40:10 INFO  : Removed kernel '[computeLoop - smartssd_kernels/null]' in binary container 'computeLoop' of project 'smartssd_system_hw_link'
19:41:07 INFO  : Launching executable: Emulation-SW/smartssd -x ${project_loc:smartssd_system}/Emulation-SW/adder.xclbin -f ../../data/sample.txt ${project_loc:smartssd_system}/Emulation-SW/computeLoop.xclbin
19:42:07 INFO  : Added kernel '[computePointHLS - smartssd_kernels/src/layers/Compute_HLS.cpp]' in binary container 'computeLoop' of project 'smartssd_system_hw_link'
20:35:55 INFO  : Launching executable: Emulation-SW/smartssd -x ${project_loc:smartssd_system}/Emulation-SW/adder.xclbin -f ../../data/sample.txt ${project_loc:smartssd_system}/Emulation-SW/computePointHLS.xclbin
20:43:03 INFO  : Launching executable: Emulation-SW/smartssd -x ${project_loc:smartssd_system}/Emulation-SW/adder.xclbin -f ../../data/sample.txt ${project_loc:smartssd_system}/Emulation-SW/computePointHLS.xclbin
20:52:19 INFO  : Launching executable: Emulation-SW/smartssd -x ${project_loc:smartssd_system}/Emulation-SW/adder.xclbin -f ../../data/sample.txt ${project_loc:smartssd_system}/Emulation-SW/computePointHLS.xclbin
20:52:44 INFO  : Launching executable: Emulation-SW/smartssd -x ${project_loc:smartssd_system}/Emulation-SW/adder.xclbin -f ../../data/sample.txt ${project_loc:smartssd_system}/Emulation-SW/computePointHLS.xclbin
21:36:49 INFO  : Launching executable: Emulation-SW/smartssd -x ${project_loc:smartssd_system}/Emulation-SW/adder.xclbin -f ../../data/sample.txt ${project_loc:smartssd_system}/Emulation-SW/computePointHLS.xclbin
21:37:29 DEBUG : Logs will be stored at '/home/Jake/Desktop/cpre563/workspace/IDE.log'.
21:37:30 INFO  : Launching XSCT server: xsct -n  -interactive /home/Jake/Desktop/cpre563/workspace/temp_xsdb_launch_script.tcl
21:37:32 INFO  : XSCT server has started successfully.
21:37:32 INFO  : Successfully done setting XSCT server connection channel  
21:37:32 INFO  : plnx-install-location is set to ''
21:37:32 INFO  : Successfully done setting workspace for the tool. 
21:37:32 INFO  : Successfully done query RDI_DATADIR 
21:37:32 INFO  : Registering command handlers for Vitis TCF services
21:37:33 INFO  : Platform repository initialization has completed.
21:37:58 INFO  : Launching executable: Emulation-SW/smartssd -x ${project_loc:smartssd_system}/Emulation-SW/adder.xclbin -f ../../data/sample.txt ${project_loc:smartssd_system}/Emulation-SW/computePointHLS.xclbin
21:39:14 INFO  : Launching executable: Emulation-SW/smartssd -x ${project_loc:smartssd_system}/Emulation-SW/adder.xclbin -f ../../data/sample.txt ${project_loc:smartssd_system}/Emulation-SW/computePointHLS.xclbin
21:41:12 INFO  : Launching executable: Emulation-SW/smartssd -x ${project_loc:smartssd_system}/Emulation-SW/adder.xclbin -f ../../data/sample.txt ${project_loc:smartssd_system}/Emulation-SW/computePointHLS.xclbin
21:43:05 INFO  : Launching executable: Emulation-SW/smartssd -x ${project_loc:smartssd_system}/Emulation-SW/adder.xclbin -f ../../data/sample.txt ${project_loc:smartssd_system}/Emulation-SW/computePointHLS.xclbin
21:44:56 INFO  : Build configuration of 'smartssd_system_hw_link' is updated to 'Emulation-HW'
21:44:56 INFO  : Build configuration of 'smartssd_kernels' is updated to 'Emulation-HW'
21:44:56 INFO  : Build configuration of 'smartssd' is updated to 'Emulation-HW'
21:50:27 INFO  : Launching executable: Emulation-HW/smartssd -x ${project_loc:smartssd_system}/Emulation-HW/adder.xclbin -f ../../data/sample.txt ${project_loc:smartssd_system}/Emulation-HW/computePointHLS.xclbin
21:50:44 INFO  : Launching executable: Emulation-HW/smartssd -x ${project_loc:smartssd_system}/Emulation-HW/adder.xclbin -f ../../data/sample.txt ${project_loc:smartssd_system}/Emulation-HW/computePointHLS.xclbin
21:56:43 INFO  : Launching executable: Emulation-HW/smartssd -x ${project_loc:smartssd_system}/Emulation-HW/adder.xclbin -f ../../data/sample.txt ${project_loc:smartssd_system}/Emulation-HW/computePointHLS.xclbin
21:56:50 INFO  : Build configuration of 'smartssd_system_hw_link' is updated to 'Emulation-SW'
21:56:50 INFO  : Build configuration of 'smartssd_kernels' is updated to 'Emulation-SW'
21:56:50 INFO  : Build configuration of 'smartssd' is updated to 'Emulation-SW'
21:59:08 INFO  : Launching executable: Emulation-SW/smartssd -x ${project_loc:smartssd_system}/Emulation-SW/adder.xclbin -f ../../data/sample.txt ${project_loc:smartssd_system}/Emulation-SW/computePointHLS.xclbin
22:04:47 INFO  : Launching executable: Emulation-SW/smartssd -x ${project_loc:smartssd_system}/Emulation-SW/adder.xclbin -f ../../data/sample.txt ${project_loc:smartssd_system}/Emulation-SW/computePointHLS.xclbin
22:06:58 INFO  : Launching executable: Emulation-SW/smartssd -x ${project_loc:smartssd_system}/Emulation-SW/adder.xclbin -f ../../data/sample.txt ${project_loc:smartssd_system}/Emulation-SW/computePointHLS.xclbin
22:09:47 INFO  : Launching executable: Emulation-SW/smartssd -x ${project_loc:smartssd_system}/Emulation-SW/adder.xclbin -f ../../data/sample.txt ${project_loc:smartssd_system}/Emulation-SW/computePointHLS.xclbin
22:12:17 INFO  : Launching executable: Emulation-SW/smartssd -x ${project_loc:smartssd_system}/Emulation-SW/adder.xclbin -f ../../data/sample.txt ${project_loc:smartssd_system}/Emulation-SW/computePointHLS.xclbin
22:30:48 INFO  : Launching executable: Emulation-SW/smartssd -x ${project_loc:smartssd_system}/Emulation-SW/computePointHLS.xclbin
22:31:42 INFO  : Launching executable: Emulation-SW/smartssd -x ${project_loc:smartssd_system}/Emulation-SW/computePointHLS.xclbin
22:33:45 INFO  : Launching executable: Emulation-SW/smartssd -x ${project_loc:smartssd_system}/Emulation-SW/computePointHLS.xclbin
22:36:01 INFO  : Launching executable: Emulation-SW/smartssd -x ${project_loc:smartssd_system}/Emulation-SW/computePointHLS.xclbin -f {project_loc:smartssd_system}/smartssd/src/data.txt
22:36:41 INFO  : Launching executable: Emulation-SW/smartssd -x ${project_loc:smartssd_system}/Emulation-SW/computePointHLS.xclbin -f {project_loc:smartssd_system}/smartssd/src/data.txt
22:41:14 INFO  : Launching executable: Emulation-SW/dummy -x ${project_loc:dummy_system}/Emulation-SW/adder.xclbin -f ../../data/sample.txt
22:41:42 INFO  : Launching executable: Emulation-SW/smartssd -x ${project_loc:smartssd_system}/Emulation-SW/computePointHLS.xclbin -f {project_loc:smartssd_system}/smartssd/src/data.txt
22:41:56 INFO  : Launching executable: Emulation-SW/smartssd -x ${project_loc:smartssd_system}/Emulation-SW/computePointHLS.xclbin -f ../../data/sample.txt
22:42:12 INFO  : Launching executable: Emulation-SW/smartssd -x ${project_loc:smartssd_system}/Emulation-SW/computePointHLS.xclbin -f ../../data/sample.txt
22:43:46 INFO  : Launching executable: Emulation-SW/smartssd -x ${project_loc:smartssd_system}/Emulation-SW/computePointHLS.xclbin -f ../../data/sample.txt
22:45:51 INFO  : Launching executable: Emulation-SW/smartssd -x ${project_loc:smartssd_system}/Emulation-SW/computePointHLS.xclbin -f ../../data/sample.txt
22:47:47 INFO  : Launching executable: Emulation-SW/smartssd -x ${project_loc:smartssd_system}/Emulation-SW/computePointHLS.xclbin -f ../../data/sample.txt
23:07:33 INFO  : Launching executable: Emulation-SW/smartssd -x ${project_loc:smartssd_system}/Emulation-SW/computePointHLS.xclbin -f ../../data/sample.txt
00:23:29 INFO  : Launching executable: Emulation-SW/smartssd -x ${project_loc:smartssd_system}/Emulation-SW/computePointHLS.xclbin -f ../../data/sample.txt
00:24:44 INFO  : Launching executable: Emulation-SW/smartssd -x ${project_loc:smartssd_system}/Emulation-SW/computePointHLS.xclbin -f ../../data/sample.txt
00:28:19 INFO  : Launching executable: Emulation-SW/smartssd -x ${project_loc:smartssd_system}/Emulation-SW/computePointHLS.xclbin -f ../../data/sample.txt
00:32:16 INFO  : Launching executable: Emulation-SW/smartssd -x ${project_loc:smartssd_system}/Emulation-SW/computePointHLS.xclbin -f ../../data/sample.txt
00:37:36 INFO  : Launching executable: Emulation-SW/smartssd -x ${project_loc:smartssd_system}/Emulation-SW/computePointHLS.xclbin -f ../../data/sample.txt
00:38:59 INFO  : Launching executable: Emulation-SW/smartssd -x ${project_loc:smartssd_system}/Emulation-SW/computePointHLS.xclbin -f ../../data/sample.txt
00:40:43 INFO  : Launching executable: Emulation-SW/smartssd -x ${project_loc:smartssd_system}/Emulation-SW/computePointHLS.xclbin -f ../../data/sample.txt
00:43:42 INFO  : Launching executable: Emulation-SW/smartssd -x ${project_loc:smartssd_system}/Emulation-SW/computePointHLS.xclbin -f ../../data/sample.txt
00:46:13 INFO  : Launching executable: Emulation-SW/smartssd -x ${project_loc:smartssd_system}/Emulation-SW/computePointHLS.xclbin -f ../../data/sample.txt
00:53:45 INFO  : Launching executable: Emulation-SW/smartssd -x ${project_loc:smartssd_system}/Emulation-SW/computePointHLS.xclbin -f ../../data/sample.txt
00:56:49 INFO  : Launching executable: Emulation-SW/smartssd -x ${project_loc:smartssd_system}/Emulation-SW/computePointHLS.xclbin -f ../../data/sample.txt
00:59:30 INFO  : Launching executable: Emulation-SW/smartssd -x ${project_loc:smartssd_system}/Emulation-SW/computePointHLS.xclbin -f ../../data/sample.txt
01:00:35 INFO  : Launching executable: Emulation-SW/smartssd -x ${project_loc:smartssd_system}/Emulation-SW/computePointHLS.xclbin -f ../../data/sample.txt
01:04:11 INFO  : Launching executable: Emulation-SW/smartssd -x ${project_loc:smartssd_system}/Emulation-SW/computePointHLS.xclbin -f ../../data/sample.txt
01:07:19 INFO  : Launching executable: Emulation-SW/smartssd -x ${project_loc:smartssd_system}/Emulation-SW/computePointHLS.xclbin -f ../../data/sample.txt
14:57:44 DEBUG : Logs will be stored at '/home/Jake/Desktop/cpre563/workspace/IDE.log'.
14:57:45 INFO  : Launching XSCT server: xsct -n  -interactive /home/Jake/Desktop/cpre563/workspace/temp_xsdb_launch_script.tcl
14:57:47 INFO  : XSCT server has started successfully.
14:57:47 INFO  : Successfully done setting XSCT server connection channel  
14:57:47 INFO  : plnx-install-location is set to ''
14:57:47 INFO  : Successfully done setting workspace for the tool. 
14:57:47 INFO  : Successfully done query RDI_DATADIR 
14:57:47 INFO  : Registering command handlers for Vitis TCF services
14:57:48 INFO  : Platform repository initialization has completed.
14:50:24 INFO  : Launching executable: Emulation-SW/smartssd -x ${project_loc:smartssd_system}/Emulation-SW/computePointHLS.xclbin -f ../../data/sample.txt
15:02:23 INFO  : Launching executable: Emulation-SW/smartssd -x ${project_loc:smartssd_system}/Emulation-SW/computePointHLS.xclbin -f ../../data/sample.txt
15:10:37 INFO  : Launching executable: Emulation-SW/smartssd -x ${project_loc:smartssd_system}/Emulation-SW/computePointHLS.xclbin -f ../../data/sample.txt
15:13:25 INFO  : Launching executable: Emulation-SW/smartssd -x ${project_loc:smartssd_system}/Emulation-SW/computePointHLS.xclbin -f ../../data/sample.txt
15:17:40 INFO  : Launching executable: Emulation-SW/smartssd -x ${project_loc:smartssd_system}/Emulation-SW/computePointHLS.xclbin -f ../../data/sample.txt
15:19:39 INFO  : Launching executable: Emulation-SW/smartssd -x ${project_loc:smartssd_system}/Emulation-SW/computePointHLS.xclbin -f ../../data/sample.txt
15:20:35 INFO  : Launching executable: Emulation-SW/smartssd -x ${project_loc:smartssd_system}/Emulation-SW/computePointHLS.xclbin -f ../../data/sample.txt
15:21:19 INFO  : Launching executable: Emulation-SW/smartssd -x ${project_loc:smartssd_system}/Emulation-SW/computePointHLS.xclbin -f ../../data/sample.txt
15:22:13 INFO  : Launching executable: Emulation-SW/smartssd -x ${project_loc:smartssd_system}/Emulation-SW/computePointHLS.xclbin -f ../../data/sample.txt
15:25:15 INFO  : Launching executable: Emulation-SW/smartssd -x ${project_loc:smartssd_system}/Emulation-SW/computePointHLS.xclbin -f ../../data/sample.txt
15:26:42 INFO  : Launching executable: Emulation-SW/smartssd -x ${project_loc:smartssd_system}/Emulation-SW/computePointHLS.xclbin -f ../../data/sample.txt
15:27:50 INFO  : Launching executable: Emulation-SW/smartssd -x ${project_loc:smartssd_system}/Emulation-SW/computePointHLS.xclbin -f ../../data/sample.txt
15:30:35 INFO  : Launching executable: Emulation-SW/smartssd -x ${project_loc:smartssd_system}/Emulation-SW/computePointHLS.xclbin -f ../../data/sample.txt
15:32:41 INFO  : Launching executable: Emulation-SW/smartssd -x ${project_loc:smartssd_system}/Emulation-SW/computePointHLS.xclbin -f ../../data/sample.txt
15:33:58 INFO  : Launching executable: Emulation-SW/smartssd -x ${project_loc:smartssd_system}/Emulation-SW/computePointHLS.xclbin -f ../../data/sample.txt
15:39:51 INFO  : Launching executable: Emulation-SW/smartssd -x ${project_loc:smartssd_system}/Emulation-SW/computePointHLS.xclbin -f ../../data/sample.txt
15:41:48 INFO  : Launching executable: Emulation-SW/smartssd -x ${project_loc:smartssd_system}/Emulation-SW/computePointHLS.xclbin -f ../../data/sample.txt
15:42:21 INFO  : Build configuration of 'smartssd_system_hw_link' is updated to 'Emulation-HW'
15:42:21 INFO  : Build configuration of 'smartssd_kernels' is updated to 'Emulation-HW'
15:42:21 INFO  : Build configuration of 'smartssd' is updated to 'Emulation-HW'
15:44:52 INFO  : Build configuration of 'smartssd_system_hw_link' is updated to 'Emulation-SW'
15:44:52 INFO  : Build configuration of 'smartssd_kernels' is updated to 'Emulation-SW'
15:44:52 INFO  : Build configuration of 'smartssd' is updated to 'Emulation-SW'
15:45:23 INFO  : Launching executable: Emulation-SW/smartssd -x ${project_loc:smartssd_system}/Emulation-SW/computePointHLS.xclbin -f ../../data/sample.txt
15:45:54 INFO  : Launching executable: Emulation-SW/smartssd -x ${project_loc:smartssd_system}/Emulation-SW/computePointHLS.xclbin -f ../../data/sample.txt
15:46:58 INFO  : Launching executable: Emulation-SW/smartssd -x ${project_loc:smartssd_system}/Emulation-SW/computePointHLS.xclbin -f ../../data/sample.txt
15:48:48 INFO  : Launching executable: Emulation-SW/smartssd -x ${project_loc:smartssd_system}/Emulation-SW/computePointHLS.xclbin -f ../../data/sample.txt
15:52:21 INFO  : Launching executable: Emulation-SW/smartssd -x ${project_loc:smartssd_system}/Emulation-SW/computePointHLS.xclbin -f ../../data/sample.txt
15:55:16 INFO  : Launching executable: Emulation-SW/adder_test -x ${project_loc:adder_test_system}/Emulation-SW/adder.xclbin -f ../../data/sample.txt
16:22:46 INFO  : Launching executable: Emulation-SW/adder_test -x ${project_loc:adder_test_system}/Emulation-SW/adder.xclbin -f ../../data/sample.txt
16:23:52 INFO  : Launching executable: Emulation-SW/adder_test -x ${project_loc:adder_test_system}/Emulation-SW/adder.xclbin -f ../../data/sample.txt
16:24:26 INFO  : Launching executable: Emulation-SW/smartssd -x ${project_loc:smartssd_system}/Emulation-SW/computePointHLS.xclbin -f ../../data/sample.txt
16:26:19 INFO  : Launching executable: Emulation-SW/smartssd -x ${project_loc:smartssd_system}/Emulation-SW/computePointHLS.xclbin -f ../../data/sample.txt
16:30:05 INFO  : Launching executable: Emulation-SW/smartssd -x ${project_loc:smartssd_system}/Emulation-SW/computePointHLS.xclbin -f ../../data/sample.txt
16:31:22 INFO  : Launching executable: Emulation-SW/smartssd -x ${project_loc:smartssd_system}/Emulation-SW/computePointHLS.xclbin -f ../../data/sample.txt
16:32:38 INFO  : Launching executable: Emulation-SW/smartssd -x ${project_loc:smartssd_system}/Emulation-SW/computePointHLS.xclbin -f ../../data/sample.txt
16:41:20 INFO  : Launching executable: Emulation-SW/smartssd -x ${project_loc:smartssd_system}/Emulation-SW/computePointHLS.xclbin -f /dev/nvme0n1p1
16:43:35 INFO  : Launching executable: Emulation-SW/smartssd -x ${project_loc:smartssd_system}/Emulation-SW/computePointHLS.xclbin -f /dev/nvme0n1p1
16:47:55 INFO  : Launching executable: Emulation-SW/smartssd -x ${project_loc:smartssd_system}/Emulation-SW/computePointHLS.xclbin -f /dev/nvme0n1p1
16:48:48 INFO  : Launching executable: Emulation-SW/smartssd -x ${project_loc:smartssd_system}/Emulation-SW/computePointHLS.xclbin -f /dev/nvme0n1p1
16:49:10 INFO  : Launching executable: Emulation-SW/smartssd -x ${project_loc:smartssd_system}/Emulation-SW/computePointHLS.xclbin -f /dev/nvme0n1p1
16:54:15 INFO  : Launching executable: Emulation-SW/smartssd -x ${project_loc:smartssd_system}/Emulation-SW/computePointHLS.xclbin -f /dev/nvme0n1p1
17:01:36 INFO  : Launching executable: Emulation-SW/smartssd -x ${project_loc:smartssd_system}/Emulation-SW/computePointHLS.xclbin -f /dev/nvme0n1p1
17:10:24 INFO  : Launching executable: Emulation-SW/smartssd -x ${project_loc:smartssd_system}/Emulation-SW/computePointHLS.xclbin -f /dev/nvme0n1p3
17:11:25 INFO  : Launching executable: Emulation-SW/smartssd -x ${project_loc:smartssd_system}/Emulation-SW/computePointHLS.xclbin -f /dev/nvme0n1p3
17:13:32 INFO  : Launching executable: Emulation-SW/smartssd -x ${project_loc:smartssd_system}/Emulation-SW/computePointHLS.xclbin -f /dev/nvme0n1p3
17:21:19 INFO  : Launching executable: Emulation-SW/smartssd -x ${project_loc:smartssd_system}/Emulation-SW/computePointHLS.xclbin -f /dev/nvme0n1p3
19:48:08 INFO  : Launching executable: Emulation-SW/smartssd -x ${project_loc:smartssd_system}/Emulation-SW/computePointHLS.xclbin -f /dev/nvme0n1p1
19:48:34 INFO  : Launching executable: Emulation-SW/smartssd -x ${project_loc:smartssd_system}/Emulation-SW/computePointHLS.xclbin -f /dev/nvme0n1p1
19:49:24 INFO  : Launching executable: Emulation-SW/smartssd -x ${project_loc:smartssd_system}/Emulation-SW/computePointHLS.xclbin -f /dev/nvme0n1p1
19:49:44 INFO  : Launching executable: Emulation-SW/smartssd -x ${project_loc:smartssd_system}/Emulation-SW/computePointHLS.xclbin -f /dev/nvme0n1p1
19:50:38 INFO  : Launching executable: Emulation-SW/smartssd -x ${project_loc:smartssd_system}/Emulation-SW/computePointHLS.xclbin -f /dev/nvme0n1p1
19:50:50 INFO  : Launching executable: Emulation-SW/smartssd -x ${project_loc:smartssd_system}/Emulation-SW/computePointHLS.xclbin -f /dev/nvme0n1p1
19:51:38 INFO  : Launching executable: Emulation-SW/smartssd -x ${project_loc:smartssd_system}/Emulation-SW/computePointHLS.xclbin -f /dev/nvme0n1p1
20:44:23 ERROR : Failed to run the application using 'sample_system-Default_sample'.
20:44:31 ERROR : Failed to run the application using 'sample_system-Default_sample'.
20:44:42 INFO  : Launching executable: Emulation-SW/smartssd -x ${project_loc:smartssd_system}/Emulation-SW/computePointHLS.xclbin -f /dev/nvme0n1p1
20:46:16 INFO  : Launching executable: Emulation-SW/smartssd -x ${project_loc:smartssd_system}/Emulation-SW/computePointHLS.xclbin -f /dev/nvme0n1p1
20:47:51 INFO  : Launching executable: Emulation-SW/smartssd -x ${project_loc:smartssd_system}/Emulation-SW/computePointHLS.xclbin -f /dev/nvme0n1p1
20:53:46 INFO  : Launching executable: Emulation-SW/smartssd -x ${project_loc:smartssd_system}/Emulation-SW/computePointHLS.xclbin -f /dev/nvme0n1p1
20:58:38 INFO  : Launching executable: Emulation-SW/smartssd -x ${project_loc:smartssd_system}/Emulation-SW/computePointHLS.xclbin -f /dev/nvme0n1p1
20:59:34 INFO  : Launching executable: Emulation-SW/smartssd -x ${project_loc:smartssd_system}/Emulation-SW/computePointHLS.xclbin -f /dev/nvme0n1p1
21:09:15 INFO  : Launching executable: Emulation-SW/smartssd -x ${project_loc:smartssd_system}/Emulation-SW/computePointHLS.xclbin -f /dev/nvme0n1p1
21:11:15 INFO  : Launching executable: Emulation-SW/smartssd -x ${project_loc:smartssd_system}/Emulation-SW/computePointHLS.xclbin -f /dev/nvme0n1p1
21:16:11 INFO  : Launching executable: Emulation-SW/smartssd -x ${project_loc:smartssd_system}/Emulation-SW/computePointHLS.xclbin -f /dev/nvme0n1p1
21:36:13 INFO  : Launching executable: Emulation-SW/smartssd -x ${project_loc:smartssd_system}/Emulation-SW/computePointHLS.xclbin -f /dev/nvme0n1p1
21:43:11 INFO  : Launching executable: Emulation-SW/smartssd -x ${project_loc:smartssd_system}/Emulation-SW/computePointHLS.xclbin -f /dev/nvme0n1p1
21:44:42 INFO  : Launching executable: Emulation-SW/smartssd -x ${project_loc:smartssd_system}/Emulation-SW/computePointHLS.xclbin -f /dev/nvme0n1p1
21:46:42 INFO  : Launching executable: Emulation-SW/smartssd -x ${project_loc:smartssd_system}/Emulation-SW/computePointHLS.xclbin -f /dev/nvme0n1p1
21:48:03 INFO  : Launching executable: Emulation-SW/smartssd -x ${project_loc:smartssd_system}/Emulation-SW/computePointHLS.xclbin -f /dev/nvme0n1p1
21:56:03 INFO  : Launching executable: Emulation-SW/smartssd -x ${project_loc:smartssd_system}/Emulation-SW/computePointHLS.xclbin -f /dev/nvme0n1p1
22:11:19 INFO  : Launching executable: Emulation-SW/smartssd -x ${project_loc:smartssd_system}/Emulation-SW/computePointHLS.xclbin -f /dev/nvme0n1p1
22:33:40 INFO  : Launching executable: Emulation-SW/smartssd -x ${project_loc:smartssd_system}/Emulation-SW/computePointHLS.xclbin -f /dev/nvme0n1p1
22:34:57 INFO  : Launching executable: Emulation-SW/smartssd -x ${project_loc:smartssd_system}/Emulation-SW/computePointHLS.xclbin -f /dev/nvme0n1p1
22:38:55 INFO  : Launching executable: Emulation-SW/smartssd -x ${project_loc:smartssd_system}/Emulation-SW/computePointHLS.xclbin -f /dev/nvme0n1p1
22:46:52 INFO  : Launching executable: Emulation-SW/smartssd -x ${project_loc:smartssd_system}/Emulation-SW/computePointHLS.xclbin -f /dev/nvme0n1p1
22:53:11 INFO  : Launching executable: Emulation-SW/smartssd -x ${project_loc:smartssd_system}/Emulation-SW/computePointHLS.xclbin -f /dev/nvme0n1p1
22:57:14 INFO  : Launching executable: Emulation-SW/smartssd -x ${project_loc:smartssd_system}/Emulation-SW/computePointHLS.xclbin -f /dev/nvme0n1p1
22:59:00 INFO  : Launching executable: Emulation-SW/smartssd -x ${project_loc:smartssd_system}/Emulation-SW/computePointHLS.xclbin -f /dev/nvme0n1p1
23:00:50 INFO  : Launching executable: Emulation-SW/smartssd -x ${project_loc:smartssd_system}/Emulation-SW/computePointHLS.xclbin -f /dev/nvme0n1p1
23:03:15 INFO  : Launching executable: Emulation-SW/smartssd -x ${project_loc:smartssd_system}/Emulation-SW/computePointHLS.xclbin -f /dev/nvme0n1p1
23:04:08 INFO  : Launching executable: Emulation-SW/smartssd -x ${project_loc:smartssd_system}/Emulation-SW/computePointHLS.xclbin -f /dev/nvme0n1p1
23:09:07 INFO  : Launching executable: Emulation-SW/smartssd -x ${project_loc:smartssd_system}/Emulation-SW/computePointHLS.xclbin -f /dev/nvme0n1p1
23:10:19 INFO  : Launching executable: Emulation-SW/smartssd -x ${project_loc:smartssd_system}/Emulation-SW/computePointHLS.xclbin -f /dev/nvme0n1p1
23:16:38 INFO  : Launching executable: Emulation-SW/smartssd -x ${project_loc:smartssd_system}/Emulation-SW/computePointHLS.xclbin -f /dev/nvme0n1p1
23:51:49 ERROR : Failed to run the application using 'testing_system-Default_testing'.
23:51:56 INFO  : Launching executable: Emulation-SW/smartssd -x ${project_loc:smartssd_system}/Emulation-SW/computePointHLS.xclbin -f /dev/nvme0n1p1
23:52:58 INFO  : Build configuration of 'smartssd_system_hw_link' is updated to 'Emulation-HW'
23:52:58 INFO  : Build configuration of 'smartssd_kernels' is updated to 'Emulation-HW'
23:52:58 INFO  : Build configuration of 'smartssd' is updated to 'Emulation-HW'
00:02:31 INFO  : Launching executable: Emulation-HW/smartssd -x ${project_loc:smartssd_system}/Emulation-HW/computePointHLS.xclbin -f /dev/nvme0n1p1
00:03:15 INFO  : Build configuration of 'smartssd_system_hw_link' is updated to 'Hardware'
00:03:15 INFO  : Build configuration of 'smartssd_kernels' is updated to 'Hardware'
00:03:15 INFO  : Build configuration of 'smartssd' is updated to 'Hardware'
15:31:01 INFO  : Launching executable: Hardware/smartssd -x ${project_loc:smartssd_system}/Hardware/computePointHLS.xclbin -f /dev/nvme0n1p1
15:19:17 DEBUG : Logs will be stored at '/home/Jake/Desktop/cpre563/workspace/IDE.log'.
15:19:17 INFO  : Launching XSCT server: xsct -n  -interactive /home/Jake/Desktop/cpre563/workspace/temp_xsdb_launch_script.tcl
15:19:19 INFO  : Registering command handlers for Vitis TCF services
15:19:19 INFO  : XSCT server has started successfully.
15:19:19 INFO  : plnx-install-location is set to ''
15:19:19 INFO  : Successfully done setting XSCT server connection channel  
15:19:20 INFO  : Successfully done setting workspace for the tool. 
15:19:20 INFO  : Successfully done query RDI_DATADIR 
15:19:20 INFO  : Platform repository initialization has completed.
15:22:52 INFO  : Build configuration of 'smartssd_system_hw_link' is updated to 'Emulation-SW'
15:22:52 INFO  : Build configuration of 'smartssd_kernels' is updated to 'Emulation-SW'
15:22:52 INFO  : Build configuration of 'smartssd' is updated to 'Emulation-SW'
15:24:35 INFO  : Launching executable: Emulation-SW/smartssd -x ${project_loc:smartssd_system}/Emulation-SW/computePointHLS.xclbin -f /dev/nvme0n1p1
15:24:50 INFO  : Launching executable: Emulation-SW/smartssd -x ${project_loc:smartssd_system}/Emulation-SW/computePointHLS.xclbin -f /dev/nvme0n1p1
15:27:38 INFO  : Launching executable: Emulation-SW/smartssd -x ${project_loc:smartssd_system}/Emulation-SW/computePointHLS.xclbin -f /dev/nvme0n1p1
15:33:06 INFO  : Launching executable: Emulation-SW/smartssd -x ${project_loc:smartssd_system}/Emulation-SW/computePointHLS.xclbin -f /dev/nvme0n1p1
15:34:04 INFO  : Launching executable: Emulation-SW/smartssd -x ${project_loc:smartssd_system}/Emulation-SW/computePointHLS.xclbin -f /dev/nvme0n1p1
15:36:16 INFO  : Launching executable: Emulation-SW/smartssd -x ${project_loc:smartssd_system}/Emulation-SW/computePointHLS.xclbin -f /dev/nvme0n1p1
15:37:43 INFO  : Launching executable: Emulation-SW/smartssd -x ${project_loc:smartssd_system}/Emulation-SW/computePointHLS.xclbin -f /dev/nvme0n1p1
15:39:55 INFO  : Launching executable: Emulation-SW/smartssd -x ${project_loc:smartssd_system}/Emulation-SW/computePointHLS.xclbin -f /dev/nvme0n1p1
15:50:00 INFO  : Launching executable: Emulation-SW/smartssd -x ${project_loc:smartssd_system}/Emulation-SW/computePointHLS.xclbin -f /dev/nvme0n1p1
15:51:10 INFO  : Launching executable: Emulation-SW/smartssd -x ${project_loc:smartssd_system}/Emulation-SW/computePointHLS.xclbin -f /dev/nvme0n1p1
15:53:32 INFO  : Launching executable: Emulation-SW/smartssd -x ${project_loc:smartssd_system}/Emulation-SW/computePointHLS.xclbin -f /dev/nvme0n1p1
15:58:57 INFO  : Launching executable: Emulation-SW/smartssd -x ${project_loc:smartssd_system}/Emulation-SW/computePointHLS.xclbin -f /dev/nvme0n1p1
16:06:24 INFO  : Launching executable: Emulation-SW/smartssd -x ${project_loc:smartssd_system}/Emulation-SW/computePointHLS.xclbin -f /dev/nvme0n1p1
16:08:52 INFO  : Launching executable: Emulation-SW/smartssd -x ${project_loc:smartssd_system}/Emulation-SW/computePointHLS.xclbin -f /dev/nvme0n1p1
16:10:48 INFO  : Launching executable: Emulation-SW/smartssd -x ${project_loc:smartssd_system}/Emulation-SW/computePointHLS.xclbin -f /dev/nvme0n1p1
16:14:20 INFO  : Launching executable: Emulation-SW/smartssd -x ${project_loc:smartssd_system}/Emulation-SW/computePointHLS.xclbin -f /dev/nvme0n1p1
17:01:54 INFO  : Launching executable: Emulation-SW/smartssd -x ${project_loc:smartssd_system}/Emulation-SW/computePointHLS.xclbin -f /dev/nvme0n1p1
17:07:01 INFO  : Build configuration of 'smartssd_system_hw_link' is updated to 'Hardware'
17:07:01 INFO  : Build configuration of 'smartssd_kernels' is updated to 'Hardware'
17:07:01 INFO  : Build configuration of 'smartssd' is updated to 'Hardware'
19:48:19 INFO  : Launching executable: Hardware/smartssd -x ${project_loc:smartssd_system}/Hardware/computePointHLS.xclbin -f /dev/nvme0n1p1
19:52:02 INFO  : Build configuration of 'smartssd_system_hw_link' is updated to 'Emulation-SW'
19:52:02 INFO  : Build configuration of 'smartssd_kernels' is updated to 'Emulation-SW'
19:52:02 INFO  : Build configuration of 'smartssd' is updated to 'Emulation-SW'
19:52:24 INFO  : Launching executable: Emulation-SW/smartssd -x ${project_loc:smartssd_system}/Emulation-SW/computePointHLS.xclbin -f /dev/nvme0n1p1
20:11:43 INFO  : Launching executable: Emulation-SW/smartssd -x ${project_loc:smartssd_system}/Emulation-SW/computePointHLS.xclbin -f /dev/nvme0n1p1
20:14:22 INFO  : Launching executable: Emulation-SW/smartssd -x ${project_loc:smartssd_system}/Emulation-SW/computePointHLS.xclbin -f /dev/nvme0n1p1
20:14:32 INFO  : Build configuration of 'smartssd_system_hw_link' is updated to 'Hardware'
20:14:32 INFO  : Build configuration of 'smartssd_kernels' is updated to 'Hardware'
20:14:32 INFO  : Build configuration of 'smartssd' is updated to 'Hardware'
20:15:21 INFO  : Launching executable: Hardware/smartssd -x ${project_loc:smartssd_system}/Hardware/computePointHLS.xclbin -f /dev/nvme0n1p1
20:27:35 INFO  : Build configuration of 'smartssd_system_hw_link' is updated to 'Emulation-HW'
20:27:35 INFO  : Build configuration of 'smartssd_kernels' is updated to 'Emulation-HW'
20:27:35 INFO  : Build configuration of 'smartssd' is updated to 'Emulation-HW'
20:32:45 INFO  : Launching executable: Emulation-HW/smartssd -x ${project_loc:smartssd_system}/Emulation-HW/computePointHLS.xclbin -f /dev/nvme0n1p1
20:33:45 INFO  : Build configuration of 'smartssd_system_hw_link' is updated to 'Hardware'
20:33:45 INFO  : Build configuration of 'smartssd_kernels' is updated to 'Hardware'
20:33:45 INFO  : Build configuration of 'smartssd' is updated to 'Hardware'
20:34:39 INFO  : Launching executable: Hardware/smartssd -x ${project_loc:smartssd_system}/Hardware/computePointHLS.xclbin -f /dev/nvme0n1p1
20:53:15 INFO  : Build configuration of 'smartssd_system_hw_link' is updated to 'Emulation-SW'
20:53:15 INFO  : Build configuration of 'smartssd_kernels' is updated to 'Emulation-SW'
20:53:15 INFO  : Build configuration of 'smartssd' is updated to 'Emulation-SW'
20:53:37 INFO  : Launching executable: Emulation-SW/smartssd -x ${project_loc:smartssd_system}/Emulation-SW/computePointHLS.xclbin -f /dev/nvme0n1p1
20:53:47 INFO  : Build configuration of 'smartssd_system_hw_link' is updated to 'Hardware'
20:53:47 INFO  : Build configuration of 'smartssd_kernels' is updated to 'Hardware'
20:53:47 INFO  : Build configuration of 'smartssd' is updated to 'Hardware'
20:54:13 INFO  : Launching executable: Hardware/smartssd -x ${project_loc:smartssd_system}/Hardware/computePointHLS.xclbin -f /dev/nvme0n1p1
11:55:15 DEBUG : Logs will be stored at '/home/Jake/Desktop/cpre563/workspace/IDE.log'.
11:55:16 INFO  : Launching XSCT server: xsct -n  -interactive /home/Jake/Desktop/cpre563/workspace/temp_xsdb_launch_script.tcl
11:55:18 INFO  : XSCT server has started successfully.
11:55:18 INFO  : Registering command handlers for Vitis TCF services
11:55:18 INFO  : plnx-install-location is set to ''
11:55:18 INFO  : Successfully done setting XSCT server connection channel  
11:55:18 INFO  : Successfully done query RDI_DATADIR 
11:55:18 INFO  : Successfully done setting workspace for the tool. 
11:55:18 INFO  : Platform repository initialization has completed.
12:00:15 INFO  : Build configuration of 'smartssd_system_hw_link' is updated to 'Emulation-SW'
12:00:15 INFO  : Build configuration of 'smartssd_kernels' is updated to 'Emulation-SW'
12:00:15 INFO  : Build configuration of 'smartssd' is updated to 'Emulation-SW'
12:01:42 INFO  : Launching executable: Emulation-SW/smartssd -x ${project_loc:smartssd_system}/Emulation-SW/computePointHLS.xclbin -f /dev/nvme0n1p1
12:02:36 INFO  : Launching executable: Emulation-SW/smartssd -x ${project_loc:smartssd_system}/Emulation-SW/computePointHLS.xclbin -f /dev/nvme0n1p1
12:03:23 INFO  : Launching executable: Emulation-SW/smartssd -x ${project_loc:smartssd_system}/Emulation-SW/computePointHLS.xclbin -f /dev/nvme0n1p1
12:07:54 INFO  : Launching executable: Emulation-SW/smartssd -x ${project_loc:smartssd_system}/Emulation-SW/computePointHLS.xclbin -f /dev/nvme0n1p1
12:08:32 INFO  : Build configuration of 'smartssd_system_hw_link' is updated to 'Hardware'
12:08:32 INFO  : Build configuration of 'smartssd_kernels' is updated to 'Hardware'
12:08:32 INFO  : Build configuration of 'smartssd' is updated to 'Hardware'
12:09:02 INFO  : Launching executable: Hardware/smartssd -x ${project_loc:smartssd_system}/Hardware/computePointHLS.xclbin -f /dev/nvme0n1p1
12:19:34 INFO  : Launching executable: Hardware/smartssd -x ${project_loc:smartssd_system}/Hardware/computePointHLS.xclbin -f /dev/nvme0n1p1
12:22:54 INFO  : Launching executable: Hardware/smartssd -x ${project_loc:smartssd_system}/Hardware/computePointHLS.xclbin -f /dev/nvme0n1p1
12:23:07 INFO  : Launching executable: Hardware/smartssd -x ${project_loc:smartssd_system}/Hardware/computePointHLS.xclbin -f /dev/nvme0n1p1
12:23:12 INFO  : Launching executable: Hardware/smartssd -x ${project_loc:smartssd_system}/Hardware/computePointHLS.xclbin -f /dev/nvme0n1p1
12:23:15 INFO  : Launching executable: Hardware/smartssd -x ${project_loc:smartssd_system}/Hardware/computePointHLS.xclbin -f /dev/nvme0n1p1
12:24:16 INFO  : Launching executable: Hardware/smartssd -x ${project_loc:smartssd_system}/Hardware/computePointHLS.xclbin -f /dev/nvme0n1p1
12:25:02 INFO  : Launching executable: Hardware/smartssd -x ${project_loc:smartssd_system}/Hardware/computePointHLS.xclbin -f /dev/nvme0n1p1
12:25:21 INFO  : Launching executable: Hardware/smartssd -x ${project_loc:smartssd_system}/Hardware/computePointHLS.xclbin -f /dev/nvme0n1p1
12:25:25 INFO  : Launching executable: Hardware/smartssd -x ${project_loc:smartssd_system}/Hardware/computePointHLS.xclbin -f /dev/nvme0n1p1
12:30:55 INFO  : Launching executable: Hardware/smartssd -x ${project_loc:smartssd_system}/Hardware/computePointHLS.xclbin -f /dev/nvme0n1p1
12:33:39 INFO  : Launching executable: Hardware/smartssd -x ${project_loc:smartssd_system}/Hardware/computePointHLS.xclbin -f /dev/nvme0n1p1
12:34:20 INFO  : Build configuration of 'smartssd_system_hw_link' is updated to 'Emulation-SW'
12:34:20 INFO  : Build configuration of 'smartssd_kernels' is updated to 'Emulation-SW'
12:34:20 INFO  : Build configuration of 'smartssd' is updated to 'Emulation-SW'
12:44:37 DEBUG : Logs will be stored at '/home/Jake/Desktop/cpre563/workspace/IDE.log'.
12:44:38 INFO  : Launching XSCT server: xsct -n  -interactive /home/Jake/Desktop/cpre563/workspace/temp_xsdb_launch_script.tcl
12:44:40 INFO  : XSCT server has started successfully.
12:44:40 INFO  : Successfully done setting XSCT server connection channel  
12:44:40 INFO  : Registering command handlers for Vitis TCF services
12:44:40 INFO  : plnx-install-location is set to ''
12:44:40 INFO  : Successfully done setting workspace for the tool. 
12:44:40 INFO  : Successfully done query RDI_DATADIR 
12:44:40 INFO  : Platform repository initialization has completed.
12:44:51 INFO  : Launching executable: Emulation-SW/smartssd -x ${project_loc:smartssd_system}/Emulation-SW/computePointHLS.xclbin -f /dev/nvme0n1p1
12:45:46 INFO  : Launching executable: Emulation-SW/smartssd -x ${project_loc:smartssd_system}/Emulation-SW/computePointHLS.xclbin -f /dev/nvme0n1p1
12:46:22 INFO  : Build configuration of 'smartssd_system_hw_link' is updated to 'Hardware'
12:46:22 INFO  : Build configuration of 'smartssd_kernels' is updated to 'Hardware'
12:46:22 INFO  : Build configuration of 'smartssd' is updated to 'Hardware'
12:47:28 INFO  : Launching executable: Hardware/smartssd -x ${project_loc:smartssd_system}/Hardware/computePointHLS.xclbin -f /dev/nvme0n1p1
12:47:50 INFO  : Launching executable: Hardware/smartssd -x ${project_loc:smartssd_system}/Hardware/computePointHLS.xclbin -f /dev/nvme0n1p1
12:49:46 INFO  : Launching executable: Hardware/smartssd -x ${project_loc:smartssd_system}/Hardware/computePointHLS.xclbin -f /dev/nvme0n1p1
12:50:31 INFO  : Launching executable: Hardware/smartssd -x ${project_loc:smartssd_system}/Hardware/computePointHLS.xclbin -f /dev/nvme0n1p1
12:56:56 INFO  : Launching executable: Hardware/smartssd -x ${project_loc:smartssd_system}/Hardware/computePointHLS.xclbin -f /dev/nvme0n1p1
13:10:29 INFO  : Launching executable: Hardware/smartssd -x ${project_loc:smartssd_system}/Hardware/computePointHLS.xclbin -f /dev/nvme0n1p1
13:17:35 INFO  : Launching executable: Hardware/smartssd -x ${project_loc:smartssd_system}/Hardware/computePointHLS.xclbin -f /dev/nvme0n1p1
13:18:50 INFO  : Launching executable: Hardware/smartssd -x ${project_loc:smartssd_system}/Hardware/computePointHLS.xclbin -f /dev/nvme0n1p1
13:19:23 INFO  : Launching executable: Hardware/smartssd -x ${project_loc:smartssd_system}/Hardware/computePointHLS.xclbin -f /dev/nvme0n1p1
13:28:04 INFO  : Launching executable: Hardware/smartssd -x ${project_loc:smartssd_system}/Hardware/computePointHLS.xclbin -f /dev/nvme0n1p1
13:28:33 INFO  : Launching executable: Hardware/smartssd -x ${project_loc:smartssd_system}/Hardware/computePointHLS.xclbin -f /dev/nvme0n1p1
13:28:54 INFO  : Launching executable: Hardware/smartssd -x ${project_loc:smartssd_system}/Hardware/computePointHLS.xclbin -f /dev/nvme0n1p1
13:29:10 INFO  : Launching executable: Hardware/smartssd -x ${project_loc:smartssd_system}/Hardware/computePointHLS.xclbin -f /dev/nvme0n1p1
13:31:03 INFO  : Launching executable: Hardware/smartssd -x ${project_loc:smartssd_system}/Hardware/computePointHLS.xclbin -f /dev/nvme0n1p1
13:32:30 INFO  : Launching executable: Hardware/smartssd -x ${project_loc:smartssd_system}/Hardware/computePointHLS.xclbin -f /dev/nvme0n1p1
13:35:31 INFO  : Launching executable: Hardware/smartssd -x ${project_loc:smartssd_system}/Hardware/computePointHLS.xclbin -f /dev/nvme0n1p1
13:36:17 INFO  : Launching executable: Hardware/smartssd -x ${project_loc:smartssd_system}/Hardware/computePointHLS.xclbin -f /dev/nvme0n1p1
13:37:08 INFO  : Launching executable: Hardware/smartssd -x ${project_loc:smartssd_system}/Hardware/computePointHLS.xclbin -f /dev/nvme0n1p1
13:44:23 INFO  : Build configuration of 'smartssd_system_hw_link' is updated to 'Emulation-SW'
13:44:23 INFO  : Build configuration of 'smartssd_kernels' is updated to 'Emulation-SW'
13:44:23 INFO  : Build configuration of 'smartssd' is updated to 'Emulation-SW'
13:44:46 INFO  : Launching executable: Emulation-SW/smartssd -x ${project_loc:smartssd_system}/Emulation-SW/computePointHLS.xclbin -f /dev/nvme0n1p1
13:45:00 INFO  : Build configuration of 'smartssd_system_hw_link' is updated to 'Emulation-HW'
13:45:00 INFO  : Build configuration of 'smartssd_kernels' is updated to 'Emulation-HW'
13:45:00 INFO  : Build configuration of 'smartssd' is updated to 'Emulation-HW'
13:45:27 INFO  : Launching executable: Emulation-HW/smartssd -x ${project_loc:smartssd_system}/Emulation-HW/computePointHLS.xclbin -f /dev/nvme0n1p1
13:46:22 INFO  : Build configuration of 'smartssd_system_hw_link' is updated to 'Hardware'
13:46:22 INFO  : Build configuration of 'smartssd_kernels' is updated to 'Hardware'
13:46:22 INFO  : Build configuration of 'smartssd' is updated to 'Hardware'
13:47:19 INFO  : Launching executable: Hardware/smartssd -x ${project_loc:smartssd_system}/Hardware/computePointHLS.xclbin -f /dev/nvme0n1p1
13:51:46 INFO  : Launching executable: Hardware/smartssd -x ${project_loc:smartssd_system}/Hardware/computePointHLS.xclbin -f /dev/nvme0n1p1
13:52:03 INFO  : Launching executable: Hardware/smartssd -x ${project_loc:smartssd_system}/Hardware/computePointHLS.xclbin -f /dev/nvme0n1p1
13:52:45 INFO  : Launching executable: Hardware/smartssd -x ${project_loc:smartssd_system}/Hardware/computePointHLS.xclbin -f /dev/nvme0n1p1
13:52:53 INFO  : Launching executable: Hardware/smartssd -x ${project_loc:smartssd_system}/Hardware/computePointHLS.xclbin -f /dev/nvme0n1p1
13:53:05 INFO  : Launching executable: Hardware/smartssd -x ${project_loc:smartssd_system}/Hardware/computePointHLS.xclbin -f /dev/nvme0n1p1
13:53:11 INFO  : Launching executable: Hardware/smartssd -x ${project_loc:smartssd_system}/Hardware/computePointHLS.xclbin -f /dev/nvme0n1p1
18:30:36 INFO  : Build configuration of 'smartssd_system_hw_link' is updated to 'Emulation-SW'
18:30:36 INFO  : Build configuration of 'smartssd_kernels' is updated to 'Emulation-SW'
18:30:36 INFO  : Build configuration of 'smartssd' is updated to 'Emulation-SW'
18:31:43 INFO  : Launching executable: Emulation-SW/smartssd -x ${project_loc:smartssd_system}/Emulation-SW/computePointHLS.xclbin -f /dev/nvme0n1p1
18:33:24 INFO  : Launching executable: Emulation-SW/smartssd -x ${project_loc:smartssd_system}/Emulation-SW/computePointHLS.xclbin -f /dev/nvme0n1p1
18:33:59 INFO  : Launching executable: Emulation-SW/smartssd -x ${project_loc:smartssd_system}/Emulation-SW/computePointHLS.xclbin -f /dev/nvme0n1p1
18:34:16 INFO  : Launching executable: Emulation-SW/smartssd -x ${project_loc:smartssd_system}/Emulation-SW/computePointHLS.xclbin -f /dev/nvme0n1p1
18:35:03 INFO  : Launching executable: Emulation-SW/smartssd -x ${project_loc:smartssd_system}/Emulation-SW/computePointHLS.xclbin -f /dev/nvme0n1p1
18:38:59 INFO  : Launching executable: Emulation-SW/smartssd -x ${project_loc:smartssd_system}/Emulation-SW/computePointHLS.xclbin -f /dev/nvme0n1p1
18:45:31 INFO  : Launching executable: Emulation-SW/smartssd -x ${project_loc:smartssd_system}/Emulation-SW/computePointHLS.xclbin -f /dev/nvme0n1p1
18:46:01 INFO  : Launching executable: Emulation-SW/smartssd -x ${project_loc:smartssd_system}/Emulation-SW/computePointHLS.xclbin -f /dev/nvme0n1p1
18:46:31 INFO  : Launching executable: Emulation-SW/smartssd -x ${project_loc:smartssd_system}/Emulation-SW/computePointHLS.xclbin -f /dev/nvme0n1p1
18:47:03 INFO  : Launching executable: Emulation-SW/smartssd -x ${project_loc:smartssd_system}/Emulation-SW/computePointHLS.xclbin -f /dev/nvme0n1p1
18:47:53 INFO  : Launching executable: Emulation-SW/smartssd -x ${project_loc:smartssd_system}/Emulation-SW/computePointHLS.xclbin -f /dev/nvme0n1p1
18:48:51 INFO  : Launching executable: Emulation-SW/smartssd -x ${project_loc:smartssd_system}/Emulation-SW/computePointHLS.xclbin -f /dev/nvme0n1p1
18:50:07 INFO  : Launching executable: Emulation-SW/smartssd -x ${project_loc:smartssd_system}/Emulation-SW/computePointHLS.xclbin -f /dev/nvme0n1p1
18:51:02 INFO  : Launching executable: Emulation-SW/smartssd -x ${project_loc:smartssd_system}/Emulation-SW/computePointHLS.xclbin -f /dev/nvme0n1p1
18:51:07 INFO  : Launching executable: Emulation-SW/smartssd -x ${project_loc:smartssd_system}/Emulation-SW/computePointHLS.xclbin -f /dev/nvme0n1p1
18:51:09 INFO  : Launching executable: Emulation-SW/smartssd -x ${project_loc:smartssd_system}/Emulation-SW/computePointHLS.xclbin -f /dev/nvme0n1p1
18:54:39 INFO  : Build configuration of 'smartssd_system_hw_link' is updated to 'Hardware'
18:54:39 INFO  : Build configuration of 'smartssd_kernels' is updated to 'Hardware'
18:54:39 INFO  : Build configuration of 'smartssd' is updated to 'Hardware'
20:59:52 INFO  : Launching executable: Hardware/smartssd -x ${project_loc:smartssd_system}/Hardware/computePointHLS.xclbin -f /dev/nvme0n1p1
21:01:23 INFO  : Launching executable: Hardware/smartssd -x ${project_loc:smartssd_system}/Hardware/computePointHLS.xclbin -f /dev/nvme0n1p1
21:02:17 INFO  : Launching executable: Hardware/smartssd -x ${project_loc:smartssd_system}/Hardware/computePointHLS.xclbin -f /dev/nvme0n1p1
21:03:22 INFO  : Launching executable: Hardware/smartssd -x ${project_loc:smartssd_system}/Hardware/computePointHLS.xclbin -f /dev/nvme0n1p1
21:04:05 INFO  : Launching executable: Hardware/smartssd -x ${project_loc:smartssd_system}/Hardware/computePointHLS.xclbin -f /dev/nvme0n1p1
21:06:31 INFO  : Launching executable: Hardware/smartssd -x ${project_loc:smartssd_system}/Hardware/computePointHLS.xclbin -f /dev/nvme0n1p1
21:07:21 INFO  : Launching executable: Hardware/smartssd -x ${project_loc:smartssd_system}/Hardware/computePointHLS.xclbin -f /dev/nvme0n1p1
21:08:07 INFO  : Launching executable: Hardware/smartssd -x ${project_loc:smartssd_system}/Hardware/computePointHLS.xclbin -f /dev/nvme0n1p1
21:08:45 INFO  : Launching executable: Hardware/smartssd -x ${project_loc:smartssd_system}/Hardware/computePointHLS.xclbin -f /dev/nvme0n1p1
21:09:22 INFO  : Launching executable: Hardware/smartssd -x ${project_loc:smartssd_system}/Hardware/computePointHLS.xclbin -f /dev/nvme0n1p1
23:39:20 INFO  : Build configuration of 'smartssd_system_hw_link' is updated to 'Emulation-SW'
23:39:20 INFO  : Build configuration of 'smartssd_kernels' is updated to 'Emulation-SW'
23:39:20 INFO  : Build configuration of 'smartssd' is updated to 'Emulation-SW'
23:41:15 INFO  : Launching executable: Emulation-SW/smartssd -x ${project_loc:smartssd_system}/Emulation-SW/computePointHLS.xclbin -f /dev/nvme0n1p1
23:41:35 INFO  : Launching executable: Emulation-SW/smartssd -x ${project_loc:smartssd_system}/Emulation-SW/computePointHLS.xclbin -f /dev/nvme0n1p1
23:41:38 INFO  : Launching executable: Emulation-SW/smartssd -x ${project_loc:smartssd_system}/Emulation-SW/computePointHLS.xclbin -f /dev/nvme0n1p1
23:43:01 INFO  : Launching executable: Emulation-SW/smartssd -x ${project_loc:smartssd_system}/Emulation-SW/computePointHLS.xclbin -f /dev/nvme0n1p1
23:47:17 INFO  : Launching executable: Emulation-SW/smartssd -x ${project_loc:smartssd_system}/Emulation-SW/computePointHLS.xclbin -f /dev/nvme0n1p1
23:47:34 INFO  : Launching executable: Emulation-SW/smartssd -x ${project_loc:smartssd_system}/Emulation-SW/computePointHLS.xclbin -f /dev/nvme0n1p1
23:47:44 INFO  : Build configuration of 'smartssd_system_hw_link' is updated to 'Hardware'
23:47:44 INFO  : Build configuration of 'smartssd_kernels' is updated to 'Hardware'
23:47:44 INFO  : Build configuration of 'smartssd' is updated to 'Hardware'
09:03:01 INFO  : Launching executable: Hardware/smartssd -x ${project_loc:smartssd_system}/Hardware/computePointHLS.xclbin -f /dev/nvme0n1p1
09:03:35 INFO  : Launching executable: Hardware/smartssd -x ${project_loc:smartssd_system}/Hardware/computePointHLS.xclbin -f /dev/nvme0n1p1
09:03:43 INFO  : Launching executable: Hardware/smartssd -x ${project_loc:smartssd_system}/Hardware/computePointHLS.xclbin -f /dev/nvme0n1p1
09:03:46 INFO  : Launching executable: Hardware/smartssd -x ${project_loc:smartssd_system}/Hardware/computePointHLS.xclbin -f /dev/nvme0n1p1
09:03:48 INFO  : Launching executable: Hardware/smartssd -x ${project_loc:smartssd_system}/Hardware/computePointHLS.xclbin -f /dev/nvme0n1p1
09:04:59 INFO  : Launching executable: Hardware/smartssd -x ${project_loc:smartssd_system}/Hardware/computePointHLS.xclbin -f /dev/nvme0n1p1
09:07:19 INFO  : Launching executable: Hardware/smartssd -x ${project_loc:smartssd_system}/Hardware/computePointHLS.xclbin -f /dev/nvme0n1p1
09:08:16 INFO  : Launching executable: Hardware/smartssd -x ${project_loc:smartssd_system}/Hardware/computePointHLS.xclbin -f /dev/nvme0n1p1
09:09:25 INFO  : Launching executable: Hardware/smartssd -x ${project_loc:smartssd_system}/Hardware/computePointHLS.xclbin -f /dev/nvme0n1p1
09:10:18 INFO  : Launching executable: Hardware/smartssd -x ${project_loc:smartssd_system}/Hardware/computePointHLS.xclbin -f /dev/nvme0n1p1
09:13:24 INFO  : Launching executable: Hardware/smartssd -x ${project_loc:smartssd_system}/Hardware/computePointHLS.xclbin -f /dev/nvme0n1p1
09:13:57 INFO  : Launching executable: Hardware/smartssd -x ${project_loc:smartssd_system}/Hardware/computePointHLS.xclbin -f /dev/nvme0n1p1
09:14:04 INFO  : Launching executable: Hardware/smartssd -x ${project_loc:smartssd_system}/Hardware/computePointHLS.xclbin -f /dev/nvme0n1p1
09:14:11 INFO  : Launching executable: Hardware/smartssd -x ${project_loc:smartssd_system}/Hardware/computePointHLS.xclbin -f /dev/nvme0n1p1
09:14:18 INFO  : Launching executable: Hardware/smartssd -x ${project_loc:smartssd_system}/Hardware/computePointHLS.xclbin -f /dev/nvme0n1p1
10:46:01 INFO  : Launching executable: Hardware/smartssd -x ${project_loc:smartssd_system}/Hardware/computePointHLS.xclbin -f /dev/nvme0n1p1
10:46:55 INFO  : Launching executable: Hardware/smartssd -x ${project_loc:smartssd_system}/Hardware/computePointHLS.xclbin -f /dev/nvme0n1p1
10:48:31 INFO  : Launching executable: Hardware/smartssd -x ${project_loc:smartssd_system}/Hardware/computePointHLS.xclbin -f /dev/nvme0n1p1
11:02:37 INFO  : Build configuration of 'smartssd_system_hw_link' is updated to 'Emulation-SW'
11:02:37 INFO  : Build configuration of 'smartssd_kernels' is updated to 'Emulation-SW'
11:02:37 INFO  : Build configuration of 'smartssd' is updated to 'Emulation-SW'
11:05:22 INFO  : Launching executable: Emulation-SW/smartssd -x ${project_loc:smartssd_system}/Emulation-SW/computePointHLS.xclbin -f /dev/nvme0n1p1
11:06:07 INFO  : Launching executable: Emulation-SW/smartssd -x ${project_loc:smartssd_system}/Emulation-SW/computePointHLS.xclbin -f /dev/nvme0n1p1
11:09:30 INFO  : Launching executable: Emulation-SW/smartssd -x ${project_loc:smartssd_system}/Emulation-SW/computePointHLS.xclbin -f /dev/nvme0n1p1
11:13:16 INFO  : Launching executable: Emulation-SW/smartssd -x ${project_loc:smartssd_system}/Emulation-SW/computePointHLS.xclbin -f /dev/nvme0n1p1
11:19:00 INFO  : Launching executable: Emulation-SW/smartssd -x ${project_loc:smartssd_system}/Emulation-SW/computePointHLS.xclbin -f /dev/nvme0n1p1
11:19:03 INFO  : Launching executable: Emulation-SW/smartssd -x ${project_loc:smartssd_system}/Emulation-SW/computePointHLS.xclbin -f /dev/nvme0n1p1
11:24:33 INFO  : Launching executable: Emulation-SW/smartssd -x ${project_loc:smartssd_system}/Emulation-SW/computePointHLS.xclbin -f /dev/nvme0n1p1
11:26:24 INFO  : Launching executable: Emulation-SW/smartssd -x ${project_loc:smartssd_system}/Emulation-SW/computePointHLS.xclbin -f /dev/nvme0n1p1
11:30:36 INFO  : Launching executable: Emulation-SW/smartssd -x ${project_loc:smartssd_system}/Emulation-SW/computePointHLS.xclbin -f /dev/nvme0n1p1
11:31:15 INFO  : Launching executable: Emulation-SW/smartssd -x ${project_loc:smartssd_system}/Emulation-SW/computePointHLS.xclbin -f /dev/nvme0n1p1
11:32:06 INFO  : Launching executable: Emulation-SW/smartssd -x ${project_loc:smartssd_system}/Emulation-SW/computePointHLS.xclbin -f /dev/nvme0n1p1
11:33:12 INFO  : Launching executable: Emulation-SW/smartssd -x ${project_loc:smartssd_system}/Emulation-SW/computePointHLS.xclbin -f /dev/nvme0n1p1
11:34:35 INFO  : Launching executable: Emulation-SW/smartssd -x ${project_loc:smartssd_system}/Emulation-SW/computePointHLS.xclbin -f /dev/nvme0n1p1
11:35:25 INFO  : Launching executable: Emulation-SW/smartssd -x ${project_loc:smartssd_system}/Emulation-SW/computePointHLS.xclbin -f /dev/nvme0n1p1
11:37:10 INFO  : Launching executable: Emulation-SW/smartssd -x ${project_loc:smartssd_system}/Emulation-SW/computePointHLS.xclbin -f /dev/nvme0n1p1
11:38:00 INFO  : Launching executable: Emulation-SW/smartssd -x ${project_loc:smartssd_system}/Emulation-SW/computePointHLS.xclbin -f /dev/nvme0n1p1
11:39:32 INFO  : Launching executable: Emulation-SW/smartssd -x ${project_loc:smartssd_system}/Emulation-SW/computePointHLS.xclbin -f /dev/nvme0n1p1
11:40:58 INFO  : Launching executable: Emulation-SW/smartssd -x ${project_loc:smartssd_system}/Emulation-SW/computePointHLS.xclbin -f /dev/nvme0n1p1
11:41:43 INFO  : Build configuration of 'smartssd_system_hw_link' is updated to 'Hardware'
11:41:43 INFO  : Build configuration of 'smartssd_kernels' is updated to 'Hardware'
11:41:43 INFO  : Build configuration of 'smartssd' is updated to 'Hardware'
12:54:48 INFO  : Launching executable: Hardware/smartssd -x ${project_loc:smartssd_system}/Hardware/computePointHLS.xclbin -f /dev/nvme0n1p1
12:56:05 INFO  : Launching executable: Hardware/smartssd -x ${project_loc:smartssd_system}/Hardware/computePointHLS.xclbin -f /dev/nvme0n1p1
12:56:57 INFO  : Launching executable: Hardware/smartssd -x ${project_loc:smartssd_system}/Hardware/computePointHLS.xclbin -f /dev/nvme0n1p1
12:57:55 INFO  : Launching executable: Hardware/smartssd -x ${project_loc:smartssd_system}/Hardware/computePointHLS.xclbin -f /dev/nvme0n1p1
12:59:13 INFO  : Launching executable: Hardware/smartssd -x ${project_loc:smartssd_system}/Hardware/computePointHLS.xclbin -f /dev/nvme0n1p1
13:00:04 INFO  : Launching executable: Hardware/smartssd -x ${project_loc:smartssd_system}/Hardware/computePointHLS.xclbin -f /dev/nvme0n1p1
13:01:18 INFO  : Launching executable: Hardware/smartssd -x ${project_loc:smartssd_system}/Hardware/computePointHLS.xclbin -f /dev/nvme0n1p1
13:02:32 INFO  : Launching executable: Hardware/smartssd -x ${project_loc:smartssd_system}/Hardware/computePointHLS.xclbin -f /dev/nvme0n1p1
13:09:10 INFO  : Launching executable: Hardware/smartssd -x ${project_loc:smartssd_system}/Hardware/computePointHLS.xclbin -f /dev/nvme0n1p1
13:10:08 INFO  : Launching executable: Hardware/smartssd -x ${project_loc:smartssd_system}/Hardware/computePointHLS.xclbin -f /dev/nvme0n1p1
13:10:46 INFO  : Launching executable: Hardware/smartssd -x ${project_loc:smartssd_system}/Hardware/computePointHLS.xclbin -f /dev/nvme0n1p1
13:13:15 INFO  : Launching executable: Hardware/smartssd -x ${project_loc:smartssd_system}/Hardware/computePointHLS.xclbin -f /dev/nvme0n1p1
13:15:40 INFO  : Launching executable: Hardware/smartssd -x ${project_loc:smartssd_system}/Hardware/computePointHLS.xclbin -f /dev/nvme0n1p1
13:20:10 INFO  : Launching executable: Hardware/smartssd -x ${project_loc:smartssd_system}/Hardware/computePointHLS.xclbin -f /dev/nvme0n1p1
13:22:52 INFO  : Launching executable: Hardware/smartssd -x ${project_loc:smartssd_system}/Hardware/computePointHLS.xclbin -f /dev/nvme0n1p1
13:27:45 INFO  : Launching executable: Hardware/smartssd -x ${project_loc:smartssd_system}/Hardware/computePointHLS.xclbin -f /dev/nvme0n1p1
13:30:50 INFO  : Launching executable: Hardware/smartssd -x ${project_loc:smartssd_system}/Hardware/computePointHLS.xclbin -f /dev/nvme0n1p1
13:32:33 INFO  : Launching executable: Hardware/smartssd -x ${project_loc:smartssd_system}/Hardware/computePointHLS.xclbin -f /dev/nvme0n1p1
13:33:15 INFO  : Launching executable: Hardware/smartssd -x ${project_loc:smartssd_system}/Hardware/computePointHLS.xclbin -f /dev/nvme0n1p1
13:33:55 INFO  : Launching executable: Hardware/smartssd -x ${project_loc:smartssd_system}/Hardware/computePointHLS.xclbin -f /dev/nvme0n1p1
13:34:29 INFO  : Launching executable: Hardware/smartssd -x ${project_loc:smartssd_system}/Hardware/computePointHLS.xclbin -f /dev/nvme0n1p1
15:12:19 INFO  : Launching executable: Hardware/smartssd -x ${project_loc:smartssd_system}/Hardware/computePointHLS.xclbin -f /dev/nvme0n1p1
15:29:11 INFO  : Launching executable: Hardware/smartssd -x ${project_loc:smartssd_system}/Hardware/computePointHLS.xclbin -f /dev/nvme0n1p1
15:30:57 INFO  : Launching executable: Hardware/smartssd -x ${project_loc:smartssd_system}/Hardware/computePointHLS.xclbin -f /dev/nvme0n1p1
15:33:18 INFO  : Launching executable: Hardware/smartssd -x ${project_loc:smartssd_system}/Hardware/computePointHLS.xclbin -f /dev/nvme0n1p1
15:38:33 DEBUG : Logs will be stored at '/home/Jake/Desktop/cpre563/workspace/IDE.log'.
15:38:34 INFO  : Launching XSCT server: xsct -n  -interactive /home/Jake/Desktop/cpre563/workspace/temp_xsdb_launch_script.tcl
15:38:36 INFO  : Registering command handlers for Vitis TCF services
15:38:36 INFO  : XSCT server has started successfully.
15:38:36 INFO  : plnx-install-location is set to ''
15:38:36 INFO  : Platform repository initialization has completed.
15:38:36 INFO  : Successfully done setting XSCT server connection channel  
15:38:36 INFO  : Successfully done query RDI_DATADIR 
15:38:36 INFO  : Successfully done setting workspace for the tool. 
15:39:15 INFO  : Launching executable: Hardware/smartssd -x ${project_loc:smartssd_system}/Hardware/computePointHLS.xclbin -f /dev/nvme0n1p1
15:39:44 INFO  : Launching executable: Hardware/smartssd -x ${project_loc:smartssd_system}/Hardware/computePointHLS.xclbin -f /dev/nvme0n1p1
15:40:22 INFO  : Launching executable: Hardware/smartssd -x ${project_loc:smartssd_system}/Hardware/computePointHLS.xclbin -f /dev/nvme0n1p1
15:40:55 INFO  : Launching executable: Hardware/smartssd -x ${project_loc:smartssd_system}/Hardware/computePointHLS.xclbin -f /dev/nvme0n1p1
15:42:21 INFO  : Launching executable: Hardware/smartssd -x ${project_loc:smartssd_system}/Hardware/computePointHLS.xclbin -f /dev/nvme0n1p1
15:48:21 INFO  : Launching executable: Hardware/smartssd -x ${project_loc:smartssd_system}/Hardware/computePointHLS.xclbin -f /dev/nvme0n1p1
15:50:04 INFO  : Launching executable: Hardware/smartssd -x ${project_loc:smartssd_system}/Hardware/computePointHLS.xclbin -f /dev/nvme0n1p1
15:51:17 INFO  : Launching executable: Hardware/smartssd -x ${project_loc:smartssd_system}/Hardware/computePointHLS.xclbin -f /dev/nvme0n1p1
15:51:36 INFO  : Launching executable: Hardware/smartssd -x ${project_loc:smartssd_system}/Hardware/computePointHLS.xclbin -f /dev/nvme0n1p1
15:51:40 INFO  : Launching executable: Hardware/smartssd -x ${project_loc:smartssd_system}/Hardware/computePointHLS.xclbin -f /dev/nvme0n1p1
16:01:23 INFO  : Build configuration of 'smartssd_system_hw_link' is updated to 'Emulation-SW'
16:01:23 INFO  : Build configuration of 'smartssd_kernels' is updated to 'Emulation-SW'
16:01:23 INFO  : Build configuration of 'smartssd' is updated to 'Emulation-SW'
16:03:01 INFO  : Launching executable: Emulation-SW/smartssd -x ${project_loc:smartssd_system}/Emulation-SW/computePointHLS.xclbin -f /dev/nvme0n1p1
16:03:44 INFO  : Build configuration of 'smartssd_system_hw_link' is updated to 'Hardware'
16:03:44 INFO  : Build configuration of 'smartssd_kernels' is updated to 'Hardware'
16:03:44 INFO  : Build configuration of 'smartssd' is updated to 'Hardware'
17:25:17 INFO  : Launching executable: Hardware/smartssd -x ${project_loc:smartssd_system}/Hardware/computePointHLS.xclbin -f /dev/nvme0n1p1
17:27:33 INFO  : Launching executable: Hardware/smartssd -x ${project_loc:smartssd_system}/Hardware/computePointHLS.xclbin -f /dev/nvme0n1p1
17:32:13 INFO  : Launching executable: Hardware/smartssd -x ${project_loc:smartssd_system}/Hardware/computePointHLS.xclbin -f /dev/nvme0n1p1
17:32:52 INFO  : Launching executable: Hardware/smartssd -x ${project_loc:smartssd_system}/Hardware/computePointHLS.xclbin -f /dev/nvme0n1p1
17:39:40 INFO  : Launching executable: Hardware/smartssd -x ${project_loc:smartssd_system}/Hardware/computePointHLS.xclbin -f /dev/nvme0n1p1
17:41:12 INFO  : Launching executable: Hardware/smartssd -x ${project_loc:smartssd_system}/Hardware/computePointHLS.xclbin -f /dev/nvme0n1p1
17:41:39 INFO  : Launching executable: Hardware/smartssd -x ${project_loc:smartssd_system}/Hardware/computePointHLS.xclbin -f /dev/nvme0n1p1
17:42:11 INFO  : Launching executable: Hardware/smartssd -x ${project_loc:smartssd_system}/Hardware/computePointHLS.xclbin -f /dev/nvme0n1p1
17:42:33 INFO  : Launching executable: Hardware/smartssd -x ${project_loc:smartssd_system}/Hardware/computePointHLS.xclbin -f /dev/nvme0n1p1
17:46:56 INFO  : Build configuration of 'smartssd_system_hw_link' is updated to 'Emulation-SW'
17:46:56 INFO  : Build configuration of 'smartssd_kernels' is updated to 'Emulation-SW'
17:46:56 INFO  : Build configuration of 'smartssd' is updated to 'Emulation-SW'
17:48:06 INFO  : Launching executable: Emulation-SW/smartssd -x ${project_loc:smartssd_system}/Emulation-SW/computePointHLS.xclbin -f /dev/nvme0n1p1
17:48:58 INFO  : Launching executable: Emulation-SW/smartssd -x ${project_loc:smartssd_system}/Emulation-SW/computePointHLS.xclbin -f /dev/nvme0n1p1
17:49:14 INFO  : Build configuration of 'smartssd_system_hw_link' is updated to 'Hardware'
17:49:14 INFO  : Build configuration of 'smartssd_kernels' is updated to 'Hardware'
17:49:14 INFO  : Build configuration of 'smartssd' is updated to 'Hardware'
19:16:16 INFO  : Launching executable: Hardware/smartssd -x ${project_loc:smartssd_system}/Hardware/computePointHLS.xclbin -f /dev/nvme0n1p1
19:17:59 INFO  : Launching executable: Hardware/smartssd -x ${project_loc:smartssd_system}/Hardware/computePointHLS.xclbin -f /dev/nvme0n1p1
19:20:23 INFO  : Launching executable: Hardware/smartssd -x ${project_loc:smartssd_system}/Hardware/computePointHLS.xclbin -f /dev/nvme0n1p1
19:21:36 INFO  : Launching executable: Hardware/smartssd -x ${project_loc:smartssd_system}/Hardware/computePointHLS.xclbin -f /dev/nvme0n1p1
19:22:33 INFO  : Launching executable: Hardware/smartssd -x ${project_loc:smartssd_system}/Hardware/computePointHLS.xclbin -f /dev/nvme0n1p1
19:22:56 INFO  : Launching executable: Hardware/smartssd -x ${project_loc:smartssd_system}/Hardware/computePointHLS.xclbin -f /dev/nvme0n1p1
19:26:07 INFO  : Build configuration of 'smartssd_system_hw_link' is updated to 'Emulation-SW'
19:26:07 INFO  : Build configuration of 'smartssd_kernels' is updated to 'Emulation-SW'
19:26:07 INFO  : Build configuration of 'smartssd' is updated to 'Emulation-SW'
19:27:29 INFO  : Launching executable: Emulation-SW/smartssd -x ${project_loc:smartssd_system}/Emulation-SW/computePointHLS.xclbin -f /dev/nvme0n1p1
19:27:57 INFO  : Launching executable: Emulation-SW/smartssd -x ${project_loc:smartssd_system}/Emulation-SW/computePointHLS.xclbin -f /dev/nvme0n1p1
19:36:41 INFO  : Launching executable: Emulation-SW/smartssd -x ${project_loc:smartssd_system}/Emulation-SW/computePointHLS.xclbin -f /dev/nvme0n1p1
19:38:53 INFO  : Launching executable: Emulation-SW/smartssd -x ${project_loc:smartssd_system}/Emulation-SW/computePointHLS.xclbin -f /dev/nvme0n1p1
19:41:31 INFO  : Launching executable: Emulation-SW/smartssd -x ${project_loc:smartssd_system}/Emulation-SW/computePointHLS.xclbin -f /dev/nvme0n1p1
19:45:33 INFO  : Launching executable: Emulation-SW/smartssd -x ${project_loc:smartssd_system}/Emulation-SW/computePointHLS.xclbin -f /dev/nvme0n1p1
19:47:54 INFO  : Launching executable: Emulation-SW/smartssd -x ${project_loc:smartssd_system}/Emulation-SW/computePointHLS.xclbin -f /dev/nvme0n1p1
19:49:35 INFO  : Launching executable: Emulation-SW/smartssd -x ${project_loc:smartssd_system}/Emulation-SW/computePointHLS.xclbin -f /dev/nvme0n1p1
19:51:01 INFO  : Launching executable: Emulation-SW/smartssd -x ${project_loc:smartssd_system}/Emulation-SW/computePointHLS.xclbin -f /dev/nvme0n1p1
19:51:47 INFO  : Launching executable: Emulation-SW/smartssd -x ${project_loc:smartssd_system}/Emulation-SW/computePointHLS.xclbin -f /dev/nvme0n1p1
19:53:39 INFO  : Launching executable: Emulation-SW/smartssd -x ${project_loc:smartssd_system}/Emulation-SW/computePointHLS.xclbin -f /dev/nvme0n1p1
19:55:50 INFO  : Launching executable: Emulation-SW/smartssd -x ${project_loc:smartssd_system}/Emulation-SW/computePointHLS.xclbin -f /dev/nvme0n1p1
19:57:31 INFO  : Launching executable: Emulation-SW/smartssd -x ${project_loc:smartssd_system}/Emulation-SW/computePointHLS.xclbin -f /dev/nvme0n1p1
20:00:47 INFO  : Launching executable: Emulation-SW/smartssd -x ${project_loc:smartssd_system}/Emulation-SW/computePointHLS.xclbin -f /dev/nvme0n1p1
20:02:53 INFO  : Launching executable: Emulation-SW/smartssd -x ${project_loc:smartssd_system}/Emulation-SW/computePointHLS.xclbin -f /dev/nvme0n1p1
20:03:04 INFO  : Build configuration of 'smartssd_system_hw_link' is updated to 'Hardware'
20:03:04 INFO  : Build configuration of 'smartssd_kernels' is updated to 'Hardware'
20:03:04 INFO  : Build configuration of 'smartssd' is updated to 'Hardware'
20:04:44 INFO  : Build configuration of 'smartssd_system_hw_link' is updated to 'Emulation-SW'
20:04:44 INFO  : Build configuration of 'smartssd_kernels' is updated to 'Emulation-SW'
20:04:44 INFO  : Build configuration of 'smartssd' is updated to 'Emulation-SW'
20:05:52 INFO  : Launching executable: Emulation-SW/smartssd -x ${project_loc:smartssd_system}/Emulation-SW/computePointHLS.xclbin -f /dev/nvme0n1p1
20:06:13 INFO  : Launching executable: Emulation-SW/smartssd -x ${project_loc:smartssd_system}/Emulation-SW/computePointHLS.xclbin -f /dev/nvme0n1p1
20:06:19 INFO  : Launching executable: Emulation-SW/smartssd -x ${project_loc:smartssd_system}/Emulation-SW/computePointHLS.xclbin -f /dev/nvme0n1p1
20:06:26 INFO  : Build configuration of 'smartssd_system_hw_link' is updated to 'Hardware'
20:06:27 INFO  : Build configuration of 'smartssd_kernels' is updated to 'Hardware'
20:06:27 INFO  : Build configuration of 'smartssd' is updated to 'Hardware'
21:29:26 INFO  : Launching executable: Hardware/smartssd -x ${project_loc:smartssd_system}/Hardware/computePointHLS.xclbin -f /dev/nvme0n1p1
21:34:51 INFO  : Launching executable: Hardware/smartssd -x ${project_loc:smartssd_system}/Hardware/computePointHLS.xclbin -f /dev/nvme0n1p1
21:35:22 INFO  : Launching executable: Hardware/smartssd -x ${project_loc:smartssd_system}/Hardware/computePointHLS.xclbin -f /dev/nvme0n1p1
21:36:51 INFO  : Launching executable: Hardware/smartssd -x ${project_loc:smartssd_system}/Hardware/computePointHLS.xclbin -f /dev/nvme0n1p1
21:37:24 INFO  : Launching executable: Hardware/smartssd -x ${project_loc:smartssd_system}/Hardware/computePointHLS.xclbin -f /dev/nvme0n1p1
21:41:15 INFO  : Launching executable: Hardware/smartssd -x ${project_loc:smartssd_system}/Hardware/computePointHLS.xclbin -f /dev/nvme0n1p1
21:44:02 INFO  : Launching executable: Hardware/smartssd -x ${project_loc:smartssd_system}/Hardware/computePointHLS.xclbin -f /dev/nvme0n1p1
21:47:02 INFO  : Launching executable: Hardware/smartssd -x ${project_loc:smartssd_system}/Hardware/computePointHLS.xclbin -f /dev/nvme0n1p1
21:48:07 INFO  : Build configuration of 'smartssd_system_hw_link' is updated to 'Emulation-SW'
21:48:07 INFO  : Build configuration of 'smartssd_kernels' is updated to 'Emulation-SW'
21:48:07 INFO  : Build configuration of 'smartssd' is updated to 'Emulation-SW'
21:50:08 INFO  : Launching executable: Emulation-SW/smartssd -x ${project_loc:smartssd_system}/Emulation-SW/computePointHLS.xclbin -f /dev/nvme0n1p1
21:50:22 INFO  : Launching executable: Emulation-SW/smartssd -x ${project_loc:smartssd_system}/Emulation-SW/computePointHLS.xclbin -f /dev/nvme0n1p1
21:50:31 INFO  : Build configuration of 'smartssd_system_hw_link' is updated to 'Hardware'
21:50:31 INFO  : Build configuration of 'smartssd_kernels' is updated to 'Hardware'
21:50:31 INFO  : Build configuration of 'smartssd' is updated to 'Hardware'
23:41:39 INFO  : Launching executable: Hardware/smartssd -x ${project_loc:smartssd_system}/Hardware/computePointHLS.xclbin -f /dev/nvme0n1p1
23:42:06 INFO  : Launching executable: Hardware/smartssd -x ${project_loc:smartssd_system}/Hardware/computePointHLS.xclbin -f /dev/nvme0n1p1
09:42:20 DEBUG : Logs will be stored at '/home/Jake/Desktop/cpre563/workspace/IDE.log'.
09:42:21 INFO  : Launching XSCT server: xsct -n  -interactive /home/Jake/Desktop/cpre563/workspace/temp_xsdb_launch_script.tcl
09:42:23 INFO  : Registering command handlers for Vitis TCF services
09:42:23 INFO  : XSCT server has started successfully.
09:42:23 INFO  : plnx-install-location is set to ''
09:42:23 INFO  : Successfully done setting XSCT server connection channel  
09:42:23 INFO  : Successfully done query RDI_DATADIR 
09:42:23 INFO  : Successfully done setting workspace for the tool. 
09:42:23 INFO  : Platform repository initialization has completed.
09:50:48 INFO  : Launching executable: Hardware/smartssd -x ${project_loc:smartssd_system}/Hardware/computePointHLS.xclbin -f /dev/nvme0n1p1
